<?xml version="1.0" encoding="utf-8"?><testsuites name="pytest tests"><testsuite name="pytest" errors="0" failures="0" skipped="0" tests="8" time="51.235" timestamp="2026-04-04T11:50:43.045166+00:00" hostname="agent-env-e0730eb7-40df-4751-bb6e-2fb26bfd553d"><testcase classname="backend.tests.test_ai_venue_card_draft.TestAIDraftEndpointAccess" name="test_admin_can_generate_ai_draft" time="8.005" /><testcase classname="backend.tests.test_ai_venue_card_draft.TestAIDraftEndpointAccess" name="test_customer_cannot_generate_ai_draft" time="0.455" /><testcase classname="backend.tests.test_ai_venue_card_draft.TestAIDraftEndpointAccess" name="test_unauthenticated_cannot_generate_ai_draft" time="0.101" /><testcase classname="backend.tests.test_ai_venue_card_draft.TestAIDraftResponseStructure" name="test_full_data_acquisition_draft_structure" time="11.840" /><testcase classname="backend.tests.test_ai_venue_card_draft.TestAIDraftResponseStructure" name="test_sparse_data_acquisition_shows_missing_inputs" time="7.704" /><testcase classname="backend.tests.test_ai_venue_card_draft.TestAIDraftCaching" name="test_draft_persists_on_get_acquisition" time="7.880" /><testcase classname="backend.tests.test_ai_venue_card_draft.TestAIDraftCaching" name="test_regenerate_updates_cached_draft" time="15.058" /><testcase classname="backend.tests.test_ai_venue_card_draft.TestAIDraftEdgeCases" name="test_nonexistent_acquisition_returns_404" time="0.122" /></testsuite></testsuites>