<?xml version="1.0" encoding="utf-8"?><testsuites name="pytest tests"><testsuite name="pytest" errors="0" failures="0" skipped="0" tests="9" time="1.988" timestamp="2026-03-29T04:54:33.866637+00:00" hostname="agent-env-e0730eb7-40df-4751-bb6e-2fb26bfd553d"><testcase classname="backend.tests.test_apple_auth_infrastructure.TestAppleAuthInfrastructure" name="test_apple_config_returns_disabled" time="0.246" /><testcase classname="backend.tests.test_apple_auth_infrastructure.TestAppleAuthInfrastructure" name="test_apple_auth_url_returns_503_when_not_configured" time="0.121" /><testcase classname="backend.tests.test_apple_auth_infrastructure.TestAppleAuthInfrastructure" name="test_apple_callback_returns_503_when_not_configured" time="0.136" /><testcase classname="backend.tests.test_apple_auth_infrastructure.TestGoogleAuthInfrastructure" name="test_google_config_returns_disabled" time="0.140" /><testcase classname="backend.tests.test_apple_auth_infrastructure.TestGoogleAuthInfrastructure" name="test_google_auth_url_returns_503_when_not_configured" time="0.118" /><testcase classname="backend.tests.test_apple_auth_infrastructure.TestEmailOTPAuth" name="test_email_otp_send_works" time="0.414" /><testcase classname="backend.tests.test_apple_auth_infrastructure.TestPasswordAuth" name="test_password_login_works" time="0.321" /><testcase classname="backend.tests.test_apple_auth_infrastructure.TestPasswordAuth" name="test_password_login_fails_with_wrong_password" time="0.338" /><testcase classname="backend.tests.test_apple_auth_infrastructure.TestHealthCheck" name="test_health_endpoint" time="0.096" /></testsuite></testsuites>