<?xml version="1.0" encoding="utf-8"?><testsuites name="pytest tests"><testsuite name="pytest" errors="0" failures="0" skipped="0" tests="11" time="3.076" timestamp="2026-03-29T07:25:06.952538+00:00" hostname="agent-env-e0730eb7-40df-4751-bb6e-2fb26bfd553d"><testcase classname="backend.tests.test_auth_hardening_iteration131.TestAuthConfig" name="test_google_config_returns_disabled" time="0.296" /><testcase classname="backend.tests.test_auth_hardening_iteration131.TestAuthConfig" name="test_apple_config_returns_disabled" time="0.134" /><testcase classname="backend.tests.test_auth_hardening_iteration131.TestEmailOTPFlow" name="test_email_otp_send_success" time="0.461" /><testcase classname="backend.tests.test_auth_hardening_iteration131.TestPasswordLogin" name="test_password_login_success" time="0.329" /><testcase classname="backend.tests.test_auth_hardening_iteration131.TestPasswordLogin" name="test_password_login_invalid_credentials" time="0.109" /><testcase classname="backend.tests.test_auth_hardening_iteration131.TestAuthMe" name="test_auth_me_with_valid_token" time="0.454" /><testcase classname="backend.tests.test_auth_hardening_iteration131.TestAuthMe" name="test_auth_me_with_invalid_token" time="0.099" /><testcase classname="backend.tests.test_auth_hardening_iteration131.TestAuthMe" name="test_auth_me_without_token" time="0.095" /><testcase classname="backend.tests.test_auth_hardening_iteration131.TestMyEnquiries" name="test_my_enquiries_returns_leads" time="0.457" /><testcase classname="backend.tests.test_auth_hardening_iteration131.TestMyEnquiries" name="test_my_enquiries_requires_auth" time="0.098" /><testcase classname="backend.tests.test_auth_hardening_iteration131.TestLogout" name="test_logout_endpoint" time="0.465" /></testsuite></testsuites>