<?xml version="1.0" encoding="utf-8"?><testsuites name="pytest tests"><testsuite name="pytest" errors="0" failures="0" skipped="0" tests="10" time="3.594" timestamp="2026-03-29T02:30:08.408133+00:00" hostname="agent-env-e0730eb7-40df-4751-bb6e-2fb26bfd553d"><testcase classname="backend.tests.test_auth_page_google_oauth.TestEmailOTPAuth" name="test_send_email_otp_success" time="0.377" /><testcase classname="backend.tests.test_auth_page_google_oauth.TestEmailOTPAuth" name="test_send_email_otp_invalid_email" time="0.148" /><testcase classname="backend.tests.test_auth_page_google_oauth.TestGoogleOAuthConfig" name="test_google_config_returns_disabled" time="0.137" /><testcase classname="backend.tests.test_auth_page_google_oauth.TestGoogleOAuthConfig" name="test_google_auth_url_returns_503" time="0.161" /><testcase classname="backend.tests.test_auth_page_google_oauth.TestPasswordLogin" name="test_password_login_success" time="0.390" /><testcase classname="backend.tests.test_auth_page_google_oauth.TestPasswordLogin" name="test_password_login_invalid_credentials" time="0.336" /><testcase classname="backend.tests.test_auth_page_google_oauth.TestMyEnquiriesWithLastActivity" name="test_my_enquiries_returns_last_activity" time="0.455" /><testcase classname="backend.tests.test_auth_page_google_oauth.TestMyEnquiriesWithLastActivity" name="test_my_enquiries_activity_endpoint" time="0.567" /><testcase classname="backend.tests.test_auth_page_google_oauth.TestMyEnquiriesWithLastActivity" name="test_my_enquiries_activity_not_found" time="0.439" /><testcase classname="backend.tests.test_auth_page_google_oauth.TestNotificationsForBadge" name="test_notifications_unread_count" time="0.526" /></testsuite></testsuites>