<?xml version="1.0" encoding="utf-8"?><testsuites name="pytest tests"><testsuite name="pytest" errors="0" failures="0" skipped="0" tests="10" time="3.087" timestamp="2026-03-11T17:20:17.356299+00:00" hostname="agent-env-9d21b882-39d8-49a5-ab06-803b5d9dbce4"><testcase classname="backend.tests.test_auth_phase1.TestAuthLoginFlows" name="test_admin_login" time="0.408" /><testcase classname="backend.tests.test_auth_phase1.TestAuthLoginFlows" name="test_rm_login" time="0.365" /><testcase classname="backend.tests.test_auth_phase1.TestAuthLoginFlows" name="test_customer_login" time="0.359" /><testcase classname="backend.tests.test_auth_phase1.TestAuthLoginFlows" name="test_venue_owner_login" time="0.338" /><testcase classname="backend.tests.test_auth_phase1.TestAuthLoginFlows" name="test_invalid_login" time="0.133" /><testcase classname="backend.tests.test_auth_phase1.TestVenueEndpoints" name="test_venues_endpoint" time="0.136" /><testcase classname="backend.tests.test_auth_phase1.TestVenueEndpoints" name="test_venues_search_with_city" time="0.127" /><testcase classname="backend.tests.test_auth_phase1.TestVenueEndpoints" name="test_cities_endpoint" time="0.156" /><testcase classname="backend.tests.test_auth_phase1.TestAuthenticatedEndpoints" name="test_admin_stats_endpoint" time="0.475" /><testcase classname="backend.tests.test_auth_phase1.TestAuthenticatedEndpoints" name="test_rm_leads_endpoint" time="0.527" /></testsuite></testsuites>