<?xml version="1.0" encoding="utf-8"?><testsuites name="pytest tests"><testsuite name="pytest" errors="0" failures="0" skipped="0" tests="30" time="4.439" timestamp="2026-02-28T16:48:55.477185+00:00" hostname="agent-env-1add8c2f-f39a-4e6f-8c6c-026aff6160d9"><testcase classname="backend.tests.test_availability_holds_regression.TestHealthCheck" name="test_api_health" time="0.186" /><testcase classname="backend.tests.test_availability_holds_regression.TestAuthRoutes" name="test_login_rm_success" time="0.312" /><testcase classname="backend.tests.test_availability_holds_regression.TestAuthRoutes" name="test_login_admin_success" time="0.300" /><testcase classname="backend.tests.test_availability_holds_regression.TestAuthRoutes" name="test_login_venue_owner_success" time="0.295" /><testcase classname="backend.tests.test_availability_holds_regression.TestAuthRoutes" name="test_get_me_authenticated" time="0.343" /><testcase classname="backend.tests.test_availability_holds_regression.TestVenueRoutes" name="test_search_venues" time="0.060" /><testcase classname="backend.tests.test_availability_holds_regression.TestVenueRoutes" name="test_get_venue_details" time="0.114" /><testcase classname="backend.tests.test_availability_holds_regression.TestAvailabilityRoutes" name="test_get_venue_availability" time="0.058" /><testcase classname="backend.tests.test_availability_holds_regression.TestAvailabilityRoutes" name="test_get_venue_availability_with_month_filter" time="0.067" /><testcase classname="backend.tests.test_availability_holds_regression.TestAvailabilityRoutes" name="test_get_availability_venue_not_found" time="0.056" /><testcase classname="backend.tests.test_availability_holds_regression.TestAvailabilityRoutes" name="test_update_availability_as_venue_owner" time="0.356" /><testcase classname="backend.tests.test_availability_holds_regression.TestAvailabilityRoutes" name="test_update_availability_unauthorized" time="0.059" /><testcase classname="backend.tests.test_availability_holds_regression.TestAvailabilityRoutes" name="test_bulk_update_availability_as_venue_owner" time="0.091" /><testcase classname="backend.tests.test_availability_holds_regression.TestAvailabilityRoutes" name="test_bulk_update_availability_unauthorized" time="0.062" /><testcase classname="backend.tests.test_availability_holds_regression.TestAvailabilityRoutes" name="test_bulk_update_admin_can_access" time="0.389" /><testcase classname="backend.tests.test_availability_holds_regression.TestHoldRoutes" name="test_create_date_hold_as_rm" time="0.066" /><testcase classname="backend.tests.test_availability_holds_regression.TestHoldRoutes" name="test_create_hold_admin_can_also_create" time="0.086" /><testcase classname="backend.tests.test_availability_holds_regression.TestHoldRoutes" name="test_create_hold_unauthorized_venue_owner" time="0.057" /><testcase classname="backend.tests.test_availability_holds_regression.TestHoldRoutes" name="test_get_venue_holds_as_rm" time="0.069" /><testcase classname="backend.tests.test_availability_holds_regression.TestHoldRoutes" name="test_get_venue_holds_with_status_filter" time="0.079" /><testcase classname="backend.tests.test_availability_holds_regression.TestHoldRoutes" name="test_get_venue_holds_venue_owner_can_access" time="0.083" /><testcase classname="backend.tests.test_availability_holds_regression.TestHoldRoutes" name="test_get_lead_holds_as_rm" time="0.084" /><testcase classname="backend.tests.test_availability_holds_regression.TestHoldRoutes" name="test_get_lead_holds_unauthorized" time="0.063" /><testcase classname="backend.tests.test_availability_holds_regression.TestHoldLifecycle" name="test_full_hold_lifecycle" time="0.330" /><testcase classname="backend.tests.test_availability_holds_regression.TestHoldLifecycle" name="test_extend_hold_admin_bypass_limit" time="0.339" /><testcase classname="backend.tests.test_availability_holds_regression.TestHoldLifecycle" name="test_release_hold_not_found" time="0.062" /><testcase classname="backend.tests.test_availability_holds_regression.TestHoldLifecycle" name="test_extend_hold_not_found" time="0.057" /><testcase classname="backend.tests.test_availability_holds_regression.TestLegacyRoutes" name="test_get_leads_as_rm" time="0.063" /><testcase classname="backend.tests.test_availability_holds_regression.TestLegacyRoutes" name="test_get_control_room_as_admin" time="0.072" /><testcase classname="backend.tests.test_availability_holds_regression.TestLegacyRoutes" name="test_get_payments" time="0.064" /></testsuite></testsuites>