<?xml version="1.0" encoding="utf-8"?><testsuites name="pytest tests"><testsuite name="pytest" errors="0" failures="4" skipped="0" tests="30" time="3.897" timestamp="2026-02-28T16:48:21.541191+00:00" hostname="agent-env-1add8c2f-f39a-4e6f-8c6c-026aff6160d9"><testcase classname="backend.tests.test_availability_holds_regression.TestHealthCheck" name="test_api_health" time="0.328" /><testcase classname="backend.tests.test_availability_holds_regression.TestAuthRoutes" name="test_login_rm_success" time="0.290" /><testcase classname="backend.tests.test_availability_holds_regression.TestAuthRoutes" name="test_login_admin_success" time="0.277" /><testcase classname="backend.tests.test_availability_holds_regression.TestAuthRoutes" name="test_login_venue_owner_success" time="0.280" /><testcase classname="backend.tests.test_availability_holds_regression.TestAuthRoutes" name="test_get_me_authenticated" time="0.339" /><testcase classname="backend.tests.test_availability_holds_regression.TestVenueRoutes" name="test_search_venues" time="0.059" /><testcase classname="backend.tests.test_availability_holds_regression.TestVenueRoutes" name="test_get_venue_details" time="0.107" /><testcase classname="backend.tests.test_availability_holds_regression.TestAvailabilityRoutes" name="test_get_venue_availability" time="0.054" /><testcase classname="backend.tests.test_availability_holds_regression.TestAvailabilityRoutes" name="test_get_venue_availability_with_month_filter" time="0.054" /><testcase classname="backend.tests.test_availability_holds_regression.TestAvailabilityRoutes" name="test_get_availability_venue_not_found" time="0.056" /><testcase classname="backend.tests.test_availability_holds_regression.TestAvailabilityRoutes" name="test_update_availability_as_venue_owner" time="0.345" /><testcase classname="backend.tests.test_availability_holds_regression.TestAvailabilityRoutes" name="test_update_availability_unauthorized" time="0.059" /><testcase classname="backend.tests.test_availability_holds_regression.TestAvailabilityRoutes" name="test_bulk_update_availability_as_venue_owner" time="0.068" /><testcase classname="backend.tests.test_availability_holds_regression.TestAvailabilityRoutes" name="test_bulk_update_availability_unauthorized" time="0.063" /><testcase classname="backend.tests.test_availability_holds_regression.TestAvailabilityRoutes" name="test_bulk_update_admin_can_access" time="0.408" /><testcase classname="backend.tests.test_availability_holds_regression.TestHoldRoutes" name="test_create_date_hold_as_rm" time="0.064"><failure message="AssertionError: Create hold failed: 422 - {&quot;detail&quot;:[{&quot;type&quot;:&quot;missing&quot;,&quot;loc&quot;:[&quot;body&quot;,&quot;venue_id&quot;],&quot;msg&quot;:&quot;Field required&quot;,&quot;input&quot;:{&quot;lead_id&quot;:&quot;lead_e5969bb2cc83&quot;,&quot;date&quot;:&quot;2026-06-08&quot;,&quot;time_slot&quot;:&quot;full_day&quot;,&quot;expiry_hours&quot;:24},&quot;url&quot;:&quot;https://errors.pydantic.dev/2.12/v/missing&quot;}]}&#10;assert 422 == 200&#10; +  where 422 = &lt;Response [422]&gt;.status_code">backend/tests/test_availability_holds_regression.py:373: in test_create_date_hold_as_rm
    assert response.status_code == 200, f"Create hold failed: {response.status_code} - {response.text}"
E   AssertionError: Create hold failed: 422 - {"detail":[{"type":"missing","loc":["body","venue_id"],"msg":"Field required","input":{"lead_id":"lead_e5969bb2cc83","date":"2026-06-08","time_slot":"full_day","expiry_hours":24},"url":"https://errors.pydantic.dev/2.12/v/missing"}]}
E   assert 422 == 200
E    +  where 422 = &lt;Response [422]&gt;.status_code</failure></testcase><testcase classname="backend.tests.test_availability_holds_regression.TestHoldRoutes" name="test_create_hold_admin_can_also_create" time="0.060"><failure message="AssertionError: Admin create hold failed: 422 - {&quot;detail&quot;:[{&quot;type&quot;:&quot;missing&quot;,&quot;loc&quot;:[&quot;body&quot;,&quot;venue_id&quot;],&quot;msg&quot;:&quot;Field required&quot;,&quot;input&quot;:{&quot;lead_id&quot;:&quot;lead_e5969bb2cc83&quot;,&quot;date&quot;:&quot;2026-06-09&quot;,&quot;time_slot&quot;:&quot;evening&quot;,&quot;expiry_hours&quot;:48},&quot;url&quot;:&quot;https://errors.pydantic.dev/2.12/v/missing&quot;}]}&#10;assert 422 == 200&#10; +  where 422 = &lt;Response [422]&gt;.status_code">backend/tests/test_availability_holds_regression.py:415: in test_create_hold_admin_can_also_create
    assert response.status_code == 200, f"Admin create hold failed: {response.status_code} - {response.text}"
E   AssertionError: Admin create hold failed: 422 - {"detail":[{"type":"missing","loc":["body","venue_id"],"msg":"Field required","input":{"lead_id":"lead_e5969bb2cc83","date":"2026-06-09","time_slot":"evening","expiry_hours":48},"url":"https://errors.pydantic.dev/2.12/v/missing"}]}
E   assert 422 == 200
E    +  where 422 = &lt;Response [422]&gt;.status_code</failure></testcase><testcase classname="backend.tests.test_availability_holds_regression.TestHoldRoutes" name="test_create_hold_unauthorized_venue_owner" time="0.066" /><testcase classname="backend.tests.test_availability_holds_regression.TestHoldRoutes" name="test_get_venue_holds_as_rm" time="0.061" /><testcase classname="backend.tests.test_availability_holds_regression.TestHoldRoutes" name="test_get_venue_holds_with_status_filter" time="0.064" /><testcase classname="backend.tests.test_availability_holds_regression.TestHoldRoutes" name="test_get_venue_holds_venue_owner_can_access" time="0.061" /><testcase classname="backend.tests.test_availability_holds_regression.TestHoldRoutes" name="test_get_lead_holds_as_rm" time="0.059" /><testcase classname="backend.tests.test_availability_holds_regression.TestHoldRoutes" name="test_get_lead_holds_unauthorized" time="0.058" /><testcase classname="backend.tests.test_availability_holds_regression.TestHoldLifecycle" name="test_full_hold_lifecycle" time="0.061"><failure message="AssertionError: Create hold failed: 422 - {&quot;detail&quot;:[{&quot;type&quot;:&quot;missing&quot;,&quot;loc&quot;:[&quot;body&quot;,&quot;venue_id&quot;],&quot;msg&quot;:&quot;Field required&quot;,&quot;input&quot;:{&quot;lead_id&quot;:&quot;lead_e5969bb2cc83&quot;,&quot;date&quot;:&quot;2026-06-22&quot;,&quot;time_slot&quot;:&quot;full_day&quot;,&quot;expiry_hours&quot;:24},&quot;url&quot;:&quot;https://errors.pydantic.dev/2.12/v/missing&quot;}]}&#10;assert 422 == 200&#10; +  where 422 = &lt;Response [422]&gt;.status_code">backend/tests/test_availability_holds_regression.py:532: in test_full_hold_lifecycle
    assert create_response.status_code == 200, f"Create hold failed: {create_response.status_code} - {create_response.text}"
E   AssertionError: Create hold failed: 422 - {"detail":[{"type":"missing","loc":["body","venue_id"],"msg":"Field required","input":{"lead_id":"lead_e5969bb2cc83","date":"2026-06-22","time_slot":"full_day","expiry_hours":24},"url":"https://errors.pydantic.dev/2.12/v/missing"}]}
E   assert 422 == 200
E    +  where 422 = &lt;Response [422]&gt;.status_code</failure></testcase><testcase classname="backend.tests.test_availability_holds_regression.TestHoldLifecycle" name="test_extend_hold_admin_bypass_limit" time="0.058"><failure message="assert 422 == 200&#10; +  where 422 = &lt;Response [422]&gt;.status_code">backend/tests/test_availability_holds_regression.py:602: in test_extend_hold_admin_bypass_limit
    assert create_response.status_code == 200
E   assert 422 == 200
E    +  where 422 = &lt;Response [422]&gt;.status_code</failure></testcase><testcase classname="backend.tests.test_availability_holds_regression.TestHoldLifecycle" name="test_release_hold_not_found" time="0.057" /><testcase classname="backend.tests.test_availability_holds_regression.TestHoldLifecycle" name="test_extend_hold_not_found" time="0.058" /><testcase classname="backend.tests.test_availability_holds_regression.TestLegacyRoutes" name="test_get_leads_as_rm" time="0.085" /><testcase classname="backend.tests.test_availability_holds_regression.TestLegacyRoutes" name="test_get_control_room_as_admin" time="0.074" /><testcase classname="backend.tests.test_availability_holds_regression.TestLegacyRoutes" name="test_get_payments" time="0.056" /></testsuite></testsuites>