<?xml version="1.0" encoding="utf-8"?><testsuites name="pytest tests"><testsuite name="pytest" errors="0" failures="0" skipped="0" tests="10" time="2.798" timestamp="2026-03-19T10:33:27.630706+00:00" hostname="agent-env-e0730eb7-40df-4751-bb6e-2fb26bfd553d"><testcase classname="tests.test_booking_flow.TestRMsAvailable" name="test_rms_available_returns_list" time="0.285" /><testcase classname="tests.test_booking_flow.TestRMsAvailable" name="test_rms_available_with_city_filter" time="0.152" /><testcase classname="tests.test_booking_flow.TestRMsAvailable" name="test_rms_available_has_required_fields" time="0.150" /><testcase classname="tests.test_booking_flow.TestRMsTopPerformers" name="test_top_performers_returns_list" time="0.167" /><testcase classname="tests.test_booking_flow.TestLeadsEndpoint" name="test_create_lead_basic" time="0.420" /><testcase classname="tests.test_booking_flow.TestLeadsEndpoint" name="test_create_lead_with_guest_count_range" time="0.309" /><testcase classname="tests.test_booking_flow.TestLeadsEndpoint" name="test_create_lead_with_selected_rm_id" time="0.375" /><testcase classname="tests.test_booking_flow.TestBookingRequests" name="test_booking_request_basic" time="0.328" /><testcase classname="tests.test_booking_flow.TestBookingRequests" name="test_booking_request_with_selected_rm_and_guest_range" time="0.380" /><testcase classname="tests.test_booking_flow.TestFeaturedVenues" name="test_featured_venues_returns_data" time="0.145" /></testsuite></testsuites>