<?xml version="1.0" encoding="utf-8"?><testsuites name="pytest tests"><testsuite name="pytest" errors="0" failures="0" skipped="0" tests="7" time="1.250" timestamp="2026-03-13T19:47:39.693942+00:00" hostname="agent-env-e0730eb7-40df-4751-bb6e-2fb26bfd553d"><testcase classname="backend.tests.test_callback_request.TestCallbackRequestAPI" name="test_callback_request_success" time="0.274" /><testcase classname="backend.tests.test_callback_request.TestCallbackRequestAPI" name="test_callback_request_missing_name" time="0.144" /><testcase classname="backend.tests.test_callback_request.TestCallbackRequestAPI" name="test_callback_request_missing_phone" time="0.152" /><testcase classname="backend.tests.test_callback_request.TestCallbackRequestAPI" name="test_callback_request_empty_name" time="0.186" /><testcase classname="backend.tests.test_callback_request.TestCallbackRequestAPI" name="test_callback_request_minimal_payload" time="0.145" /><testcase classname="backend.tests.test_callback_request.TestVenueDetailPage" name="test_venue_detail_api" time="0.134" /><testcase classname="backend.tests.test_callback_request.TestVenueDetailPage" name="test_venue_list_api" time="0.145" /></testsuite></testsuites>