<?xml version="1.0" encoding="utf-8"?><testsuites name="pytest tests"><testsuite name="pytest" errors="0" failures="0" skipped="2" tests="15" time="2.488" timestamp="2026-04-02T13:57:20.637937+00:00" hostname="agent-env-e0730eb7-40df-4751-bb6e-2fb26bfd553d"><testcase classname="backend.tests.test_case_payments_phase16.TestRazorpayConfig" name="test_get_razorpay_config" time="0.597" /><testcase classname="backend.tests.test_case_payments_phase16.TestRMCreateDepositRequest" name="test_create_deposit_request_success" time="0.401" /><testcase classname="backend.tests.test_case_payments_phase16.TestRMCreateDepositRequest" name="test_create_deposit_request_invalid_amount" time="0.119" /><testcase classname="backend.tests.test_case_payments_phase16.TestRMCreateDepositRequest" name="test_create_deposit_request_negative_amount" time="0.126" /><testcase classname="backend.tests.test_case_payments_phase16.TestCustomerViewPayments" name="test_customer_view_payments" time="0.074" /><testcase classname="backend.tests.test_case_payments_phase16.TestRMViewInternalPayments" name="test_rm_view_internal_payments" time="0.057" /><testcase classname="backend.tests.test_case_payments_phase16.TestPaymentCheckout" name="test_checkout_creates_order" time="0.115" /><testcase classname="backend.tests.test_case_payments_phase16.TestPaymentSimulation" name="test_simulate_payment_success" time="0.053"><skipped type="pytest.skip" message="No pending payments available for simulation test">/app/backend/tests/test_case_payments_phase16.py:282: No pending payments available for simulation test</skipped></testcase><testcase classname="backend.tests.test_case_payments_phase16.TestPaymentSimulation" name="test_simulate_already_paid" time="0.116" /><testcase classname="backend.tests.test_case_payments_phase16.TestPaymentReminder" name="test_send_reminder" time="0.056"><skipped type="pytest.skip" message="No pending payments available for reminder test">/app/backend/tests/test_case_payments_phase16.py:341: No pending payments available for reminder test</skipped></testcase><testcase classname="backend.tests.test_case_payments_phase16.TestPaymentCancel" name="test_cancel_payment_request" time="0.179" /><testcase classname="backend.tests.test_case_payments_phase16.TestPaymentCancel" name="test_cannot_cancel_paid_payment" time="0.108" /><testcase classname="backend.tests.test_case_payments_phase16.TestCaseDetailPaymentCount" name="test_case_detail_has_payment_count" time="0.057" /><testcase classname="backend.tests.test_case_payments_phase16.TestDuplicatePrevention" name="test_duplicate_prevention" time="0.176" /><testcase classname="backend.tests.test_case_payments_phase16.TestPaymentVerification" name="test_verify_payment_invalid_signature" time="0.173" /></testsuite></testsuites>