<?xml version="1.0" encoding="utf-8"?><testsuites name="pytest tests"><testsuite name="pytest" errors="0" failures="0" skipped="7" tests="17" time="8.111" timestamp="2026-04-02T13:27:09.421521+00:00" hostname="agent-env-e0730eb7-40df-4751-bb6e-2fb26bfd553d"><testcase classname="backend.tests.test_case_portal_phase15.TestCasePortalAuth" name="test_customer_login" time="0.389" /><testcase classname="backend.tests.test_case_portal_phase15.TestCasePortalAuth" name="test_rm_login" time="0.335" /><testcase classname="backend.tests.test_case_portal_phase15.TestCustomerCasePortal" name="test_my_cases_requires_auth" time="0.103" /><testcase classname="backend.tests.test_case_portal_phase15.TestCustomerCasePortal" name="test_my_cases_returns_cases" time="0.446" /><testcase classname="backend.tests.test_case_portal_phase15.TestCustomerCasePortal" name="test_case_detail_returns_data" time="0.538" /><testcase classname="backend.tests.test_case_portal_phase15.TestCustomerCasePortal" name="test_customer_respond_to_case" time="0.591" /><testcase classname="backend.tests.test_case_portal_phase15.TestCustomerCasePortal" name="test_invalid_response_rejected" time="0.572" /><testcase classname="backend.tests.test_case_portal_phase15.TestRMPortalEndpoints" name="test_rm_share_to_customer" time="0.425"><skipped type="pytest.skip" message="Could not get RM pipeline">/app/backend/tests/test_case_portal_phase15.py:228: Could not get RM pipeline</skipped></testcase><testcase classname="backend.tests.test_case_portal_phase15.TestRMPortalEndpoints" name="test_rm_share_quote_versioning" time="0.455"><skipped type="pytest.skip" message="Could not get RM pipeline">/app/backend/tests/test_case_portal_phase15.py:264: Could not get RM pipeline</skipped></testcase><testcase classname="backend.tests.test_case_portal_phase15.TestRMPortalEndpoints" name="test_rm_get_engagement_summary" time="0.429"><skipped type="pytest.skip" message="Could not get RM pipeline">/app/backend/tests/test_case_portal_phase15.py:316: Could not get RM pipeline</skipped></testcase><testcase classname="backend.tests.test_case_portal_phase15.TestRMPortalEndpoints" name="test_rm_get_internal_shares" time="0.429"><skipped type="pytest.skip" message="Could not get RM pipeline">/app/backend/tests/test_case_portal_phase15.py:350: Could not get RM pipeline</skipped></testcase><testcase classname="backend.tests.test_case_portal_phase15.TestRMPortalEndpoints" name="test_rm_revoke_share" time="0.463"><skipped type="pytest.skip" message="Could not get RM pipeline">/app/backend/tests/test_case_portal_phase15.py:378: Could not get RM pipeline</skipped></testcase><testcase classname="backend.tests.test_case_portal_phase15.TestAccessControl" name="test_customer_cannot_access_other_case" time="0.439" /><testcase classname="backend.tests.test_case_portal_phase15.TestAccessControl" name="test_rm_cannot_share_to_other_rm_case" time="0.756" /><testcase classname="backend.tests.test_case_portal_phase15.TestLifecycleStates" name="test_mark_share_viewed" time="0.668" /><testcase classname="backend.tests.test_case_portal_phase15.TestLifecycleStates" name="test_respond_to_specific_share" time="0.555"><skipped type="pytest.skip" message="No pending shares to respond to">/app/backend/tests/test_case_portal_phase15.py:514: No pending shares to respond to</skipped></testcase><testcase classname="backend.tests.test_case_portal_phase15.TestConversionCaseDetailPortalTab" name="test_rm_can_access_conversion_case_detail" time="0.436"><skipped type="pytest.skip" message="Could not get RM pipeline">/app/backend/tests/test_case_portal_phase15.py:545: Could not get RM pipeline</skipped></testcase></testsuite></testsuites>