<?xml version="1.0" encoding="utf-8"?><testsuites name="pytest tests"><testsuite name="pytest" errors="0" failures="0" skipped="0" tests="16" time="3.570" timestamp="2026-04-02T15:56:54.407949+00:00" hostname="agent-env-e0730eb7-40df-4751-bb6e-2fb26bfd553d"><testcase classname="tests.test_case_thread_phase17.TestCaseThreadCustomerEndpoints" name="test_customer_get_thread" time="0.627" /><testcase classname="tests.test_case_thread_phase17.TestCaseThreadCustomerEndpoints" name="test_customer_send_message" time="0.111" /><testcase classname="tests.test_case_thread_phase17.TestCaseThreadCustomerEndpoints" name="test_customer_send_empty_message_fails" time="0.105" /><testcase classname="tests.test_case_thread_phase17.TestCaseThreadCustomerEndpoints" name="test_customer_send_long_message_fails" time="0.113" /><testcase classname="tests.test_case_thread_phase17.TestCaseThreadCustomerEndpoints" name="test_customer_get_unread_count" time="0.148" /><testcase classname="tests.test_case_thread_phase17.TestCaseThreadCustomerEndpoints" name="test_customer_cannot_access_other_case" time="0.117" /><testcase classname="tests.test_case_thread_phase17.TestCaseThreadInternalEndpoints" name="test_rm_get_thread" time="0.433" /><testcase classname="tests.test_case_thread_phase17.TestCaseThreadInternalEndpoints" name="test_rm_send_message" time="0.144" /><testcase classname="tests.test_case_thread_phase17.TestCaseThreadInternalEndpoints" name="test_admin_can_access_thread" time="0.455" /><testcase classname="tests.test_case_thread_phase17.TestCaseThreadInternalEndpoints" name="test_admin_can_send_message" time="0.111" /><testcase classname="tests.test_case_thread_phase17.TestCaseThreadInternalEndpoints" name="test_rm_get_unread_count" time="0.106" /><testcase classname="tests.test_case_thread_phase17.TestCaseThreadReadReceipts" name="test_reading_thread_marks_messages_read" time="0.455" /><testcase classname="tests.test_case_thread_phase17.TestCaseThreadRoleLabels" name="test_customer_sees_role_labels" time="0.245" /><testcase classname="tests.test_case_thread_phase17.TestCaseThreadAccessControl" name="test_unauthenticated_cannot_access" time="0.103" /><testcase classname="tests.test_case_thread_phase17.TestCaseThreadAccessControl" name="test_customer_cannot_use_internal_endpoint" time="0.110" /><testcase classname="tests.test_case_thread_phase17.TestCaseThreadAccessControl" name="test_customer_cannot_post_to_internal" time="0.103" /></testsuite></testsuites>