<?xml version="1.0" encoding="utf-8"?><testsuites name="pytest tests"><testsuite name="pytest" errors="0" failures="16" skipped="0" tests="18" time="4.168" timestamp="2026-03-01T01:46:46.737306+00:00" hostname="agent-env-db7f071b-b053-458b-bcfa-d8b80f4222ad"><testcase classname="tests.test_channel_performance.TestChannelPerformance" name="test_channel_performance_returns_200" time="0.661"><failure message="AssertionError: Expected 200, got 401: {&quot;detail&quot;:&quot;Invalid token&quot;}&#10;assert 401 == 200&#10; +  where 401 = &lt;Response [401]&gt;.status_code">tests/test_channel_performance.py:44: in test_channel_performance_returns_200
    assert response.status_code == 200, f"Expected 200, got {response.status_code}: {response.text}"
E   AssertionError: Expected 200, got 401: {"detail":"Invalid token"}
E   assert 401 == 200
E    +  where 401 = &lt;Response [401]&gt;.status_code</failure></testcase><testcase classname="tests.test_channel_performance.TestChannelPerformance" name="test_channel_performance_sources_structure" time="0.128"><failure message="assert 401 == 200&#10; +  where 401 = &lt;Response [401]&gt;.status_code">tests/test_channel_performance.py:56: in test_channel_performance_sources_structure
    assert response.status_code == 200
E   assert 401 == 200
E    +  where 401 = &lt;Response [401]&gt;.status_code</failure></testcase><testcase classname="tests.test_channel_performance.TestChannelPerformance" name="test_channel_performance_summary_structure" time="0.122"><failure message="assert 401 == 200&#10; +  where 401 = &lt;Response [401]&gt;.status_code">tests/test_channel_performance.py:79: in test_channel_performance_summary_structure
    assert response.status_code == 200
E   assert 401 == 200
E    +  where 401 = &lt;Response [401]&gt;.status_code</failure></testcase><testcase classname="tests.test_channel_performance.TestChannelPerformance" name="test_channel_performance_all_sources_present" time="0.136"><failure message="assert 401 == 200&#10; +  where 401 = &lt;Response [401]&gt;.status_code">tests/test_channel_performance.py:94: in test_channel_performance_all_sources_present
    assert response.status_code == 200
E   assert 401 == 200
E    +  where 401 = &lt;Response [401]&gt;.status_code</failure></testcase><testcase classname="tests.test_channel_performance.TestChannelPerformance" name="test_channel_performance_with_date_range_filter" time="0.110"><failure message="AssertionError: Failed for date_range=7&#10;assert 401 == 200&#10; +  where 401 = &lt;Response [401]&gt;.status_code">tests/test_channel_performance.py:112: in test_channel_performance_with_date_range_filter
    assert response.status_code == 200, f"Failed for date_range={days}"
E   AssertionError: Failed for date_range=7
E   assert 401 == 200
E    +  where 401 = &lt;Response [401]&gt;.status_code</failure></testcase><testcase classname="tests.test_channel_performance.TestChannelPerformance" name="test_channel_performance_with_city_filter" time="0.112"><failure message="assert 401 == 200&#10; +  where 401 = &lt;Response [401]&gt;.status_code">tests/test_channel_performance.py:125: in test_channel_performance_with_city_filter
    assert filters_response.status_code == 200
E   assert 401 == 200
E    +  where 401 = &lt;Response [401]&gt;.status_code</failure></testcase><testcase classname="tests.test_channel_performance.TestChannelPerformance" name="test_channel_performance_with_rm_filter" time="0.145"><failure message="assert 401 == 200&#10; +  where 401 = &lt;Response [401]&gt;.status_code">tests/test_channel_performance.py:147: in test_channel_performance_with_rm_filter
    assert filters_response.status_code == 200
E   assert 401 == 200
E    +  where 401 = &lt;Response [401]&gt;.status_code</failure></testcase><testcase classname="tests.test_channel_performance.TestChannelPerformance" name="test_channel_performance_requires_auth" time="0.106" /><testcase classname="tests.test_channel_performance.TestChannelPerformance" name="test_channel_performance_requires_admin_role" time="0.428"><failure message="AssertionError: Expected 403 for RM user, got 401&#10;assert 401 == 403&#10; +  where 401 = &lt;Response [401]&gt;.status_code">tests/test_channel_performance.py:183: in test_channel_performance_requires_admin_role
    assert response.status_code == 403, f"Expected 403 for RM user, got {response.status_code}"
E   AssertionError: Expected 403 for RM user, got 401
E   assert 401 == 403
E    +  where 401 = &lt;Response [401]&gt;.status_code</failure></testcase><testcase classname="tests.test_channel_performance.TestChannelPerformance" name="test_backfill_lead_sources_returns_200" time="0.135"><failure message="AssertionError: Expected 200, got 401: {&quot;detail&quot;:&quot;Invalid token&quot;}&#10;assert 401 == 200&#10; +  where 401 = &lt;Response [401]&gt;.status_code">tests/test_channel_performance.py:196: in test_backfill_lead_sources_returns_200
    assert response.status_code == 200, f"Expected 200, got {response.status_code}: {response.text}"
E   AssertionError: Expected 200, got 401: {"detail":"Invalid token"}
E   assert 401 == 200
E    +  where 401 = &lt;Response [401]&gt;.status_code</failure></testcase><testcase classname="tests.test_channel_performance.TestChannelPerformance" name="test_backfill_lead_sources_requires_auth" time="0.108" /><testcase classname="tests.test_channel_performance.TestChannelPerformance" name="test_backfill_lead_sources_requires_admin" time="0.504"><failure message="AssertionError: Expected 403 for RM user, got 401&#10;assert 401 == 403&#10; +  where 401 = &lt;Response [401]&gt;.status_code">tests/test_channel_performance.py:220: in test_backfill_lead_sources_requires_admin
    assert response.status_code == 403, f"Expected 403 for RM user, got {response.status_code}"
E   AssertionError: Expected 403 for RM user, got 401
E   assert 401 == 403
E    +  where 401 = &lt;Response [401]&gt;.status_code</failure></testcase><testcase classname="tests.test_channel_performance.TestChannelPerformance" name="test_filter_options_includes_sources" time="0.120"><failure message="AssertionError: Expected 200, got 401&#10;assert 401 == 200&#10; +  where 401 = &lt;Response [401]&gt;.status_code">tests/test_channel_performance.py:233: in test_filter_options_includes_sources
    assert response.status_code == 200, f"Expected 200, got {response.status_code}"
E   AssertionError: Expected 200, got 401
E   assert 401 == 200
E    +  where 401 = &lt;Response [401]&gt;.status_code</failure></testcase><testcase classname="tests.test_channel_performance.TestChannelPerformance" name="test_conversion_intelligence_source_filter" time="0.121"><failure message="AssertionError: Expected 200, got 401&#10;assert 401 == 200&#10; +  where 401 = &lt;Response [401]&gt;.status_code">tests/test_channel_performance.py:254: in test_conversion_intelligence_source_filter
    assert response.status_code == 200, f"Expected 200, got {response.status_code}"
E   AssertionError: Expected 200, got 401
E   assert 401 == 200
E    +  where 401 = &lt;Response [401]&gt;.status_code</failure></testcase><testcase classname="tests.test_channel_performance.TestChannelPerformance" name="test_conversion_intelligence_source_filter_all_values" time="0.119"><failure message="AssertionError: Failed for source=Meta&#10;assert 401 == 200&#10; +  where 401 = &lt;Response [401]&gt;.status_code">tests/test_channel_performance.py:269: in test_conversion_intelligence_source_filter_all_values
    assert response.status_code == 200, f"Failed for source={source}"
E   AssertionError: Failed for source=Meta
E   assert 401 == 200
E    +  where 401 = &lt;Response [401]&gt;.status_code</failure></testcase><testcase classname="tests.test_channel_performance.TestChannelPerformance" name="test_create_lead_with_source" time="0.248"><failure message="assert 401 == 200&#10; +  where 401 = &lt;Response [401]&gt;.status_code">tests/test_channel_performance.py:313: in test_create_lead_with_source
    assert get_response.status_code == 200
E   assert 401 == 200
E    +  where 401 = &lt;Response [401]&gt;.status_code</failure></testcase><testcase classname="tests.test_channel_performance.TestChannelPerformance" name="test_create_lead_default_source_is_direct" time="0.234"><failure message="assert 401 == 200&#10; +  where 401 = &lt;Response [401]&gt;.status_code">tests/test_channel_performance.py:352: in test_create_lead_default_source_is_direct
    assert get_response.status_code == 200
E   assert 401 == 200
E    +  where 401 = &lt;Response [401]&gt;.status_code</failure></testcase><testcase classname="tests.test_channel_performance.TestLeadListSourceFilter" name="test_leads_list_source_filter" time="0.454"><failure message="assert 401 == 200&#10; +  where 401 = &lt;Response [401]&gt;.status_code">tests/test_channel_performance.py:387: in test_leads_list_source_filter
    assert response.status_code == 200
E   assert 401 == 200
E    +  where 401 = &lt;Response [401]&gt;.status_code</failure></testcase></testsuite></testsuites>