<?xml version="1.0" encoding="utf-8"?><testsuites name="pytest tests"><testsuite name="pytest" errors="0" failures="0" skipped="0" tests="18" time="4.995" timestamp="2026-03-01T01:47:18.823530+00:00" hostname="agent-env-db7f071b-b053-458b-bcfa-d8b80f4222ad"><testcase classname="tests.test_channel_performance.TestChannelPerformance" name="test_channel_performance_returns_200" time="0.554" /><testcase classname="tests.test_channel_performance.TestChannelPerformance" name="test_channel_performance_sources_structure" time="0.112" /><testcase classname="tests.test_channel_performance.TestChannelPerformance" name="test_channel_performance_summary_structure" time="0.117" /><testcase classname="tests.test_channel_performance.TestChannelPerformance" name="test_channel_performance_all_sources_present" time="0.114" /><testcase classname="tests.test_channel_performance.TestChannelPerformance" name="test_channel_performance_with_date_range_filter" time="0.382" /><testcase classname="tests.test_channel_performance.TestChannelPerformance" name="test_channel_performance_with_city_filter" time="0.220" /><testcase classname="tests.test_channel_performance.TestChannelPerformance" name="test_channel_performance_with_rm_filter" time="0.223" /><testcase classname="tests.test_channel_performance.TestChannelPerformance" name="test_channel_performance_requires_auth" time="0.125" /><testcase classname="tests.test_channel_performance.TestChannelPerformance" name="test_channel_performance_requires_admin_role" time="0.457" /><testcase classname="tests.test_channel_performance.TestChannelPerformance" name="test_backfill_lead_sources_returns_200" time="0.103" /><testcase classname="tests.test_channel_performance.TestChannelPerformance" name="test_backfill_lead_sources_requires_auth" time="0.130" /><testcase classname="tests.test_channel_performance.TestChannelPerformance" name="test_backfill_lead_sources_requires_admin" time="0.457" /><testcase classname="tests.test_channel_performance.TestChannelPerformance" name="test_filter_options_includes_sources" time="0.133" /><testcase classname="tests.test_channel_performance.TestChannelPerformance" name="test_conversion_intelligence_source_filter" time="0.120" /><testcase classname="tests.test_channel_performance.TestChannelPerformance" name="test_conversion_intelligence_source_filter_all_values" time="0.707" /><testcase classname="tests.test_channel_performance.TestChannelPerformance" name="test_create_lead_with_source" time="0.234" /><testcase classname="tests.test_channel_performance.TestChannelPerformance" name="test_create_lead_default_source_is_direct" time="0.222" /><testcase classname="tests.test_channel_performance.TestLeadListSourceFilter" name="test_leads_list_source_filter" time="0.503" /></testsuite></testsuites>