<?xml version="1.0" encoding="utf-8"?><testsuites name="pytest tests"><testsuite name="pytest" errors="0" failures="0" skipped="0" tests="9" time="24.110" timestamp="2026-03-02T20:50:55.625470+00:00" hostname="agent-env-4fa98e2e-98b8-47d3-8fdc-15bda39eec15"><testcase classname="backend.tests.test_chatbot.TestChatbotAPI" name="test_chatbot_message_without_session_id" time="2.863" /><testcase classname="backend.tests.test_chatbot.TestChatbotAPI" name="test_chatbot_message_with_session_id" time="3.801" /><testcase classname="backend.tests.test_chatbot.TestChatbotAPI" name="test_chatbot_context_awareness" time="4.347" /><testcase classname="backend.tests.test_chatbot.TestChatbotAPI" name="test_chatbot_empty_message_handling" time="1.149" /><testcase classname="backend.tests.test_chatbot.TestChatbotAPI" name="test_chatbot_response_time" time="1.419" /><testcase classname="backend.tests.test_chatbot.TestChatbotAPI" name="test_chatbot_response_structure" time="2.833" /><testcase classname="backend.tests.test_chatbot.TestChatbotKnowledge" name="test_chatbot_knows_cities" time="1.373" /><testcase classname="backend.tests.test_chatbot.TestChatbotKnowledge" name="test_chatbot_knows_pricing" time="2.130" /><testcase classname="backend.tests.test_chatbot.TestChatbotKnowledge" name="test_chatbot_knows_how_it_works" time="4.132" /></testsuite></testsuites>