<?xml version="1.0" encoding="utf-8"?><testsuites name="pytest tests"><testsuite name="pytest" errors="0" failures="0" skipped="0" tests="14" time="2.044" timestamp="2026-03-01T00:53:30.252014+00:00" hostname="agent-env-4e0343e1-bc04-44dd-9a19-411c4de07827"><testcase classname="backend.tests.test_city_hub.TestCitiesEndpoint" name="test_cities_endpoint_returns_200" time="0.136" /><testcase classname="backend.tests.test_city_hub.TestCitiesEndpoint" name="test_cities_returns_array" time="0.138" /><testcase classname="backend.tests.test_city_hub.TestCitiesEndpoint" name="test_cities_have_required_fields" time="0.174" /><testcase classname="backend.tests.test_city_hub.TestCitiesEndpoint" name="test_expected_cities_present" time="0.174" /><testcase classname="backend.tests.test_city_hub.TestCitiesEndpoint" name="test_venue_counts_correct" time="0.125" /><testcase classname="backend.tests.test_city_hub.TestCitiesEndpoint" name="test_cities_have_state_field" time="0.178" /><testcase classname="backend.tests.test_city_hub.TestCitiesEndpoint" name="test_delhi_has_areas" time="0.114" /><testcase classname="backend.tests.test_city_hub.TestCityVenuesEndpoint" name="test_delhi_city_venues" time="0.108" /><testcase classname="backend.tests.test_city_hub.TestCityVenuesEndpoint" name="test_mumbai_city_venues" time="0.104" /><testcase classname="backend.tests.test_city_hub.TestCityVenuesEndpoint" name="test_gurgaon_city_venues" time="0.114" /><testcase classname="backend.tests.test_city_hub.TestCityVenuesEndpoint" name="test_noida_city_venues" time="0.118" /><testcase classname="backend.tests.test_city_hub.TestVenueDetailBySlug" name="test_delhi_venue_by_slug" time="0.244" /><testcase classname="backend.tests.test_city_hub.TestBackwardCompatibility" name="test_venues_search_endpoint" time="0.116" /><testcase classname="backend.tests.test_city_hub.TestBackwardCompatibility" name="test_venues_search_with_city_filter" time="0.134" /></testsuite></testsuites>