<?xml version="1.0" encoding="utf-8"?><testsuites name="pytest tests"><testsuite name="pytest" errors="0" failures="0" skipped="0" tests="23" time="7.285" timestamp="2026-03-16T05:14:41.114451+00:00" hostname="agent-env-e0730eb7-40df-4751-bb6e-2fb26bfd553d"><testcase classname="backend.tests.test_collections.TestCollectionsAuth" name="test_collections_require_auth" time="0.251" /><testcase classname="backend.tests.test_collections.TestCollectionsAuth" name="test_login_success" time="0.364" /><testcase classname="backend.tests.test_collections.TestCollectionsCRUD" name="test_create_collection" time="0.628" /><testcase classname="backend.tests.test_collections.TestCollectionsCRUD" name="test_create_collection_with_venue" time="0.355" /><testcase classname="backend.tests.test_collections.TestCollectionsCRUD" name="test_create_collection_empty_name_fails" time="0.113" /><testcase classname="backend.tests.test_collections.TestCollectionsCRUD" name="test_create_duplicate_name_fails" time="0.232" /><testcase classname="backend.tests.test_collections.TestCollectionsCRUD" name="test_get_collections" time="0.110" /><testcase classname="backend.tests.test_collections.TestCollectionsCRUD" name="test_get_single_collection" time="0.149" /><testcase classname="backend.tests.test_collections.TestCollectionsCRUD" name="test_get_nonexistent_collection_404" time="0.105" /><testcase classname="backend.tests.test_collections.TestCollectionsCRUD" name="test_update_collection_name" time="0.203" /><testcase classname="backend.tests.test_collections.TestCollectionsCRUD" name="test_update_collection_is_public" time="0.253" /><testcase classname="backend.tests.test_collections.TestCollectionsCRUD" name="test_update_empty_name_fails" time="0.231" /><testcase classname="backend.tests.test_collections.TestCollectionVenues" name="test_add_venue_to_collection" time="0.852" /><testcase classname="backend.tests.test_collections.TestCollectionVenues" name="test_add_duplicate_venue_idempotent" time="0.232" /><testcase classname="backend.tests.test_collections.TestCollectionVenues" name="test_add_second_venue" time="0.226" /><testcase classname="backend.tests.test_collections.TestCollectionVenues" name="test_remove_venue_from_collection" time="0.218" /><testcase classname="backend.tests.test_collections.TestCollectionVenues" name="test_collection_has_venue_details" time="0.324" /><testcase classname="backend.tests.test_collections.TestSharedCollections" name="test_shared_collection_access_no_auth" time="0.889" /><testcase classname="backend.tests.test_collections.TestSharedCollections" name="test_shared_collection_has_venue_details" time="0.103" /><testcase classname="backend.tests.test_collections.TestSharedCollections" name="test_private_collection_not_shared" time="0.313" /><testcase classname="backend.tests.test_collections.TestSharedCollections" name="test_invalid_share_token_404" time="0.232" /><testcase classname="backend.tests.test_collections.TestCollectionDelete" name="test_delete_collection" time="0.684" /><testcase classname="backend.tests.test_collections.TestCollectionDelete" name="test_delete_nonexistent_collection_404" time="0.106" /></testsuite></testsuites>