<?xml version="1.0" encoding="utf-8"?><testsuites name="pytest tests"><testsuite name="pytest" errors="0" failures="0" skipped="0" tests="21" time="3.978" timestamp="2026-04-02T12:35:43.192605+00:00" hostname="agent-env-e0730eb7-40df-4751-bb6e-2fb26bfd553d"><testcase classname="backend.tests.test_communication_phase14.TestCommunicationPhase14" name="test_01_get_templates_returns_seeded" time="0.938" /><testcase classname="backend.tests.test_communication_phase14.TestCommunicationPhase14" name="test_02_get_dashboard_counts" time="0.126" /><testcase classname="backend.tests.test_communication_phase14.TestCommunicationPhase14" name="test_03_log_call_connected" time="0.103" /><testcase classname="backend.tests.test_communication_phase14.TestCommunicationPhase14" name="test_04_log_callback_requested_prompts_followup" time="0.108" /><testcase classname="backend.tests.test_communication_phase14.TestCommunicationPhase14" name="test_05_log_visit_requested_prompts_stage" time="0.129" /><testcase classname="backend.tests.test_communication_phase14.TestCommunicationPhase14" name="test_06_log_not_interested_prompts_lost" time="0.103" /><testcase classname="backend.tests.test_communication_phase14.TestCommunicationPhase14" name="test_07_get_timeline_sorted" time="0.106" /><testcase classname="backend.tests.test_communication_phase14.TestCommunicationPhase14" name="test_08_schedule_followup" time="0.110" /><testcase classname="backend.tests.test_communication_phase14.TestCommunicationPhase14" name="test_09_update_comm_status" time="0.111" /><testcase classname="backend.tests.test_communication_phase14.TestCommunicationPhase14" name="test_10_admin_create_template" time="0.099" /><testcase classname="backend.tests.test_communication_phase14.TestCommunicationPhase14" name="test_11_admin_update_template" time="0.113" /><testcase classname="backend.tests.test_communication_phase14.TestCommunicationPhase14" name="test_12_render_template" time="0.266" /><testcase classname="backend.tests.test_communication_phase14.TestCommunicationPhase14" name="test_13_verify_lead_summary_updated" time="0.188" /><testcase classname="backend.tests.test_communication_phase14.TestCommunicationPhase14" name="test_14_dashboard_counts_reflect_changes" time="0.101" /><testcase classname="backend.tests.test_communication_phase14.TestCommunicationPhase14" name="test_15_validation_invalid_channel" time="0.102" /><testcase classname="backend.tests.test_communication_phase14.TestCommunicationPhase14" name="test_16_rm_access_control" time="0.095" /><testcase classname="backend.tests.test_communication_phase14.TestRegressionPhase14" name="test_26_rm_login_works" time="0.660" /><testcase classname="backend.tests.test_communication_phase14.TestRegressionPhase14" name="test_27_rm_pipeline_loads" time="0.116" /><testcase classname="backend.tests.test_communication_phase14.TestRegressionPhase14" name="test_28_conversion_endpoint" time="0.104" /><testcase classname="backend.tests.test_communication_phase14.TestRegressionPhase14" name="test_29_execution_endpoint" time="0.114" /><testcase classname="backend.tests.test_communication_phase14.TestRegressionPhase14" name="test_30_settlement_endpoint" time="0.099" /></testsuite></testsuites>