<?xml version="1.0" encoding="utf-8"?><testsuites name="pytest tests"><testsuite name="pytest" errors="0" failures="0" skipped="0" tests="26" time="2.889" timestamp="2026-02-28T16:57:06.283647+00:00" hostname="agent-env-1add8c2f-f39a-4e6f-8c6c-026aff6160d9"><testcase classname="backend.tests.test_comparison_sheets_regression.TestComparisonSheetGeneration" name="test_generate_comparison_sheet_success_3_venues" time="0.471" /><testcase classname="backend.tests.test_comparison_sheets_regression.TestComparisonSheetGeneration" name="test_generate_comparison_sheet_with_admin" time="0.340" /><testcase classname="backend.tests.test_comparison_sheets_regression.TestComparisonSheetGeneration" name="test_generate_comparison_sheet_venue_data_enrichment" time="0.068" /><testcase classname="backend.tests.test_comparison_sheets_regression.TestComparisonSheetGeneration" name="test_generate_comparison_sheet_requires_auth" time="0.062" /><testcase classname="backend.tests.test_comparison_sheets_regression.TestComparisonSheetGeneration" name="test_generate_comparison_sheet_less_than_3_venues" time="0.061" /><testcase classname="backend.tests.test_comparison_sheets_regression.TestComparisonSheetGeneration" name="test_generate_comparison_sheet_more_than_5_venues" time="0.058" /><testcase classname="backend.tests.test_comparison_sheets_regression.TestComparisonSheetGeneration" name="test_generate_comparison_sheet_invalid_lead" time="0.054" /><testcase classname="backend.tests.test_comparison_sheets_regression.TestComparisonSheetRetrieval" name="test_get_comparison_sheet_success" time="0.121" /><testcase classname="backend.tests.test_comparison_sheets_regression.TestComparisonSheetRetrieval" name="test_get_comparison_sheet_public_access" time="0.055" /><testcase classname="backend.tests.test_comparison_sheets_regression.TestComparisonSheetRetrieval" name="test_get_comparison_sheet_not_found" time="0.071" /><testcase classname="backend.tests.test_comparison_sheets_regression.TestAuthRoutesRegression" name="test_login_rm_success" time="0.289" /><testcase classname="backend.tests.test_comparison_sheets_regression.TestAuthRoutesRegression" name="test_login_admin_success" time="0.278" /><testcase classname="backend.tests.test_comparison_sheets_regression.TestAuthRoutesRegression" name="test_login_invalid_credentials" time="0.066" /><testcase classname="backend.tests.test_comparison_sheets_regression.TestAuthRoutesRegression" name="test_get_me_with_token" time="0.049" /><testcase classname="backend.tests.test_comparison_sheets_regression.TestAuthRoutesRegression" name="test_logout" time="0.056" /><testcase classname="backend.tests.test_comparison_sheets_regression.TestVenueRoutesRegression" name="test_search_venues" time="0.067" /><testcase classname="backend.tests.test_comparison_sheets_regression.TestVenueRoutesRegression" name="test_search_venues_with_city_filter" time="0.064" /><testcase classname="backend.tests.test_comparison_sheets_regression.TestVenueRoutesRegression" name="test_get_venue_by_id" time="0.051" /><testcase classname="backend.tests.test_comparison_sheets_regression.TestAvailabilityRoutesRegression" name="test_get_venue_availability" time="0.048" /><testcase classname="backend.tests.test_comparison_sheets_regression.TestAvailabilityRoutesRegression" name="test_get_venue_availability_with_month" time="0.063" /><testcase classname="backend.tests.test_comparison_sheets_regression.TestAvailabilityRoutesRegression" name="test_get_venue_holds" time="0.058" /><testcase classname="backend.tests.test_comparison_sheets_regression.TestAvailabilityRoutesRegression" name="test_get_lead_holds" time="0.059" /><testcase classname="backend.tests.test_comparison_sheets_regression.TestLegacyRoutesRegression" name="test_get_leads" time="0.055" /><testcase classname="backend.tests.test_comparison_sheets_regression.TestLegacyRoutesRegression" name="test_get_lead_by_id" time="0.073" /><testcase classname="backend.tests.test_comparison_sheets_regression.TestLegacyRoutesRegression" name="test_admin_control_room" time="0.080" /><testcase classname="backend.tests.test_comparison_sheets_regression.TestLegacyRoutesRegression" name="test_get_payments_for_lead" time="0.057" /></testsuite></testsuites>