<?xml version="1.0" encoding="utf-8"?><testsuites name="pytest tests"><testsuite name="pytest" errors="0" failures="1" skipped="0" tests="26" time="3.022" timestamp="2026-02-28T16:56:52.980361+00:00" hostname="agent-env-1add8c2f-f39a-4e6f-8c6c-026aff6160d9"><testcase classname="backend.tests.test_comparison_sheets_regression.TestComparisonSheetGeneration" name="test_generate_comparison_sheet_success_3_venues" time="0.568" /><testcase classname="backend.tests.test_comparison_sheets_regression.TestComparisonSheetGeneration" name="test_generate_comparison_sheet_with_admin" time="0.342" /><testcase classname="backend.tests.test_comparison_sheets_regression.TestComparisonSheetGeneration" name="test_generate_comparison_sheet_venue_data_enrichment" time="0.062" /><testcase classname="backend.tests.test_comparison_sheets_regression.TestComparisonSheetGeneration" name="test_generate_comparison_sheet_requires_auth" time="0.062" /><testcase classname="backend.tests.test_comparison_sheets_regression.TestComparisonSheetGeneration" name="test_generate_comparison_sheet_less_than_3_venues" time="0.063" /><testcase classname="backend.tests.test_comparison_sheets_regression.TestComparisonSheetGeneration" name="test_generate_comparison_sheet_more_than_5_venues" time="0.057" /><testcase classname="backend.tests.test_comparison_sheets_regression.TestComparisonSheetGeneration" name="test_generate_comparison_sheet_invalid_lead" time="0.056" /><testcase classname="backend.tests.test_comparison_sheets_regression.TestComparisonSheetRetrieval" name="test_get_comparison_sheet_success" time="0.149" /><testcase classname="backend.tests.test_comparison_sheets_regression.TestComparisonSheetRetrieval" name="test_get_comparison_sheet_public_access" time="0.057" /><testcase classname="backend.tests.test_comparison_sheets_regression.TestComparisonSheetRetrieval" name="test_get_comparison_sheet_not_found" time="0.065" /><testcase classname="backend.tests.test_comparison_sheets_regression.TestAuthRoutesRegression" name="test_login_rm_success" time="0.274" /><testcase classname="backend.tests.test_comparison_sheets_regression.TestAuthRoutesRegression" name="test_login_admin_success" time="0.276" /><testcase classname="backend.tests.test_comparison_sheets_regression.TestAuthRoutesRegression" name="test_login_invalid_credentials" time="0.053" /><testcase classname="backend.tests.test_comparison_sheets_regression.TestAuthRoutesRegression" name="test_get_me_with_token" time="0.053" /><testcase classname="backend.tests.test_comparison_sheets_regression.TestAuthRoutesRegression" name="test_logout" time="0.052" /><testcase classname="backend.tests.test_comparison_sheets_regression.TestVenueRoutesRegression" name="test_search_venues" time="0.059" /><testcase classname="backend.tests.test_comparison_sheets_regression.TestVenueRoutesRegression" name="test_search_venues_with_city_filter" time="0.050" /><testcase classname="backend.tests.test_comparison_sheets_regression.TestVenueRoutesRegression" name="test_get_venue_by_id" time="0.065" /><testcase classname="backend.tests.test_comparison_sheets_regression.TestAvailabilityRoutesRegression" name="test_get_venue_availability" time="0.054" /><testcase classname="backend.tests.test_comparison_sheets_regression.TestAvailabilityRoutesRegression" name="test_get_venue_availability_with_month" time="0.052" /><testcase classname="backend.tests.test_comparison_sheets_regression.TestAvailabilityRoutesRegression" name="test_get_venue_holds" time="0.064" /><testcase classname="backend.tests.test_comparison_sheets_regression.TestAvailabilityRoutesRegression" name="test_get_lead_holds" time="0.057" /><testcase classname="backend.tests.test_comparison_sheets_regression.TestLegacyRoutesRegression" name="test_get_leads" time="0.081" /><testcase classname="backend.tests.test_comparison_sheets_regression.TestLegacyRoutesRegression" name="test_get_lead_by_id" time="0.069" /><testcase classname="backend.tests.test_comparison_sheets_regression.TestLegacyRoutesRegression" name="test_admin_control_room" time="0.081"><failure message="AssertionError: assert ('total_leads' in {'current_month': 'February 2026', 'generated_at': '2026-02-28T16:56:55.874920+00:00', 'metrics': {'active_tentative_holds': 9, 'bmv_commission_current_month': 93000.0, 'confirmed_bookings_current_month': 8, 'confirmed_gmv_current_month': 5000000.0, ...}, 'monthly_gmv_trend': [{'bookings': 0, 'commission': 0, 'gmv': 0, 'month': 'Sep', ...}, {'bookings': 0, 'commission': 0, 'gmv': 0, 'month': 'Oct', ...}, {'bookings': 0, 'commission': 0, 'gmv': 0, 'month': 'Nov', ...}, {'bookings': 0, 'commission': 0, 'gmv': 0, 'month': 'Dec', ...}, {'bookings': 0, 'commission': 0, 'gmv': 0, 'month': 'Jan', ...}, {'bookings': 8, 'commission': 93000.0, 'gmv': 5000000.0, 'month': 'Feb', ...}], ...} or 'active_leads' in {'current_month': 'February 2026', 'generated_at': '2026-02-28T16:56:55.874920+00:00', 'metrics': {'active_tentative_holds': 9, 'bmv_commission_current_month': 93000.0, 'confirmed_bookings_current_month': 8, 'confirmed_gmv_current_month': 5000000.0, ...}, 'monthly_gmv_trend': [{'bookings': 0, 'commission': 0, 'gmv': 0, 'month': 'Sep', ...}, {'bookings': 0, 'commission': 0, 'gmv': 0, 'month': 'Oct', ...}, {'bookings': 0, 'commission': 0, 'gmv': 0, 'month': 'Nov', ...}, {'bookings': 0, 'commission': 0, 'gmv': 0, 'month': 'Dec', ...}, {'bookings': 0, 'commission': 0, 'gmv': 0, 'month': 'Jan', ...}, {'bookings': 8, 'commission': 93000.0, 'gmv': 5000000.0, 'month': 'Feb', ...}], ...} or 'kpis' in {'current_month': 'February 2026', 'generated_at': '2026-02-28T16:56:55.874920+00:00', 'metrics': {'active_tentative_holds': 9, 'bmv_commission_current_month': 93000.0, 'confirmed_bookings_current_month': 8, 'confirmed_gmv_current_month': 5000000.0, ...}, 'monthly_gmv_trend': [{'bookings': 0, 'commission': 0, 'gmv': 0, 'month': 'Sep', ...}, {'bookings': 0, 'commission': 0, 'gmv': 0, 'month': 'Oct', ...}, {'bookings': 0, 'commission': 0, 'gmv': 0, 'month': 'Nov', ...}, {'bookings': 0, 'commission': 0, 'gmv': 0, 'month': 'Dec', ...}, {'bookings': 0, 'commission': 0, 'gmv': 0, 'month': 'Jan', ...}, {'bookings': 8, 'commission': 93000.0, 'gmv': 5000000.0, 'month': 'Feb', ...}], ...})">backend/tests/test_comparison_sheets_regression.py:407: in test_admin_control_room
    assert "total_leads" in data or "active_leads" in data or "kpis" in data
E   AssertionError: assert ('total_leads' in {'current_month': 'February 2026', 'generated_at': '2026-02-28T16:56:55.874920+00:00', 'metrics': {'active_tentative_holds': 9, 'bmv_commission_current_month': 93000.0, 'confirmed_bookings_current_month': 8, 'confirmed_gmv_current_month': 5000000.0, ...}, 'monthly_gmv_trend': [{'bookings': 0, 'commission': 0, 'gmv': 0, 'month': 'Sep', ...}, {'bookings': 0, 'commission': 0, 'gmv': 0, 'month': 'Oct', ...}, {'bookings': 0, 'commission': 0, 'gmv': 0, 'month': 'Nov', ...}, {'bookings': 0, 'commission': 0, 'gmv': 0, 'month': 'Dec', ...}, {'bookings': 0, 'commission': 0, 'gmv': 0, 'month': 'Jan', ...}, {'bookings': 8, 'commission': 93000.0, 'gmv': 5000000.0, 'month': 'Feb', ...}], ...} or 'active_leads' in {'current_month': 'February 2026', 'generated_at': '2026-02-28T16:56:55.874920+00:00', 'metrics': {'active_tentative_holds': 9, 'bmv_commission_current_month': 93000.0, 'confirmed_bookings_current_month': 8, 'confirmed_gmv_current_month': 5000000.0, ...}, 'monthly_gmv_trend': [{'bookings': 0, 'commission': 0, 'gmv': 0, 'month': 'Sep', ...}, {'bookings': 0, 'commission': 0, 'gmv': 0, 'month': 'Oct', ...}, {'bookings': 0, 'commission': 0, 'gmv': 0, 'month': 'Nov', ...}, {'bookings': 0, 'commission': 0, 'gmv': 0, 'month': 'Dec', ...}, {'bookings': 0, 'commission': 0, 'gmv': 0, 'month': 'Jan', ...}, {'bookings': 8, 'commission': 93000.0, 'gmv': 5000000.0, 'month': 'Feb', ...}], ...} or 'kpis' in {'current_month': 'February 2026', 'generated_at': '2026-02-28T16:56:55.874920+00:00', 'metrics': {'active_tentative_holds': 9, 'bmv_commission_current_month': 93000.0, 'confirmed_bookings_current_month': 8, 'confirmed_gmv_current_month': 5000000.0, ...}, 'monthly_gmv_trend': [{'bookings': 0, 'commission': 0, 'gmv': 0, 'month': 'Sep', ...}, {'bookings': 0, 'commission': 0, 'gmv': 0, 'month': 'Oct', ...}, {'bookings': 0, 'commission': 0, 'gmv': 0, 'month': 'Nov', ...}, {'bookings': 0, 'commission': 0, 'gmv': 0, 'month': 'Dec', ...}, {'bookings': 0, 'commission': 0, 'gmv': 0, 'month': 'Jan', ...}, {'bookings': 8, 'commission': 93000.0, 'gmv': 5000000.0, 'month': 'Feb', ...}], ...})</failure></testcase><testcase classname="backend.tests.test_comparison_sheets_regression.TestLegacyRoutesRegression" name="test_get_payments_for_lead" time="0.055" /></testsuite></testsuites>