<?xml version="1.0" encoding="utf-8"?><testsuites name="pytest tests"><testsuite name="pytest" errors="0" failures="0" skipped="0" tests="8" time="3.166" timestamp="2026-02-28T14:45:08.195268+00:00" hostname="agent-env-46e663f2-6787-4ddf-9357-3da52f9c750b"><testcase classname="backend.tests.test_control_room.TestControlRoomAPI" name="test_control_room_requires_authentication" time="0.229" /><testcase classname="backend.tests.test_control_room.TestControlRoomAPI" name="test_control_room_admin_only" time="0.392" /><testcase classname="backend.tests.test_control_room.TestControlRoomAPI" name="test_control_room_returns_metrics" time="0.405" /><testcase classname="backend.tests.test_control_room.TestControlRoomAPI" name="test_control_room_metrics_structure" time="0.383" /><testcase classname="backend.tests.test_control_room.TestControlRoomAPI" name="test_control_room_monthly_gmv_trend" time="0.405" /><testcase classname="backend.tests.test_control_room.TestControlRoomAPI" name="test_control_room_top_venues_structure" time="0.424" /><testcase classname="backend.tests.test_control_room.TestControlRoomAPI" name="test_control_room_pipeline_value_is_numeric" time="0.408" /><testcase classname="backend.tests.test_control_room.TestControlRoomAPI" name="test_control_room_current_month_format" time="0.458" /></testsuite></testsuites>