<?xml version="1.0" encoding="utf-8"?><testsuites name="pytest tests"><testsuite name="pytest" errors="0" failures="0" skipped="0" tests="24" time="4.141" timestamp="2026-03-01T01:30:10.144403+00:00" hostname="agent-env-db7f071b-b053-458b-bcfa-d8b80f4222ad"><testcase classname="backend.tests.test_conversion_intelligence.TestConversionIntelligenceMain" name="test_main_endpoint_returns_200" time="0.549" /><testcase classname="backend.tests.test_conversion_intelligence.TestConversionIntelligenceMain" name="test_drop_off_structure" time="0.122" /><testcase classname="backend.tests.test_conversion_intelligence.TestConversionIntelligenceMain" name="test_velocity_structure" time="0.133" /><testcase classname="backend.tests.test_conversion_intelligence.TestConversionIntelligenceMain" name="test_forecast_structure" time="0.107" /><testcase classname="backend.tests.test_conversion_intelligence.TestConversionIntelligenceFilters" name="test_date_range_7_days" time="0.117" /><testcase classname="backend.tests.test_conversion_intelligence.TestConversionIntelligenceFilters" name="test_date_range_30_days" time="0.151" /><testcase classname="backend.tests.test_conversion_intelligence.TestConversionIntelligenceFilters" name="test_date_range_90_days" time="0.163" /><testcase classname="backend.tests.test_conversion_intelligence.TestConversionIntelligenceFilters" name="test_city_filter" time="0.163" /><testcase classname="backend.tests.test_conversion_intelligence.TestConversionIntelligenceFilters" name="test_rm_filter" time="0.284" /><testcase classname="backend.tests.test_conversion_intelligence.TestConversionIntelligenceFilters" name="test_combined_filters" time="0.125" /><testcase classname="backend.tests.test_conversion_intelligence.TestFilterOptionsEndpoint" name="test_filters_endpoint_returns_200" time="0.120" /><testcase classname="backend.tests.test_conversion_intelligence.TestFilterOptionsEndpoint" name="test_filters_returns_cities" time="0.108" /><testcase classname="backend.tests.test_conversion_intelligence.TestFilterOptionsEndpoint" name="test_filters_returns_rms" time="0.118" /><testcase classname="backend.tests.test_conversion_intelligence.TestFilterOptionsEndpoint" name="test_filters_cities_include_expected" time="0.110" /><testcase classname="backend.tests.test_conversion_intelligence.TestExportEndpoint" name="test_export_endpoint_returns_200" time="0.123" /><testcase classname="backend.tests.test_conversion_intelligence.TestExportEndpoint" name="test_export_returns_list" time="0.128" /><testcase classname="backend.tests.test_conversion_intelligence.TestExportEndpoint" name="test_export_lead_structure" time="0.180" /><testcase classname="backend.tests.test_conversion_intelligence.TestExportEndpoint" name="test_export_with_filters" time="0.111" /><testcase classname="backend.tests.test_conversion_intelligence.TestAuthAuthorization" name="test_unauthenticated_returns_401" time="0.109" /><testcase classname="backend.tests.test_conversion_intelligence.TestAuthAuthorization" name="test_non_admin_returns_403" time="0.487" /><testcase classname="backend.tests.test_conversion_intelligence.TestDataIntegrity" name="test_funnel_stages_ordered" time="0.183" /><testcase classname="backend.tests.test_conversion_intelligence.TestDataIntegrity" name="test_conversion_rates_valid" time="0.129" /><testcase classname="backend.tests.test_conversion_intelligence.TestDataIntegrity" name="test_exactly_one_leak_point" time="0.115" /><testcase classname="backend.tests.test_conversion_intelligence.TestDataIntegrity" name="test_stage_weights_valid" time="0.117" /></testsuite></testsuites>