<?xml version="1.0" encoding="utf-8"?><testsuites name="pytest tests"><testsuite name="pytest" errors="0" failures="0" skipped="0" tests="20" time="3.691" timestamp="2026-03-25T08:23:59.726744+00:00" hostname="agent-env-e0730eb7-40df-4751-bb6e-2fb26bfd553d"><testcase classname="backend.tests.test_customer_phase2_full.TestRecommendedVenuesEndpoint" name="test_recommended_venues_requires_auth" time="0.220" /><testcase classname="backend.tests.test_customer_phase2_full.TestRecommendedVenuesEndpoint" name="test_recommended_venues_returns_venues" time="0.452" /><testcase classname="backend.tests.test_customer_phase2_full.TestRecommendedVenuesEndpoint" name="test_recommended_venues_has_preference_matching" time="0.114" /><testcase classname="backend.tests.test_customer_phase2_full.TestRecommendedVenuesEndpoint" name="test_recommended_venues_has_required_fields" time="0.100" /><testcase classname="backend.tests.test_customer_phase2_full.TestMyBookingsEndpoint" name="test_my_bookings_requires_auth" time="0.099" /><testcase classname="backend.tests.test_customer_phase2_full.TestMyBookingsEndpoint" name="test_my_bookings_returns_list" time="0.104" /><testcase classname="backend.tests.test_customer_phase2_full.TestMyBookingsEndpoint" name="test_my_bookings_has_status_tracking" time="0.110" /><testcase classname="backend.tests.test_customer_phase2_full.TestMyBookingsEndpoint" name="test_my_bookings_has_venue_info" time="0.102" /><testcase classname="backend.tests.test_customer_phase2_full.TestMyReviewsEndpoint" name="test_my_reviews_requires_auth" time="0.135" /><testcase classname="backend.tests.test_customer_phase2_full.TestMyReviewsEndpoint" name="test_my_reviews_returns_list" time="0.117" /><testcase classname="backend.tests.test_customer_phase2_full.TestMyReviewsEndpoint" name="test_my_reviews_has_venue_enrichment" time="0.106" /><testcase classname="backend.tests.test_customer_phase2_full.TestMyPaymentsEndpoint" name="test_my_payments_requires_auth" time="0.094" /><testcase classname="backend.tests.test_customer_phase2_full.TestMyPaymentsEndpoint" name="test_my_payments_returns_list" time="0.131" /><testcase classname="backend.tests.test_customer_phase2_full.TestMyInvoicesEndpoint" name="test_my_invoices_requires_auth" time="0.146" /><testcase classname="backend.tests.test_customer_phase2_full.TestMyInvoicesEndpoint" name="test_my_invoices_returns_list" time="0.101" /><testcase classname="backend.tests.test_customer_phase2_full.TestCreateReviewEndpoint" name="test_create_review_requires_auth" time="0.113" /><testcase classname="backend.tests.test_customer_phase2_full.TestCreateReviewEndpoint" name="test_create_review_invalid_venue" time="0.112" /><testcase classname="backend.tests.test_customer_phase2_full.TestCreateReviewEndpoint" name="test_create_review_success" time="0.322" /><testcase classname="backend.tests.test_customer_phase2_full.TestEndpointIntegration" name="test_all_endpoints_accessible" time="0.503" /><testcase classname="backend.tests.test_customer_phase2_full.TestEndpointIntegration" name="test_data_consistency" time="0.423" /></testsuite></testsuites>