<?xml version="1.0" encoding="utf-8"?><testsuites name="pytest tests"><testsuite name="pytest" errors="0" failures="0" skipped="0" tests="15" time="2.811" timestamp="2026-03-25T06:37:55.544402+00:00" hostname="agent-env-e0730eb7-40df-4751-bb6e-2fb26bfd553d"><testcase classname="backend.tests.test_customer_phase2.TestMyBookingsEndpoint" name="test_my_bookings_requires_auth" time="0.154" /><testcase classname="backend.tests.test_customer_phase2.TestMyBookingsEndpoint" name="test_my_bookings_returns_list" time="0.440" /><testcase classname="backend.tests.test_customer_phase2.TestMyBookingsEndpoint" name="test_my_bookings_has_status_tracking" time="0.112" /><testcase classname="backend.tests.test_customer_phase2.TestMyBookingsEndpoint" name="test_my_bookings_has_venue_info" time="0.155" /><testcase classname="backend.tests.test_customer_phase2.TestMyReviewsEndpoint" name="test_my_reviews_requires_auth" time="0.099" /><testcase classname="backend.tests.test_customer_phase2.TestMyReviewsEndpoint" name="test_my_reviews_returns_list" time="0.114" /><testcase classname="backend.tests.test_customer_phase2.TestMyPaymentsEndpoint" name="test_my_payments_requires_auth" time="0.101" /><testcase classname="backend.tests.test_customer_phase2.TestMyPaymentsEndpoint" name="test_my_payments_returns_list" time="0.103" /><testcase classname="backend.tests.test_customer_phase2.TestMyInvoicesEndpoint" name="test_my_invoices_requires_auth" time="0.109" /><testcase classname="backend.tests.test_customer_phase2.TestMyInvoicesEndpoint" name="test_my_invoices_returns_list" time="0.098" /><testcase classname="backend.tests.test_customer_phase2.TestCreateReviewEndpoint" name="test_create_review_requires_auth" time="0.094" /><testcase classname="backend.tests.test_customer_phase2.TestCreateReviewEndpoint" name="test_create_review_invalid_venue" time="0.109" /><testcase classname="backend.tests.test_customer_phase2.TestCreateReviewEndpoint" name="test_create_review_success" time="0.338" /><testcase classname="backend.tests.test_customer_phase2.TestEndpointIntegration" name="test_all_endpoints_accessible" time="0.413" /><testcase classname="backend.tests.test_customer_phase2.TestEndpointIntegration" name="test_data_consistency" time="0.296" /></testsuite></testsuites>