<?xml version="1.0" encoding="utf-8"?><testsuites name="pytest tests"><testsuite name="pytest" errors="0" failures="0" skipped="2" tests="14" time="6.222" timestamp="2026-04-02T03:43:21.468968+00:00" hostname="agent-env-e0730eb7-40df-4751-bb6e-2fb26bfd553d"><testcase classname="backend.tests.test_data_team_phase3.TestDataTeamPhase3" name="test_01_data_team_login" time="0.503" /><testcase classname="backend.tests.test_data_team_phase3.TestDataTeamPhase3" name="test_02_data_team_can_access_acquisitions" time="0.370" /><testcase classname="backend.tests.test_data_team_phase3.TestDataTeamPhase3" name="test_03_filter_under_data_refinement" time="0.412" /><testcase classname="backend.tests.test_data_team_phase3.TestDataTeamPhase3" name="test_04_venus_assist_returns_rule_checks" time="0.369" /><testcase classname="backend.tests.test_data_team_phase3.TestDataTeamPhase3" name="test_05_venus_assist_detects_missing_photos" time="0.459" /><testcase classname="backend.tests.test_data_team_phase3.TestDataTeamPhase3" name="test_06_venus_assist_city_normalization" time="0.441" /><testcase classname="backend.tests.test_data_team_phase3.TestDataTeamPhase3" name="test_07_data_team_can_edit_during_refinement" time="0.420" /><testcase classname="backend.tests.test_data_team_phase3.TestDataTeamPhase3" name="test_08_refinement_edit_logs_audit" time="0.406" /><testcase classname="backend.tests.test_data_team_phase3.TestDataTeamPhase3" name="test_09_data_team_can_mark_ready_for_approval" time="0.742" /><testcase classname="backend.tests.test_data_team_phase3.TestDataTeamPhase3" name="test_10_send_back_requires_reason" time="0.403"><skipped type="pytest.skip" message="Acquisition not in refinement status: awaiting_manager_approval">/app/backend/tests/test_data_team_phase3.py:301: Acquisition not in refinement status: awaiting_manager_approval</skipped></testcase><testcase classname="backend.tests.test_data_team_phase3.TestDataTeamPhase3" name="test_11_send_back_with_reason_works" time="0.389"><skipped type="pytest.skip" message="Acquisition not in refinement status: awaiting_manager_approval">/app/backend/tests/test_data_team_phase3.py:328: Acquisition not in refinement status: awaiting_manager_approval</skipped></testcase><testcase classname="backend.tests.test_data_team_phase3.TestDataTeamPhase3" name="test_12_data_team_cannot_edit_non_refinement" time="0.454" /><testcase classname="backend.tests.test_data_team_phase3.TestDataTeamPhase3" name="test_13_venus_assist_pricing_inconsistency" time="0.385" /><testcase classname="backend.tests.test_data_team_phase3.TestDataTeamPhase3" name="test_14_stats_summary_endpoint" time="0.378" /></testsuite></testsuites>