<?xml version="1.0" encoding="utf-8"?><testsuites name="pytest tests"><testsuite name="pytest" errors="0" failures="0" skipped="0" tests="6" time="2.185" timestamp="2026-03-13T23:27:49.344725+00:00" hostname="agent-env-e0730eb7-40df-4751-bb6e-2fb26bfd553d"><testcase classname="backend.tests.test_email_otp_stay_signed_in.TestStaySignedInFlag" name="test_verify_with_stay_signed_in_true_returns_valid_token" time="0.394" /><testcase classname="backend.tests.test_email_otp_stay_signed_in.TestStaySignedInFlag" name="test_verify_with_stay_signed_in_false_returns_valid_token" time="0.340" /><testcase classname="backend.tests.test_email_otp_stay_signed_in.TestStaySignedInFlag" name="test_verify_without_stay_signed_in_defaults_works" time="0.358" /><testcase classname="backend.tests.test_email_otp_stay_signed_in.TestWrongOTPErrorFormat" name="test_wrong_otp_returns_string_detail" time="0.229" /><testcase classname="backend.tests.test_email_otp_stay_signed_in.TestAdminLoginStillWorks" name="test_admin_login_returns_valid_token" time="0.345" /><testcase classname="backend.tests.test_email_otp_stay_signed_in.TestAdminLoginStillWorks" name="test_admin_token_works_with_auth_me" time="0.458" /></testsuite></testsuites>