<?xml version="1.0" encoding="utf-8"?><testsuites name="pytest tests"><testsuite name="pytest" errors="0" failures="0" skipped="0" tests="9" time="2.725" timestamp="2026-03-13T23:14:52.844677+00:00" hostname="agent-env-e0730eb7-40df-4751-bb6e-2fb26bfd553d"><testcase classname="backend.tests.test_email_otp_auth.TestEmailOTPSend" name="test_send_otp_success" time="0.257" /><testcase classname="backend.tests.test_email_otp_auth.TestEmailOTPSend" name="test_send_otp_invalid_email" time="0.118" /><testcase classname="backend.tests.test_email_otp_auth.TestEmailOTPSend" name="test_send_otp_empty_email" time="0.143" /><testcase classname="backend.tests.test_email_otp_auth.TestEmailOTPVerify" name="test_verify_otp_success_new_user" time="0.343" /><testcase classname="backend.tests.test_email_otp_auth.TestEmailOTPVerify" name="test_verify_otp_success_existing_user" time="0.570" /><testcase classname="backend.tests.test_email_otp_auth.TestEmailOTPVerify" name="test_verify_otp_wrong_otp" time="0.369" /><testcase classname="backend.tests.test_email_otp_auth.TestEmailOTPVerify" name="test_verify_otp_no_otp_requested" time="0.137" /><testcase classname="backend.tests.test_email_otp_auth.TestEmailOTPTokenValidation" name="test_token_works_with_auth_me" time="0.344" /><testcase classname="backend.tests.test_email_otp_auth.TestAdminLogin" name="test_admin_email_password_login" time="0.362" /></testsuite></testsuites>