<?xml version="1.0" encoding="utf-8"?><testsuites name="pytest tests"><testsuite name="pytest" errors="0" failures="0" skipped="0" tests="13" time="9.310" timestamp="2026-03-01T01:01:36.290890+00:00" hostname="agent-env-4e0343e1-bc04-44dd-9a19-411c4de07827"><testcase classname="backend.tests.test_email_digest_sla.TestWeeklyDigestEndpoints" name="test_weekly_digest_requires_authentication" time="0.937" /><testcase classname="backend.tests.test_email_digest_sla.TestWeeklyDigestEndpoints" name="test_weekly_digest_requires_admin_role" time="0.823" /><testcase classname="backend.tests.test_email_digest_sla.TestWeeklyDigestEndpoints" name="test_weekly_digest_admin_can_trigger" time="0.884" /><testcase classname="backend.tests.test_email_digest_sla.TestWeeklyDigestEndpoints" name="test_weekly_digest_response_format" time="0.968" /><testcase classname="backend.tests.test_email_digest_sla.TestSLAEscalationEndpoints" name="test_sla_escalation_requires_authentication" time="0.936" /><testcase classname="backend.tests.test_email_digest_sla.TestSLAEscalationEndpoints" name="test_sla_escalation_requires_admin_role" time="0.865" /><testcase classname="backend.tests.test_email_digest_sla.TestSLAEscalationEndpoints" name="test_sla_escalation_admin_can_trigger" time="0.910" /><testcase classname="backend.tests.test_email_digest_sla.TestSLAEscalationEndpoints" name="test_sla_escalation_24h_cooldown" time="0.961" /><testcase classname="backend.tests.test_email_digest_sla.TestSLAEscalationEndpoints" name="test_sla_escalation_response_format" time="0.792" /><testcase classname="backend.tests.test_email_digest_sla.TestSLABreachesEndpoint" name="test_sla_breaches_returns_aging_leads" time="0.466" /><testcase classname="backend.tests.test_email_digest_sla.TestSLABreachesEndpoint" name="test_sla_breaches_identifies_critical_leads" time="0.466" /><testcase classname="backend.tests.test_email_digest_sla.TestVenueCitiesEndpoint" name="test_venues_cities_returns_cities" time="0.111" /><testcase classname="backend.tests.test_email_digest_sla.TestVenueCitiesEndpoint" name="test_venues_cities_has_required_data" time="0.113" /></testsuite></testsuites>