<?xml version="1.0" encoding="utf-8"?><testsuites name="pytest tests"><testsuite name="pytest" errors="0" failures="0" skipped="0" tests="9" time="3.599" timestamp="2026-03-14T11:37:15.819244+00:00" hostname="agent-env-e0730eb7-40df-4751-bb6e-2fb26bfd553d"><testcase classname="backend.tests.test_email_verification.TestEmailVerificationBackend" name="test_01_register_creates_user_with_email_verified_false" time="0.571" /><testcase classname="backend.tests.test_email_verification.TestEmailVerificationBackend" name="test_02_login_returns_email_verified_field_for_new_user" time="0.325" /><testcase classname="backend.tests.test_email_verification.TestEmailVerificationBackend" name="test_03_login_returns_email_verified_true_for_legacy_user" time="0.322" /><testcase classname="backend.tests.test_email_verification.TestEmailVerificationBackend" name="test_04_get_me_returns_email_verified_field" time="0.122" /><testcase classname="backend.tests.test_email_verification.TestEmailVerificationBackend" name="test_05_verify_email_with_invalid_token" time="0.102" /><testcase classname="backend.tests.test_email_verification.TestEmailVerificationBackend" name="test_06_resend_verification_requires_auth" time="0.110" /><testcase classname="backend.tests.test_email_verification.TestEmailVerificationBackend" name="test_07_resend_verification_with_auth" time="0.281" /><testcase classname="backend.tests.test_email_verification.TestEmailVerificationBackend" name="test_08_resend_verification_for_verified_user" time="0.438" /><testcase classname="backend.tests.test_email_verification.TestVerifyEmailEndToEnd" name="test_full_verification_flow" time="1.274" /></testsuite></testsuites>