<?xml version="1.0" encoding="utf-8"?><testsuites name="pytest tests"><testsuite name="pytest" errors="0" failures="0" skipped="0" tests="20" time="8.107" timestamp="2026-03-20T03:29:20.311884+00:00" hostname="agent-env-e0730eb7-40df-4751-bb6e-2fb26bfd553d"><testcase classname="backend.tests.test_employee_document_management.TestAdminCreateEmployee" name="test_create_hr_employee" time="0.847" /><testcase classname="backend.tests.test_employee_document_management.TestAdminCreateEmployee" name="test_create_finance_employee" time="0.349" /><testcase classname="backend.tests.test_employee_document_management.TestAdminCreateEmployee" name="test_create_operations_employee" time="0.386" /><testcase classname="backend.tests.test_employee_document_management.TestAdminCreateEmployee" name="test_create_marketing_employee" time="0.365" /><testcase classname="backend.tests.test_employee_document_management.TestAdminCreateEmployee" name="test_create_event_planner_employee" time="0.380" /><testcase classname="backend.tests.test_employee_document_management.TestAdminCreateEmployee" name="test_create_venue_owner_employee" time="0.347" /><testcase classname="backend.tests.test_employee_document_management.TestAdminCreateEmployee" name="test_invalid_role_returns_400" time="0.134" /><testcase classname="backend.tests.test_employee_document_management.TestAdminCreateEmployee" name="test_duplicate_email_returns_400" time="0.191" /><testcase classname="backend.tests.test_employee_document_management.TestHRDocumentTypes" name="test_document_types_returns_7_items" time="0.492" /><testcase classname="backend.tests.test_employee_document_management.TestHRDashboard" name="test_dashboard_returns_stats_for_all_roles" time="0.157" /><testcase classname="backend.tests.test_employee_document_management.TestHRStaff" name="test_staff_returns_all_managed_roles" time="0.159" /><testcase classname="backend.tests.test_employee_document_management.TestHRStaff" name="test_staff_filter_by_role_hr" time="0.129" /><testcase classname="backend.tests.test_employee_document_management.TestHRStaff" name="test_staff_filter_by_role_rm" time="0.162" /><testcase classname="backend.tests.test_employee_document_management.TestHRStaff" name="test_staff_includes_doc_counts" time="0.169" /><testcase classname="backend.tests.test_employee_document_management.TestDocumentManagement" name="test_upload_document" time="0.486" /><testcase classname="backend.tests.test_employee_document_management.TestDocumentManagement" name="test_get_employee_documents_returns_checklist" time="0.130" /><testcase classname="backend.tests.test_employee_document_management.TestDocumentManagement" name="test_verify_document" time="0.276" /><testcase classname="backend.tests.test_employee_document_management.TestDocumentManagement" name="test_reupload_replaces_document" time="0.309" /><testcase classname="backend.tests.test_employee_document_management.TestDocumentManagement" name="test_delete_document" time="0.395" /><testcase classname="backend.tests.test_employee_document_management.TestLoginGateForManagedRoles" name="test_non_rm_blocked_after_profile_complete" time="2.159" /></testsuite></testsuites>