<?xml version="1.0" encoding="utf-8"?><testsuites name="pytest tests"><testsuite name="pytest" errors="0" failures="0" skipped="0" tests="45" time="9.854" timestamp="2026-04-02T09:44:25.695866+00:00" hostname="agent-env-e0730eb7-40df-4751-bb6e-2fb26bfd553d"><testcase classname="backend.tests.test_execution_coordination_phase12.TestExecutionStatusUpdate" name="test_execution_status_requires_auth" time="0.198" /><testcase classname="backend.tests.test_execution_coordination_phase12.TestExecutionStatusUpdate" name="test_execution_status_invalid_status" time="0.446" /><testcase classname="backend.tests.test_execution_coordination_phase12.TestExecutionStatusUpdate" name="test_execution_status_valid_statuses" time="1.068" /><testcase classname="backend.tests.test_execution_coordination_phase12.TestExecutionStatusUpdate" name="test_execution_status_creates_timeline_entry" time="0.233" /><testcase classname="backend.tests.test_execution_coordination_phase12.TestEventDayCoordination" name="test_get_event_day_requires_auth" time="0.094" /><testcase classname="backend.tests.test_execution_coordination_phase12.TestEventDayCoordination" name="test_get_event_day_returns_data" time="0.094" /><testcase classname="backend.tests.test_execution_coordination_phase12.TestEventDayCoordination" name="test_update_setup_requires_auth" time="0.096" /><testcase classname="backend.tests.test_execution_coordination_phase12.TestEventDayCoordination" name="test_update_setup_validates_status" time="0.097" /><testcase classname="backend.tests.test_execution_coordination_phase12.TestEventDayCoordination" name="test_update_setup_success" time="0.096" /><testcase classname="backend.tests.test_execution_coordination_phase12.TestEventDayCoordination" name="test_add_timeline_requires_auth" time="0.112" /><testcase classname="backend.tests.test_execution_coordination_phase12.TestEventDayCoordination" name="test_add_timeline_validates_type" time="0.105" /><testcase classname="backend.tests.test_execution_coordination_phase12.TestEventDayCoordination" name="test_add_timeline_success" time="0.540" /><testcase classname="backend.tests.test_execution_coordination_phase12.TestIncidentHandling" name="test_list_incidents_requires_auth" time="0.103" /><testcase classname="backend.tests.test_execution_coordination_phase12.TestIncidentHandling" name="test_list_incidents_returns_data" time="0.101" /><testcase classname="backend.tests.test_execution_coordination_phase12.TestIncidentHandling" name="test_create_incident_requires_auth" time="0.096" /><testcase classname="backend.tests.test_execution_coordination_phase12.TestIncidentHandling" name="test_create_incident_validates_type" time="0.106" /><testcase classname="backend.tests.test_execution_coordination_phase12.TestIncidentHandling" name="test_create_incident_validates_severity" time="0.101" /><testcase classname="backend.tests.test_execution_coordination_phase12.TestIncidentHandling" name="test_create_incident_success" time="0.106" /><testcase classname="backend.tests.test_execution_coordination_phase12.TestIncidentHandling" name="test_high_severity_incident_sets_issue_active" time="0.308" /><testcase classname="backend.tests.test_execution_coordination_phase12.TestIncidentHandling" name="test_update_incident_requires_auth" time="0.131" /><testcase classname="backend.tests.test_execution_coordination_phase12.TestIncidentHandling" name="test_resolve_incident_reverts_status" time="0.316" /><testcase classname="backend.tests.test_execution_coordination_phase12.TestCommitmentAddenda" name="test_list_addenda_requires_auth" time="0.107" /><testcase classname="backend.tests.test_execution_coordination_phase12.TestCommitmentAddenda" name="test_list_addenda_returns_data" time="0.102" /><testcase classname="backend.tests.test_execution_coordination_phase12.TestCommitmentAddenda" name="test_create_addendum_requires_auth" time="0.096" /><testcase classname="backend.tests.test_execution_coordination_phase12.TestCommitmentAddenda" name="test_create_addendum_requires_handoff" time="0.212" /><testcase classname="backend.tests.test_execution_coordination_phase12.TestCommitmentAddenda" name="test_create_addendum_validates_change_type" time="0.119" /><testcase classname="backend.tests.test_execution_coordination_phase12.TestCommitmentAddenda" name="test_create_addendum_success_with_versioning" time="0.338" /><testcase classname="backend.tests.test_execution_coordination_phase12.TestCommitmentAddenda" name="test_original_snapshot_not_modified" time="0.314" /><testcase classname="backend.tests.test_execution_coordination_phase12.TestEventCompletion" name="test_complete_event_requires_auth" time="0.105" /><testcase classname="backend.tests.test_execution_coordination_phase12.TestEventCompletion" name="test_complete_event_success" time="0.314" /><testcase classname="backend.tests.test_execution_coordination_phase12.TestClosureReadiness" name="test_get_closure_requires_auth" time="0.103" /><testcase classname="backend.tests.test_execution_coordination_phase12.TestClosureReadiness" name="test_get_closure_returns_5_checks" time="0.102" /><testcase classname="backend.tests.test_execution_coordination_phase12.TestClosureReadiness" name="test_update_closure_requires_auth" time="0.105" /><testcase classname="backend.tests.test_execution_coordination_phase12.TestClosureReadiness" name="test_update_closure_toggles_checks" time="0.189" /><testcase classname="backend.tests.test_execution_coordination_phase12.TestClosureReadiness" name="test_update_closure_note" time="0.208" /><testcase classname="backend.tests.test_execution_coordination_phase12.TestClosureReadiness" name="test_close_event_requires_auth" time="0.089" /><testcase classname="backend.tests.test_execution_coordination_phase12.TestClosureReadiness" name="test_close_event_requires_all_checks" time="0.200" /><testcase classname="backend.tests.test_execution_coordination_phase12.TestClosureReadiness" name="test_close_event_success" time="0.317" /><testcase classname="backend.tests.test_execution_coordination_phase12.TestDashboardPhase12" name="test_dashboard_includes_execution_status" time="0.122" /><testcase classname="backend.tests.test_execution_coordination_phase12.TestDashboardPhase12" name="test_dashboard_includes_open_incidents" time="0.120" /><testcase classname="backend.tests.test_execution_coordination_phase12.TestDashboardPhase12" name="test_dashboard_summary_includes_phase12_counts" time="0.126" /><testcase classname="backend.tests.test_execution_coordination_phase12.TestDashboardPhase12" name="test_dashboard_sorting" time="0.117" /><testcase classname="backend.tests.test_execution_coordination_phase12.TestAllIncidentTypes" name="test_all_incident_types" time="0.758" /><testcase classname="backend.tests.test_execution_coordination_phase12.TestAllIncidentTypes" name="test_all_severity_levels" time="0.407" /><testcase classname="backend.tests.test_execution_coordination_phase12.TestAllAddendumTypes" name="test_all_change_types" time="0.514" /></testsuite></testsuites>