<?xml version="1.0" encoding="utf-8"?><testsuites name="pytest tests"><testsuite name="pytest" errors="0" failures="0" skipped="0" tests="38" time="6.008" timestamp="2026-04-02T09:24:09.788979+00:00" hostname="agent-env-e0730eb7-40df-4751-bb6e-2fb26bfd553d"><testcase classname="tests.test_execution_handoff_phase11.TestExecutionDashboard" name="test_dashboard_requires_auth" time="0.244" /><testcase classname="tests.test_execution_handoff_phase11.TestExecutionDashboard" name="test_dashboard_returns_confirmed_bookings" time="0.443" /><testcase classname="tests.test_execution_handoff_phase11.TestExecutionDashboard" name="test_dashboard_item_structure" time="0.097" /><testcase classname="tests.test_execution_handoff_phase11.TestExecutionDashboard" name="test_dashboard_status_filter" time="0.111" /><testcase classname="tests.test_execution_handoff_phase11.TestHandoffPackage" name="test_get_handoff_requires_auth" time="0.097" /><testcase classname="tests.test_execution_handoff_phase11.TestHandoffPackage" name="test_get_handoff_returns_full_data" time="0.437" /><testcase classname="tests.test_execution_handoff_phase11.TestHandoffPackage" name="test_get_handoff_not_found" time="0.105" /><testcase classname="tests.test_execution_handoff_phase11.TestHandoffPackage" name="test_create_handoff_requires_auth" time="0.101" /><testcase classname="tests.test_execution_handoff_phase11.TestHandoffPackage" name="test_create_handoff_prevents_duplicate" time="0.099" /><testcase classname="tests.test_execution_handoff_phase11.TestHandoffPackage" name="test_create_handoff_on_new_lead" time="0.245" /><testcase classname="tests.test_execution_handoff_phase11.TestExecutionAssignment" name="test_assign_requires_auth" time="0.104" /><testcase classname="tests.test_execution_handoff_phase11.TestExecutionAssignment" name="test_assign_requires_handoff" time="0.193" /><testcase classname="tests.test_execution_handoff_phase11.TestExecutionAssignment" name="test_assign_owner_success" time="0.100" /><testcase classname="tests.test_execution_handoff_phase11.TestAcknowledgeHandoff" name="test_acknowledge_requires_auth" time="0.102" /><testcase classname="tests.test_execution_handoff_phase11.TestAcknowledgeHandoff" name="test_acknowledge_success" time="0.210" /><testcase classname="tests.test_execution_handoff_phase11.TestHandoffStatusUpdate" name="test_update_status_requires_auth" time="0.096" /><testcase classname="tests.test_execution_handoff_phase11.TestHandoffStatusUpdate" name="test_update_status_invalid" time="0.101" /><testcase classname="tests.test_execution_handoff_phase11.TestHandoffStatusUpdate" name="test_update_status_to_in_preparation" time="0.108" /><testcase classname="tests.test_execution_handoff_phase11.TestHandoffStatusUpdate" name="test_update_status_to_ready" time="0.107" /><testcase classname="tests.test_execution_handoff_phase11.TestPreEventChecklist" name="test_get_checklist_requires_auth" time="0.104" /><testcase classname="tests.test_execution_handoff_phase11.TestPreEventChecklist" name="test_get_checklist_returns_items_and_readiness" time="0.098" /><testcase classname="tests.test_execution_handoff_phase11.TestPreEventChecklist" name="test_add_checklist_item_requires_auth" time="0.100" /><testcase classname="tests.test_execution_handoff_phase11.TestPreEventChecklist" name="test_add_checklist_item_success" time="0.104" /><testcase classname="tests.test_execution_handoff_phase11.TestPreEventChecklist" name="test_add_checklist_invalid_category" time="0.097" /><testcase classname="tests.test_execution_handoff_phase11.TestPreEventChecklist" name="test_update_checklist_item_requires_auth" time="0.099" /><testcase classname="tests.test_execution_handoff_phase11.TestPreEventChecklist" name="test_update_checklist_item_status" time="0.206" /><testcase classname="tests.test_execution_handoff_phase11.TestPreEventChecklist" name="test_update_checklist_invalid_status" time="0.235" /><testcase classname="tests.test_execution_handoff_phase11.TestChangeRequests" name="test_list_change_requests_requires_auth" time="0.094" /><testcase classname="tests.test_execution_handoff_phase11.TestChangeRequests" name="test_list_change_requests_success" time="0.103" /><testcase classname="tests.test_execution_handoff_phase11.TestChangeRequests" name="test_create_change_request_requires_auth" time="0.131" /><testcase classname="tests.test_execution_handoff_phase11.TestChangeRequests" name="test_create_change_request_success" time="0.107" /><testcase classname="tests.test_execution_handoff_phase11.TestChangeRequests" name="test_create_change_request_invalid_type" time="0.100" /><testcase classname="tests.test_execution_handoff_phase11.TestChangeRequests" name="test_create_all_cr_types" time="0.504" /><testcase classname="tests.test_execution_handoff_phase11.TestChangeRequests" name="test_resolve_change_request_requires_auth" time="0.097" /><testcase classname="tests.test_execution_handoff_phase11.TestChangeRequests" name="test_resolve_change_request_success" time="0.204" /><testcase classname="tests.test_execution_handoff_phase11.TestChangeRequests" name="test_resolve_change_request_invalid_status" time="0.213" /><testcase classname="tests.test_execution_handoff_phase11.TestReadinessPostureComputation" name="test_readiness_not_started" time="0.099" /><testcase classname="tests.test_execution_handoff_phase11.TestLegacyBackfill" name="test_legacy_leads_have_booking_readiness" time="0.106" /></testsuite></testsuites>