<?xml version="1.0" encoding="utf-8"?><testsuites name="pytest tests"><testsuite name="pytest" errors="0" failures="0" skipped="0" tests="12" time="3.444" timestamp="2026-03-02T18:57:39.674528+00:00" hostname="agent-env-6dccc417-e6bd-4f71-b411-ff760ede4024"><testcase classname="tests.test_favorites_auth.TestFavoritesAPI" name="test_1_favorites_requires_auth" time="0.278" /><testcase classname="tests.test_favorites_auth.TestFavoritesAPI" name="test_2_add_favorite" time="0.490" /><testcase classname="tests.test_favorites_auth.TestFavoritesAPI" name="test_3_get_favorites" time="0.166" /><testcase classname="tests.test_favorites_auth.TestFavoritesAPI" name="test_4_add_duplicate_favorite" time="0.284" /><testcase classname="tests.test_favorites_auth.TestFavoritesAPI" name="test_5_merge_favorites" time="0.148" /><testcase classname="tests.test_favorites_auth.TestFavoritesAPI" name="test_6_merge_empty_favorites" time="0.108" /><testcase classname="tests.test_favorites_auth.TestFavoritesAPI" name="test_7_remove_favorite" time="0.256" /><testcase classname="tests.test_favorites_auth.TestFavoritesAPI" name="test_8_clear_all_favorites" time="0.248" /><testcase classname="tests.test_favorites_auth.TestFavoritesAPI" name="test_9_post_favorite_without_venue_id" time="0.121" /><testcase classname="tests.test_favorites_auth.TestFavoritesDataPersistence" name="test_1_add_favorite_for_persistence" time="0.493" /><testcase classname="tests.test_favorites_auth.TestFavoritesDataPersistence" name="test_2_verify_persistence_new_session" time="0.515" /><testcase classname="tests.test_favorites_auth.TestFavoritesDataPersistence" name="test_3_cleanup_persistence_test" time="0.270" /></testsuite></testsuites>