<?xml version="1.0" encoding="utf-8"?><testsuites name="pytest tests"><testsuite name="pytest" errors="0" failures="0" skipped="0" tests="8" time="1.194" timestamp="2026-03-02T18:12:04.693901+00:00" hostname="agent-env-6dccc417-e6bd-4f71-b411-ff760ede4024"><testcase classname="backend.tests.test_favorites_batch.TestVenuesBatchEndpoint" name="test_batch_endpoint_returns_200" time="0.208" /><testcase classname="backend.tests.test_favorites_batch.TestVenuesBatchEndpoint" name="test_batch_endpoint_returns_venue_data" time="0.118" /><testcase classname="backend.tests.test_favorites_batch.TestVenuesBatchEndpoint" name="test_batch_endpoint_with_empty_ids" time="0.123" /><testcase classname="backend.tests.test_favorites_batch.TestVenuesBatchEndpoint" name="test_batch_endpoint_with_invalid_ids" time="0.096" /><testcase classname="backend.tests.test_favorites_batch.TestVenuesBatchEndpoint" name="test_batch_endpoint_multiple_ids" time="0.230" /><testcase classname="backend.tests.test_favorites_batch.TestVenuesBatchEndpoint" name="test_batch_endpoint_missing_body" time="0.127" /><testcase classname="backend.tests.test_favorites_batch.TestVenueSearchEndpoint" name="test_venue_search_returns_venues" time="0.109" /><testcase classname="backend.tests.test_favorites_batch.TestVenueSearchEndpoint" name="test_specific_venue_exists" time="0.118" /></testsuite></testsuites>