<?xml version="1.0" encoding="utf-8"?><testsuites name="pytest tests"><testsuite name="pytest" errors="0" failures="0" skipped="0" tests="12" time="1.968" timestamp="2026-03-02T01:25:39.220266+00:00" hostname="agent-env-088ca185-1c5f-43cb-9185-305a2569e8a6"><testcase classname="backend.tests.test_filter_bottomsheet.TestHealthAndVenues" name="test_health_check_returns_200" time="0.306" /><testcase classname="backend.tests.test_filter_bottomsheet.TestHealthAndVenues" name="test_venues_load_without_filter" time="0.209" /><testcase classname="backend.tests.test_filter_bottomsheet.TestHealthAndVenues" name="test_venues_structure" time="0.160" /><testcase classname="backend.tests.test_filter_bottomsheet.TestHealthAndVenues" name="test_venues_count_is_13" time="0.118" /><testcase classname="backend.tests.test_filter_bottomsheet.TestCityFilter" name="test_city_filter_delhi" time="0.161" /><testcase classname="backend.tests.test_filter_bottomsheet.TestCityFilter" name="test_cities_endpoint_returns_valid_data" time="0.162" /><testcase classname="backend.tests.test_filter_bottomsheet.TestVenueTypeFilter" name="test_venue_type_farmhouse_filter" time="0.175" /><testcase classname="backend.tests.test_filter_bottomsheet.TestVenueTypeFilter" name="test_venue_type_banquet_filter" time="0.108" /><testcase classname="backend.tests.test_filter_bottomsheet.TestGuestFilter" name="test_guest_min_filter" time="0.141" /><testcase classname="backend.tests.test_filter_bottomsheet.TestGuestFilter" name="test_guest_range_filter" time="0.111" /><testcase classname="backend.tests.test_filter_bottomsheet.TestCombinedFilters" name="test_city_and_venue_type_combined" time="0.142" /><testcase classname="backend.tests.test_filter_bottomsheet.TestCombinedFilters" name="test_sort_by_parameter" time="0.109" /></testsuite></testsuites>