<?xml version="1.0" encoding="utf-8"?><testsuites name="pytest tests"><testsuite name="pytest" errors="0" failures="0" skipped="0" tests="47" time="34.302" timestamp="2026-02-28T17:20:05.612244+00:00" hostname="agent-env-1add8c2f-f39a-4e6f-8c6c-026aff6160d9"><testcase classname="tests.test_final_backend_refactor_regression.TestAuthRoutes" name="test_health_check" time="0.248" /><testcase classname="tests.test_final_backend_refactor_regression.TestAuthRoutes" name="test_login_rm_success" time="0.397" /><testcase classname="tests.test_final_backend_refactor_regression.TestAuthRoutes" name="test_login_admin_success" time="0.374" /><testcase classname="tests.test_final_backend_refactor_regression.TestAuthRoutes" name="test_login_invalid_credentials" time="0.111" /><testcase classname="tests.test_final_backend_refactor_regression.TestAuthRoutes" name="test_get_me_authenticated" time="0.530" /><testcase classname="tests.test_final_backend_refactor_regression.TestAuthRoutes" name="test_get_me_unauthenticated" time="0.135" /><testcase classname="tests.test_final_backend_refactor_regression.TestVenueRoutes" name="test_search_venues_public" time="0.119" /><testcase classname="tests.test_final_backend_refactor_regression.TestVenueRoutes" name="test_search_venues_with_city_filter" time="0.115" /><testcase classname="tests.test_final_backend_refactor_regression.TestVenueRoutes" name="test_search_venues_with_event_type_filter" time="0.131" /><testcase classname="tests.test_final_backend_refactor_regression.TestVenueRoutes" name="test_get_venue_by_id" time="0.259" /><testcase classname="tests.test_final_backend_refactor_regression.TestVenueRoutes" name="test_get_venue_nonexistent" time="0.119" /><testcase classname="tests.test_final_backend_refactor_regression.TestVenueRoutes" name="test_get_venue_reviews" time="0.248" /><testcase classname="tests.test_final_backend_refactor_regression.TestAvailabilityRoutes" name="test_get_venue_availability" time="0.975" /><testcase classname="tests.test_final_backend_refactor_regression.TestAvailabilityRoutes" name="test_get_venue_holds_rm" time="0.967" /><testcase classname="tests.test_final_backend_refactor_regression.TestAvailabilityRoutes" name="test_get_venue_holds_unauthenticated" time="0.930" /><testcase classname="tests.test_final_backend_refactor_regression.TestLeadsRoutes" name="test_create_lead" time="0.930" /><testcase classname="tests.test_final_backend_refactor_regression.TestLeadsRoutes" name="test_list_leads_rm" time="0.904" /><testcase classname="tests.test_final_backend_refactor_regression.TestLeadsRoutes" name="test_list_leads_admin" time="0.917" /><testcase classname="tests.test_final_backend_refactor_regression.TestLeadsRoutes" name="test_get_lead_detail" time="0.925" /><testcase classname="tests.test_final_backend_refactor_regression.TestLeadsRoutes" name="test_get_lead_stage_requirements" time="1.022" /><testcase classname="tests.test_final_backend_refactor_regression.TestLeadsRoutes" name="test_get_lead_notes" time="0.951" /><testcase classname="tests.test_final_backend_refactor_regression.TestLeadsRoutes" name="test_get_lead_communications" time="0.905" /><testcase classname="tests.test_final_backend_refactor_regression.TestLeadsRoutes" name="test_get_lead_shortlist" time="0.981" /><testcase classname="tests.test_final_backend_refactor_regression.TestLeadsRoutes" name="test_get_lead_quotes" time="0.932" /><testcase classname="tests.test_final_backend_refactor_regression.TestLeadsRoutes" name="test_get_lead_follow_ups" time="0.932" /><testcase classname="tests.test_final_backend_refactor_regression.TestLeadsRoutes" name="test_get_lead_holds" time="1.021" /><testcase classname="tests.test_final_backend_refactor_regression.TestLeadsRoutes" name="test_get_lead_commission_summary" time="0.920" /><testcase classname="tests.test_final_backend_refactor_regression.TestLeadsRoutes" name="test_get_lead_activity" time="0.916" /><testcase classname="tests.test_final_backend_refactor_regression.TestComparisonSheetsRoutes" name="test_generate_comparison_sheet" time="1.014" /><testcase classname="tests.test_final_backend_refactor_regression.TestComparisonSheetsRoutes" name="test_generate_comparison_sheet_validation" time="0.976" /><testcase classname="tests.test_final_backend_refactor_regression.TestAdminRoutes" name="test_get_control_room" time="0.849" /><testcase classname="tests.test_final_backend_refactor_regression.TestAdminRoutes" name="test_get_control_room_forbidden_for_rm" time="0.822" /><testcase classname="tests.test_final_backend_refactor_regression.TestAdminRoutes" name="test_get_admin_stats" time="0.852" /><testcase classname="tests.test_final_backend_refactor_regression.TestAdminRoutes" name="test_get_rm_performance" time="0.771" /><testcase classname="tests.test_final_backend_refactor_regression.TestAdminRoutes" name="test_get_admin_users" time="0.790" /><testcase classname="tests.test_final_backend_refactor_regression.TestAdminRoutes" name="test_get_pending_approvals" time="0.805" /><testcase classname="tests.test_final_backend_refactor_regression.TestAdminRoutes" name="test_get_commission_report" time="0.847" /><testcase classname="tests.test_final_backend_refactor_regression.TestPaymentsRoutes" name="test_get_payment_stats" time="1.028" /><testcase classname="tests.test_final_backend_refactor_regression.TestPaymentsRoutes" name="test_get_payment_analytics" time="0.987" /><testcase classname="tests.test_final_backend_refactor_regression.TestPaymentsRoutes" name="test_payment_stats_forbidden_for_rm" time="1.044" /><testcase classname="tests.test_final_backend_refactor_regression.TestPaymentsRoutes" name="test_create_payment_order_validation" time="1.071" /><testcase classname="tests.test_final_backend_refactor_regression.TestIntegrationFlows" name="test_lead_to_shortlist_flow" time="1.116" /><testcase classname="tests.test_final_backend_refactor_regression.TestIntegrationFlows" name="test_lead_to_note_flow" time="0.981" /><testcase classname="tests.test_final_backend_refactor_regression.TestIntegrationFlows" name="test_venue_availability_check" time="0.926" /><testcase classname="tests.test_final_backend_refactor_regression.TestMongoDB_IdExclusion" name="test_venues_no_mongodb_id" time="0.450" /><testcase classname="tests.test_final_backend_refactor_regression.TestMongoDB_IdExclusion" name="test_leads_no_mongodb_id" time="0.453" /><testcase classname="tests.test_final_backend_refactor_regression.TestMongoDB_IdExclusion" name="test_admin_users_no_mongodb_id" time="0.473" /></testsuite></testsuites>