<?xml version="1.0" encoding="utf-8"?><testsuites name="pytest tests"><testsuite name="pytest" errors="0" failures="0" skipped="0" tests="14" time="6.210" timestamp="2026-03-20T05:53:52.104836+00:00" hostname="agent-env-e0730eb7-40df-4751-bb6e-2fb26bfd553d"><testcase classname="backend.tests.test_finance_ledger.TestFinanceLedgerAuth" name="test_ledger_requires_auth" time="0.258" /><testcase classname="backend.tests.test_finance_ledger.TestFinanceLedgerAuth" name="test_ledger_export_requires_auth" time="0.116" /><testcase classname="backend.tests.test_finance_ledger.TestFinanceLedgerAuth" name="test_ledger_admin_access" time="0.461" /><testcase classname="backend.tests.test_finance_ledger.TestFinanceLedgerAuth" name="test_ledger_export_admin_access" time="0.580" /><testcase classname="backend.tests.test_finance_ledger.TestFinanceLedgerPagination" name="test_ledger_response_structure" time="0.451" /><testcase classname="backend.tests.test_finance_ledger.TestFinanceLedgerPagination" name="test_ledger_pagination_default" time="0.427" /><testcase classname="backend.tests.test_finance_ledger.TestFinanceLedgerPagination" name="test_ledger_pagination_custom" time="0.447" /><testcase classname="backend.tests.test_finance_ledger.TestFinanceLedgerFilters" name="test_ledger_filter_by_status_payment_released" time="0.429" /><testcase classname="backend.tests.test_finance_ledger.TestFinanceLedgerFilters" name="test_ledger_filter_by_status_created" time="0.423" /><testcase classname="backend.tests.test_finance_ledger.TestFinanceLedgerFilters" name="test_ledger_filter_all_status" time="0.573" /><testcase classname="backend.tests.test_finance_ledger.TestFinanceLedgerFilters" name="test_ledger_search_by_name" time="0.529" /><testcase classname="backend.tests.test_finance_ledger.TestFinanceLedgerExport" name="test_ledger_export_returns_all" time="0.570" /><testcase classname="backend.tests.test_finance_ledger.TestFinanceLedgerExport" name="test_ledger_export_with_status_filter" time="0.455" /><testcase classname="backend.tests.test_finance_ledger.TestFinanceLedgerExport" name="test_ledger_export_payment_fields" time="0.426" /></testsuite></testsuites>