<?xml version="1.0" encoding="utf-8"?><testsuites name="pytest tests"><testsuite name="pytest" errors="0" failures="0" skipped="0" tests="11" time="5.708" timestamp="2026-02-28T13:23:22.100585+00:00" hostname="agent-env-55608220-6532-4bf9-947c-221f7aa259f9"><testcase classname="tests.test_payment_flexible_commission.TestPaymentAdvanceGuardrails" name="test_advance_below_minimum_returns_error" time="0.589" /><testcase classname="tests.test_payment_flexible_commission.TestPaymentAdvanceGuardrails" name="test_advance_above_maximum_returns_error" time="0.576" /><testcase classname="tests.test_payment_flexible_commission.TestFlexibleCommissionLogic" name="test_commission_rate_uses_default_10_percent" time="0.535" /><testcase classname="tests.test_payment_flexible_commission.TestFlexibleCommissionLogic" name="test_valid_advance_creates_payment_with_commission_breakdown" time="0.681" /><testcase classname="tests.test_payment_flexible_commission.TestPaymentNotifications" name="test_notification_created_on_payment_link_generation" time="0.328" /><testcase classname="tests.test_payment_flexible_commission.TestPaymentNotifications" name="test_notification_triggered_on_payment_release" time="0.324" /><testcase classname="tests.test_payment_flexible_commission.TestFullPaymentFlow" name="test_simulate_payment_flow" time="0.560" /><testcase classname="tests.test_payment_flexible_commission.TestFullPaymentFlow" name="test_release_payment_flow" time="0.532" /><testcase classname="tests.test_payment_flexible_commission.TestPaymentEndpoints" name="test_get_payments_list" time="0.429" /><testcase classname="tests.test_payment_flexible_commission.TestPaymentEndpoints" name="test_get_payments_stats" time="0.438" /><testcase classname="tests.test_payment_flexible_commission.TestPaymentEndpoints" name="test_payments_filter_by_status" time="0.663" /></testsuite></testsuites>