<?xml version="1.0" encoding="utf-8"?><testsuites name="pytest tests"><testsuite name="pytest" errors="0" failures="0" skipped="0" tests="49" time="8.744" timestamp="2026-04-02T11:02:25.636324+00:00" hostname="agent-env-e0730eb7-40df-4751-bb6e-2fb26bfd553d"><testcase classname="backend.tests.test_journey_execution_pipeline.TestJourneyExecutionPipeline" name="test_00_admin_login" time="0.480" /><testcase classname="backend.tests.test_journey_execution_pipeline.TestJourneyExecutionPipeline" name="test_01_rm_login" time="0.356" /><testcase classname="backend.tests.test_journey_execution_pipeline.TestJourneyExecutionPipeline" name="test_02_create_lead_via_intake" time="0.100" /><testcase classname="backend.tests.test_journey_execution_pipeline.TestJourneyExecutionPipeline" name="test_03_fast_track_to_booking_confirmed" time="1.142" /><testcase classname="backend.tests.test_journey_execution_pipeline.TestJourneyExecutionPipeline" name="test_04_create_handoff_package" time="0.103" /><testcase classname="backend.tests.test_journey_execution_pipeline.TestJourneyExecutionPipeline" name="test_05_verify_handoff_created" time="0.103" /><testcase classname="backend.tests.test_journey_execution_pipeline.TestJourneyExecutionPipeline" name="test_06_handoff_already_created_error" time="0.147" /><testcase classname="backend.tests.test_journey_execution_pipeline.TestJourneyExecutionPipeline" name="test_07_assign_execution_owner" time="0.136" /><testcase classname="backend.tests.test_journey_execution_pipeline.TestJourneyExecutionPipeline" name="test_08_verify_assigned_status" time="0.120" /><testcase classname="backend.tests.test_journey_execution_pipeline.TestJourneyExecutionPipeline" name="test_09_acknowledge_handoff" time="0.107" /><testcase classname="backend.tests.test_journey_execution_pipeline.TestJourneyExecutionPipeline" name="test_10_verify_acknowledgement" time="0.150" /><testcase classname="backend.tests.test_journey_execution_pipeline.TestJourneyExecutionPipeline" name="test_11_update_execution_status_in_preparation" time="0.114" /><testcase classname="backend.tests.test_journey_execution_pipeline.TestJourneyExecutionPipeline" name="test_12_add_checklist_item" time="0.111" /><testcase classname="backend.tests.test_journey_execution_pipeline.TestJourneyExecutionPipeline" name="test_13_update_checklist_item_status" time="0.109" /><testcase classname="backend.tests.test_journey_execution_pipeline.TestJourneyExecutionPipeline" name="test_14_verify_checklist_and_readiness" time="0.103" /><testcase classname="backend.tests.test_journey_execution_pipeline.TestJourneyExecutionPipeline" name="test_15_complete_all_checklist_items" time="1.151" /><testcase classname="backend.tests.test_journey_execution_pipeline.TestJourneyExecutionPipeline" name="test_16_update_status_ready_for_event" time="0.095" /><testcase classname="backend.tests.test_journey_execution_pipeline.TestJourneyExecutionPipeline" name="test_17_update_status_event_live" time="0.110" /><testcase classname="backend.tests.test_journey_execution_pipeline.TestJourneyExecutionPipeline" name="test_18_update_event_day_setup" time="0.098" /><testcase classname="backend.tests.test_journey_execution_pipeline.TestJourneyExecutionPipeline" name="test_19_complete_event_day_setup" time="0.103" /><testcase classname="backend.tests.test_journey_execution_pipeline.TestJourneyExecutionPipeline" name="test_20_add_timeline_entries" time="0.433" /><testcase classname="backend.tests.test_journey_execution_pipeline.TestJourneyExecutionPipeline" name="test_21_verify_timeline_entries" time="0.118" /><testcase classname="backend.tests.test_journey_execution_pipeline.TestJourneyExecutionPipeline" name="test_22_create_incident_low_severity" time="0.114" /><testcase classname="backend.tests.test_journey_execution_pipeline.TestJourneyExecutionPipeline" name="test_23_verify_status_still_event_live" time="0.106" /><testcase classname="backend.tests.test_journey_execution_pipeline.TestJourneyExecutionPipeline" name="test_24_create_incident_critical_severity" time="0.107" /><testcase classname="backend.tests.test_journey_execution_pipeline.TestJourneyExecutionPipeline" name="test_25_verify_status_issue_active" time="0.117" /><testcase classname="backend.tests.test_journey_execution_pipeline.TestJourneyExecutionPipeline" name="test_26_resolve_critical_incident" time="0.114" /><testcase classname="backend.tests.test_journey_execution_pipeline.TestJourneyExecutionPipeline" name="test_27_verify_status_reverts_to_event_live" time="0.109" /><testcase classname="backend.tests.test_journey_execution_pipeline.TestJourneyExecutionPipeline" name="test_28_list_incidents" time="0.332" /><testcase classname="backend.tests.test_journey_execution_pipeline.TestJourneyExecutionPipeline" name="test_29_complete_event" time="0.112" /><testcase classname="backend.tests.test_journey_execution_pipeline.TestJourneyExecutionPipeline" name="test_30_verify_event_completed_status" time="0.100" /><testcase classname="backend.tests.test_journey_execution_pipeline.TestJourneyExecutionPipeline" name="test_31_get_closure_readiness_initial" time="0.103" /><testcase classname="backend.tests.test_journey_execution_pipeline.TestJourneyExecutionPipeline" name="test_32_update_closure_with_note" time="0.111" /><testcase classname="backend.tests.test_journey_execution_pipeline.TestJourneyExecutionPipeline" name="test_33_update_all_closure_checks" time="0.116" /><testcase classname="backend.tests.test_journey_execution_pipeline.TestJourneyExecutionPipeline" name="test_34_verify_closure_readiness_gate" time="0.111" /><testcase classname="backend.tests.test_journey_execution_pipeline.TestJourneyExecutionPipeline" name="test_35_close_event" time="0.112" /><testcase classname="backend.tests.test_journey_execution_pipeline.TestJourneyExecutionPipeline" name="test_36_verify_closure_ready_status" time="0.110" /><testcase classname="backend.tests.test_journey_execution_pipeline.TestJourneyExecutionPipeline" name="test_37_create_change_request" time="0.103" /><testcase classname="backend.tests.test_journey_execution_pipeline.TestJourneyExecutionPipeline" name="test_38_list_change_requests" time="0.101" /><testcase classname="backend.tests.test_journey_execution_pipeline.TestJourneyExecutionPipeline" name="test_39_resolve_change_request" time="0.114" /><testcase classname="backend.tests.test_journey_execution_pipeline.TestJourneyExecutionPipeline" name="test_40_create_addendum" time="0.097" /><testcase classname="backend.tests.test_journey_execution_pipeline.TestJourneyExecutionPipeline" name="test_41_list_addenda" time="0.103" /><testcase classname="backend.tests.test_journey_execution_pipeline.TestJourneyExecutionPipeline" name="test_42_verify_booking_snapshot_immutable" time="0.104" /><testcase classname="backend.tests.test_journey_execution_pipeline.TestJourneyExecutionPipeline" name="test_43_invalid_execution_status" time="0.100" /><testcase classname="backend.tests.test_journey_execution_pipeline.TestJourneyExecutionPipeline" name="test_44_invalid_incident_type" time="0.117" /><testcase classname="backend.tests.test_journey_execution_pipeline.TestJourneyExecutionPipeline" name="test_45_invalid_incident_severity" time="0.103" /><testcase classname="backend.tests.test_journey_execution_pipeline.TestJourneyExecutionPipeline" name="test_46_invalid_cr_type" time="0.103" /><testcase classname="backend.tests.test_journey_execution_pipeline.TestJourneyExecutionPipeline" name="test_47_invalid_timeline_entry_type" time="0.104" /><testcase classname="backend.tests.test_journey_execution_pipeline.TestJourneyExecutionPipeline" name="test_48_execution_dashboard" time="0.109" /></testsuite></testsuites>