<?xml version="1.0" encoding="utf-8"?><testsuites name="pytest tests"><testsuite name="pytest" errors="0" failures="0" skipped="0" tests="37" time="6.830" timestamp="2026-04-02T10:57:15.929458+00:00" hostname="agent-env-e0730eb7-40df-4751-bb6e-2fb26bfd553d"><testcase classname="backend.tests.test_journey_rm_conversion_pipeline.TestJourneyRMConversionPipeline" name="test_step1_01_rm_login" time="0.346" /><testcase classname="backend.tests.test_journey_rm_conversion_pipeline.TestJourneyRMConversionPipeline" name="test_step1_02_create_intake_enquiry" time="0.370" /><testcase classname="backend.tests.test_journey_rm_conversion_pipeline.TestJourneyRMConversionPipeline" name="test_step1_03_verify_booking_readiness_defaults" time="0.101" /><testcase classname="backend.tests.test_journey_rm_conversion_pipeline.TestJourneyRMConversionPipeline" name="test_step2_01_transition_to_requirement_qualified" time="0.103" /><testcase classname="backend.tests.test_journey_rm_conversion_pipeline.TestJourneyRMConversionPipeline" name="test_step2_02_verify_stage_in_case_detail" time="0.113" /><testcase classname="backend.tests.test_journey_rm_conversion_pipeline.TestJourneyRMConversionPipeline" name="test_step3_01_transition_to_venues_shortlisted" time="0.115" /><testcase classname="backend.tests.test_journey_rm_conversion_pipeline.TestJourneyRMConversionPipeline" name="test_step3_02_get_available_venue_for_shortlist" time="0.111" /><testcase classname="backend.tests.test_journey_rm_conversion_pipeline.TestJourneyRMConversionPipeline" name="test_step3_03_add_venue_to_shortlist" time="0.105" /><testcase classname="backend.tests.test_journey_rm_conversion_pipeline.TestJourneyRMConversionPipeline" name="test_step3_04_get_shortlist" time="0.098" /><testcase classname="backend.tests.test_journey_rm_conversion_pipeline.TestJourneyRMConversionPipeline" name="test_step3_05_update_shortlist_status" time="0.104" /><testcase classname="backend.tests.test_journey_rm_conversion_pipeline.TestJourneyRMConversionPipeline" name="test_step4_01_transition_to_quote_requested" time="0.101" /><testcase classname="backend.tests.test_journey_rm_conversion_pipeline.TestJourneyRMConversionPipeline" name="test_step4_02_create_quote" time="0.094" /><testcase classname="backend.tests.test_journey_rm_conversion_pipeline.TestJourneyRMConversionPipeline" name="test_step4_03_get_quotes" time="0.101" /><testcase classname="backend.tests.test_journey_rm_conversion_pipeline.TestJourneyRMConversionPipeline" name="test_step4_04_update_quote_to_received" time="0.098" /><testcase classname="backend.tests.test_journey_rm_conversion_pipeline.TestJourneyRMConversionPipeline" name="test_step4_05_transition_to_quote_received" time="0.104" /><testcase classname="backend.tests.test_journey_rm_conversion_pipeline.TestJourneyRMConversionPipeline" name="test_step5_01_transition_to_site_visit_planned" time="0.106" /><testcase classname="backend.tests.test_journey_rm_conversion_pipeline.TestJourneyRMConversionPipeline" name="test_step5_02_create_visit" time="0.095" /><testcase classname="backend.tests.test_journey_rm_conversion_pipeline.TestJourneyRMConversionPipeline" name="test_step5_03_get_visits" time="0.115" /><testcase classname="backend.tests.test_journey_rm_conversion_pipeline.TestJourneyRMConversionPipeline" name="test_step5_04_complete_visit" time="0.099" /><testcase classname="backend.tests.test_journey_rm_conversion_pipeline.TestJourneyRMConversionPipeline" name="test_step5_05_transition_to_site_visit_completed" time="0.096" /><testcase classname="backend.tests.test_journey_rm_conversion_pipeline.TestJourneyRMConversionPipeline" name="test_step6_01_transition_to_negotiation_in_progress" time="0.106" /><testcase classname="backend.tests.test_journey_rm_conversion_pipeline.TestJourneyRMConversionPipeline" name="test_step6_02_start_negotiation" time="0.117" /><testcase classname="backend.tests.test_journey_rm_conversion_pipeline.TestJourneyRMConversionPipeline" name="test_step6_03_get_negotiations" time="0.100" /><testcase classname="backend.tests.test_journey_rm_conversion_pipeline.TestJourneyRMConversionPipeline" name="test_step6_04_update_negotiation_to_agreed" time="0.099" /><testcase classname="backend.tests.test_journey_rm_conversion_pipeline.TestJourneyRMConversionPipeline" name="test_step7_01_transition_to_commercial_accepted" time="0.106" /><testcase classname="backend.tests.test_journey_rm_conversion_pipeline.TestJourneyRMConversionPipeline" name="test_step8_01_set_all_booking_readiness_checks" time="0.091" /><testcase classname="backend.tests.test_journey_rm_conversion_pipeline.TestJourneyRMConversionPipeline" name="test_step8_02_verify_booking_readiness" time="0.097" /><testcase classname="backend.tests.test_journey_rm_conversion_pipeline.TestJourneyRMConversionPipeline" name="test_step9_01_transition_to_booking_confirmation_pending" time="0.120" /><testcase classname="backend.tests.test_journey_rm_conversion_pipeline.TestJourneyRMConversionPipeline" name="test_step9_02_transition_to_booking_confirmed" time="0.116" /><testcase classname="backend.tests.test_journey_rm_conversion_pipeline.TestJourneyRMConversionPipeline" name="test_step9_03_verify_final_stage" time="0.106" /><testcase classname="backend.tests.test_journey_rm_conversion_pipeline.TestStageTransitionValidation" name="test_invalid_transition_enquiry_to_booking_confirmed" time="0.405" /><testcase classname="backend.tests.test_journey_rm_conversion_pipeline.TestStageTransitionValidation" name="test_invalid_transition_enquiry_to_commercial_accepted" time="0.424" /><testcase classname="backend.tests.test_journey_rm_conversion_pipeline.TestLostReopenCycle" name="test_mark_lost_and_reopen" time="0.595" /><testcase classname="backend.tests.test_journey_rm_conversion_pipeline.TestConversionDashboard" name="test_get_conversion_cases" time="0.387" /><testcase classname="backend.tests.test_journey_rm_conversion_pipeline.TestConversionDashboard" name="test_get_case_detail" time="0.425" /><testcase classname="backend.tests.test_journey_rm_conversion_pipeline.TestCommunicationNotes" name="test_log_communication" time="0.436" /><testcase classname="backend.tests.test_journey_rm_conversion_pipeline.TestCommunicationNotes" name="test_get_communications" time="0.418" /></testsuite></testsuites>