<?xml version="1.0" encoding="utf-8"?><testsuites name="pytest tests"><testsuite name="pytest" errors="0" failures="0" skipped="0" tests="29" time="6.160" timestamp="2026-04-02T10:52:10.538430+00:00" hostname="agent-env-e0730eb7-40df-4751-bb6e-2fb26bfd553d"><testcase classname="backend.tests.test_journey_venue_acquisition_publish.TestJourneySetup" name="test_01_admin_login" time="0.498" /><testcase classname="backend.tests.test_journey_venue_acquisition_publish.TestJourneySetup" name="test_02_specialist_login" time="0.337" /><testcase classname="backend.tests.test_journey_venue_acquisition_publish.TestJourneySetup" name="test_03_teamlead_login" time="0.358" /><testcase classname="backend.tests.test_journey_venue_acquisition_publish.TestJourneySetup" name="test_04_venue_manager_login" time="0.320" /><testcase classname="backend.tests.test_journey_venue_acquisition_publish.TestStep1SpecialistCreatesDraft" name="test_01_create_acquisition_draft" time="0.147" /><testcase classname="backend.tests.test_journey_venue_acquisition_publish.TestStep1SpecialistCreatesDraft" name="test_02_verify_draft_status_via_get" time="0.142" /><testcase classname="backend.tests.test_journey_venue_acquisition_publish.TestStep2SpecialistFillsAndSubmits" name="test_01_fill_mandatory_fields" time="0.147" /><testcase classname="backend.tests.test_journey_venue_acquisition_publish.TestStep2SpecialistFillsAndSubmits" name="test_02_cannot_submit_without_mandatory_fields" time="0.237" /><testcase classname="backend.tests.test_journey_venue_acquisition_publish.TestStep2SpecialistFillsAndSubmits" name="test_03_submit_for_review" time="0.276" /><testcase classname="backend.tests.test_journey_venue_acquisition_publish.TestStep3TeamLeadReviews" name="test_01_teamlead_can_view_submitted" time="0.099" /><testcase classname="backend.tests.test_journey_venue_acquisition_publish.TestStep3TeamLeadReviews" name="test_02_send_to_data_refinement" time="0.200" /><testcase classname="backend.tests.test_journey_venue_acquisition_publish.TestStep4DataTeamRefines" name="test_01_data_team_can_edit" time="0.109" /><testcase classname="backend.tests.test_journey_venue_acquisition_publish.TestStep4DataTeamRefines" name="test_02_venus_assist_quality_checks" time="0.096" /><testcase classname="backend.tests.test_journey_venue_acquisition_publish.TestStep4DataTeamRefines" name="test_03_send_to_manager_approval" time="0.186" /><testcase classname="backend.tests.test_journey_venue_acquisition_publish.TestStep5ManagerApproves" name="test_01_upload_photos_for_approval" time="0.104" /><testcase classname="backend.tests.test_journey_venue_acquisition_publish.TestStep5ManagerApproves" name="test_02_manager_approves" time="0.203" /><testcase classname="backend.tests.test_journey_venue_acquisition_publish.TestStep6ManagerInitiatesOnboarding" name="test_01_transition_to_onboarding_pending" time="0.215" /><testcase classname="backend.tests.test_journey_venue_acquisition_publish.TestStep6ManagerInitiatesOnboarding" name="test_02_send_onboarding" time="0.390" /><testcase classname="backend.tests.test_journey_venue_acquisition_publish.TestStep7OwnerAcceptsOnboarding" name="test_01_view_onboarding_page" time="0.105" /><testcase classname="backend.tests.test_journey_venue_acquisition_publish.TestStep7OwnerAcceptsOnboarding" name="test_02_accept_onboarding" time="0.096" /><testcase classname="backend.tests.test_journey_venue_acquisition_publish.TestStep7OwnerAcceptsOnboarding" name="test_03_verify_status_completed" time="0.105" /><testcase classname="backend.tests.test_journey_venue_acquisition_publish.TestStep8ManagerPublishes" name="test_01_check_publish_readiness" time="0.097" /><testcase classname="backend.tests.test_journey_venue_acquisition_publish.TestStep8ManagerPublishes" name="test_02_publish_venue" time="0.201" /><testcase classname="backend.tests.test_journey_venue_acquisition_publish.TestStep8ManagerPublishes" name="test_03_verify_published_status" time="0.121" /><testcase classname="backend.tests.test_journey_venue_acquisition_publish.TestSendBackFlows" name="test_01_sendback_requires_reason" time="0.326" /><testcase classname="backend.tests.test_journey_venue_acquisition_publish.TestSendBackFlows" name="test_02_rejection_requires_reason" time="0.336" /><testcase classname="backend.tests.test_journey_venue_acquisition_publish.TestRoleGates" name="test_01_specialist_cannot_transition_from_submitted" time="0.299" /><testcase classname="backend.tests.test_journey_venue_acquisition_publish.TestValidations" name="test_01_cannot_submit_without_mandatory_fields" time="0.193" /><testcase classname="backend.tests.test_journey_venue_acquisition_publish.TestCleanup" name="test_cleanup_test_acquisitions" time="0.117" /></testsuite></testsuites>