<?xml version="1.0" encoding="utf-8"?><testsuites name="pytest tests"><testsuite name="pytest" errors="0" failures="4" skipped="0" tests="30" time="3.160" timestamp="2026-02-28T17:08:50.713157+00:00" hostname="agent-env-1add8c2f-f39a-4e6f-8c6c-026aff6160d9"><testcase classname="backend.tests.test_leads_routes_regression.TestLeadCRUD" name="test_create_lead_success" time="0.640" /><testcase classname="backend.tests.test_leads_routes_regression.TestLeadCRUD" name="test_create_lead_with_planner" time="0.057" /><testcase classname="backend.tests.test_leads_routes_regression.TestLeadCRUD" name="test_list_leads_rm" time="0.055" /><testcase classname="backend.tests.test_leads_routes_regression.TestLeadCRUD" name="test_list_leads_admin_sees_all" time="0.345" /><testcase classname="backend.tests.test_leads_routes_regression.TestLeadCRUD" name="test_list_leads_with_filters" time="0.057" /><testcase classname="backend.tests.test_leads_routes_regression.TestLeadCRUD" name="test_list_leads_unauthorized" time="0.053" /><testcase classname="backend.tests.test_leads_routes_regression.TestLeadCRUD" name="test_get_lead_details" time="0.132"><failure message="AssertionError: Get lead details failed: 403 - {&quot;detail&quot;:&quot;Not authorized&quot;}&#10;assert 403 == 200&#10; +  where 403 = &lt;Response [403]&gt;.status_code">backend/tests/test_leads_routes_regression.py:222: in test_get_lead_details
    assert response.status_code == 200, f"Get lead details failed: {response.status_code} - {response.text}"
E   AssertionError: Get lead details failed: 403 - {"detail":"Not authorized"}
E   assert 403 == 200
E    +  where 403 = &lt;Response [403]&gt;.status_code</failure></testcase><testcase classname="backend.tests.test_leads_routes_regression.TestLeadCRUD" name="test_get_lead_not_found" time="0.072" /><testcase classname="backend.tests.test_leads_routes_regression.TestLeadCRUD" name="test_update_lead_basic" time="0.054"><failure message="AssertionError: Update lead failed: 403 - {&quot;detail&quot;:&quot;Not authorized&quot;}&#10;assert 403 == 200&#10; +  where 403 = &lt;Response [403]&gt;.status_code">backend/tests/test_leads_routes_regression.py:253: in test_update_lead_basic
    assert response.status_code == 200, f"Update lead failed: {response.status_code} - {response.text}"
E   AssertionError: Update lead failed: 403 - {"detail":"Not authorized"}
E   assert 403 == 200
E    +  where 403 = &lt;Response [403]&gt;.status_code</failure></testcase><testcase classname="backend.tests.test_leads_routes_regression.TestLeadCRUD" name="test_update_lead_stage_to_contacted" time="0.069"><failure message="AssertionError: Stage update failed: 403 - {&quot;detail&quot;:&quot;Not authorized&quot;}&#10;assert 403 == 200&#10; +  where 403 = &lt;Response [403]&gt;.status_code">backend/tests/test_leads_routes_regression.py:267: in test_update_lead_stage_to_contacted
    assert response.status_code == 200, f"Stage update failed: {response.status_code} - {response.text}"
E   AssertionError: Stage update failed: 403 - {"detail":"Not authorized"}
E   assert 403 == 200
E    +  where 403 = &lt;Response [403]&gt;.status_code</failure></testcase><testcase classname="backend.tests.test_leads_routes_regression.TestStageRequirements" name="test_get_stage_requirements" time="0.066" /><testcase classname="backend.tests.test_leads_routes_regression.TestLeadNotes" name="test_add_note" time="0.061" /><testcase classname="backend.tests.test_leads_routes_regression.TestLeadNotes" name="test_get_notes" time="0.059" /><testcase classname="backend.tests.test_leads_routes_regression.TestLeadFollowUps" name="test_add_follow_up" time="0.063" /><testcase classname="backend.tests.test_leads_routes_regression.TestLeadFollowUps" name="test_get_follow_ups" time="0.055" /><testcase classname="backend.tests.test_leads_routes_regression.TestLeadCommunications" name="test_log_communication" time="0.086" /><testcase classname="backend.tests.test_leads_routes_regression.TestLeadCommunications" name="test_get_communications" time="0.064" /><testcase classname="backend.tests.test_leads_routes_regression.TestLeadShortlist" name="test_add_to_shortlist" time="0.078" /><testcase classname="backend.tests.test_leads_routes_regression.TestLeadShortlist" name="test_add_duplicate_to_shortlist" time="0.062" /><testcase classname="backend.tests.test_leads_routes_regression.TestLeadShortlist" name="test_get_shortlist" time="0.060" /><testcase classname="backend.tests.test_leads_routes_regression.TestLeadQuotes" name="test_create_quote" time="0.074" /><testcase classname="backend.tests.test_leads_routes_regression.TestLeadQuotes" name="test_get_quotes" time="0.058" /><testcase classname="backend.tests.test_leads_routes_regression.TestCommission" name="test_get_commission_summary" time="0.056" /><testcase classname="backend.tests.test_leads_routes_regression.TestLeadActivity" name="test_get_lead_activity" time="0.055" /><testcase classname="backend.tests.test_leads_routes_regression.TestAdminOperations" name="test_reassign_lead" time="0.139" /><testcase classname="backend.tests.test_leads_routes_regression.TestAdminOperations" name="test_reassign_lead_rm_forbidden" time="0.078" /><testcase classname="backend.tests.test_leads_routes_regression.TestStageValidation" name="test_stage_transition_to_site_visit_without_requirements" time="0.121"><failure message="AssertionError: Expected 400 for invalid stage transition, got 403&#10;assert 403 == 400&#10; +  where 403 = &lt;Response [403]&gt;.status_code">backend/tests/test_leads_routes_regression.py:636: in test_stage_transition_to_site_visit_without_requirements
    assert response.status_code == 400, f"Expected 400 for invalid stage transition, got {response.status_code}"
E   AssertionError: Expected 400 for invalid stage transition, got 403
E   assert 403 == 400
E    +  where 403 = &lt;Response [403]&gt;.status_code</failure></testcase><testcase classname="backend.tests.test_leads_routes_regression.TestExistingLead" name="test_get_existing_lead" time="0.061" /><testcase classname="backend.tests.test_leads_routes_regression.TestExistingLead" name="test_get_existing_lead_commission_summary" time="0.073" /><testcase classname="backend.tests.test_leads_routes_regression.TestHealthCheck" name="test_api_health" time="0.055" /></testsuite></testsuites>