<?xml version="1.0" encoding="utf-8"?><testsuites name="pytest tests"><testsuite name="pytest" errors="0" failures="2" skipped="20" tests="30" time="1.929" timestamp="2026-02-28T17:08:10.551595+00:00" hostname="agent-env-1add8c2f-f39a-4e6f-8c6c-026aff6160d9"><testcase classname="backend.tests.test_leads_routes_regression.TestLeadCRUD" name="test_create_lead_success" time="0.664"><failure message="AssertionError: Create lead failed: 422 - {&quot;detail&quot;:[{&quot;type&quot;:&quot;string_type&quot;,&quot;loc&quot;:[&quot;body&quot;,&quot;preferences&quot;],&quot;msg&quot;:&quot;Input should be a valid string&quot;,&quot;input&quot;:{&quot;cuisine&quot;:&quot;multi-cuisine&quot;},&quot;url&quot;:&quot;https://errors.pydantic.dev/2.12/v/string_type&quot;}]}&#10;assert 422 == 200&#10; +  where 422 = &lt;Response [422]&gt;.status_code">backend/tests/test_leads_routes_regression.py:136: in test_create_lead_success
    assert response.status_code == 200, f"Create lead failed: {response.status_code} - {response.text}"
E   AssertionError: Create lead failed: 422 - {"detail":[{"type":"string_type","loc":["body","preferences"],"msg":"Input should be a valid string","input":{"cuisine":"multi-cuisine"},"url":"https://errors.pydantic.dev/2.12/v/string_type"}]}
E   assert 422 == 200
E    +  where 422 = &lt;Response [422]&gt;.status_code</failure></testcase><testcase classname="backend.tests.test_leads_routes_regression.TestLeadCRUD" name="test_create_lead_with_planner" time="0.066"><failure message="AssertionError: Create lead with planner failed: 422&#10;assert 422 == 200&#10; +  where 422 = &lt;Response [422]&gt;.status_code">backend/tests/test_leads_routes_regression.py:163: in test_create_lead_with_planner
    assert response.status_code == 200, f"Create lead with planner failed: {response.status_code}"
E   AssertionError: Create lead with planner failed: 422
E   assert 422 == 200
E    +  where 422 = &lt;Response [422]&gt;.status_code</failure></testcase><testcase classname="backend.tests.test_leads_routes_regression.TestLeadCRUD" name="test_list_leads_rm" time="0.058" /><testcase classname="backend.tests.test_leads_routes_regression.TestLeadCRUD" name="test_list_leads_admin_sees_all" time="0.351" /><testcase classname="backend.tests.test_leads_routes_regression.TestLeadCRUD" name="test_list_leads_with_filters" time="0.092" /><testcase classname="backend.tests.test_leads_routes_regression.TestLeadCRUD" name="test_list_leads_unauthorized" time="0.066" /><testcase classname="backend.tests.test_leads_routes_regression.TestLeadCRUD" name="test_get_lead_details" time="0.062"><skipped type="pytest.skip" message="Could not create test lead: 422 - {&quot;detail&quot;:[{&quot;type&quot;:&quot;string_type&quot;,&quot;loc&quot;:[&quot;body&quot;,&quot;preferences&quot;],&quot;msg&quot;:&quot;Input should be a valid string&quot;,&quot;input&quot;:{&quot;cuisine&quot;:&quot;vegetarian&quot;,&quot;theme&quot;:&quot;royal&quot;},&quot;url&quot;:&quot;https://errors.pydantic.dev/2.12/v/string_type&quot;}]}">/app/backend/tests/test_leads_routes_regression.py:215: Could not create test lead: 422 - {"detail":[{"type":"string_type","loc":["body","preferences"],"msg":"Input should be a valid string","input":{"cuisine":"vegetarian","theme":"royal"},"url":"https://errors.pydantic.dev/2.12/v/string_type"}]}</skipped></testcase><testcase classname="backend.tests.test_leads_routes_regression.TestLeadCRUD" name="test_get_lead_not_found" time="0.157" /><testcase classname="backend.tests.test_leads_routes_regression.TestLeadCRUD" name="test_update_lead_basic" time="0.000"><skipped type="pytest.skip" message="Could not create test lead: 422 - {&quot;detail&quot;:[{&quot;type&quot;:&quot;string_type&quot;,&quot;loc&quot;:[&quot;body&quot;,&quot;preferences&quot;],&quot;msg&quot;:&quot;Input should be a valid string&quot;,&quot;input&quot;:{&quot;cuisine&quot;:&quot;vegetarian&quot;,&quot;theme&quot;:&quot;royal&quot;},&quot;url&quot;:&quot;https://errors.pydantic.dev/2.12/v/string_type&quot;}]}">/app/backend/tests/test_leads_routes_regression.py:241: Could not create test lead: 422 - {"detail":[{"type":"string_type","loc":["body","preferences"],"msg":"Input should be a valid string","input":{"cuisine":"vegetarian","theme":"royal"},"url":"https://errors.pydantic.dev/2.12/v/string_type"}]}</skipped></testcase><testcase classname="backend.tests.test_leads_routes_regression.TestLeadCRUD" name="test_update_lead_stage_to_contacted" time="0.000"><skipped type="pytest.skip" message="Could not create test lead: 422 - {&quot;detail&quot;:[{&quot;type&quot;:&quot;string_type&quot;,&quot;loc&quot;:[&quot;body&quot;,&quot;preferences&quot;],&quot;msg&quot;:&quot;Input should be a valid string&quot;,&quot;input&quot;:{&quot;cuisine&quot;:&quot;vegetarian&quot;,&quot;theme&quot;:&quot;royal&quot;},&quot;url&quot;:&quot;https://errors.pydantic.dev/2.12/v/string_type&quot;}]}">/app/backend/tests/test_leads_routes_regression.py:259: Could not create test lead: 422 - {"detail":[{"type":"string_type","loc":["body","preferences"],"msg":"Input should be a valid string","input":{"cuisine":"vegetarian","theme":"royal"},"url":"https://errors.pydantic.dev/2.12/v/string_type"}]}</skipped></testcase><testcase classname="backend.tests.test_leads_routes_regression.TestStageRequirements" name="test_get_stage_requirements" time="0.001"><skipped type="pytest.skip" message="Could not create test lead: 422 - {&quot;detail&quot;:[{&quot;type&quot;:&quot;string_type&quot;,&quot;loc&quot;:[&quot;body&quot;,&quot;preferences&quot;],&quot;msg&quot;:&quot;Input should be a valid string&quot;,&quot;input&quot;:{&quot;cuisine&quot;:&quot;vegetarian&quot;,&quot;theme&quot;:&quot;royal&quot;},&quot;url&quot;:&quot;https://errors.pydantic.dev/2.12/v/string_type&quot;}]}">/app/backend/tests/test_leads_routes_regression.py:278: Could not create test lead: 422 - {"detail":[{"type":"string_type","loc":["body","preferences"],"msg":"Input should be a valid string","input":{"cuisine":"vegetarian","theme":"royal"},"url":"https://errors.pydantic.dev/2.12/v/string_type"}]}</skipped></testcase><testcase classname="backend.tests.test_leads_routes_regression.TestLeadNotes" name="test_add_note" time="0.000"><skipped type="pytest.skip" message="Could not create test lead: 422 - {&quot;detail&quot;:[{&quot;type&quot;:&quot;string_type&quot;,&quot;loc&quot;:[&quot;body&quot;,&quot;preferences&quot;],&quot;msg&quot;:&quot;Input should be a valid string&quot;,&quot;input&quot;:{&quot;cuisine&quot;:&quot;vegetarian&quot;,&quot;theme&quot;:&quot;royal&quot;},&quot;url&quot;:&quot;https://errors.pydantic.dev/2.12/v/string_type&quot;}]}">/app/backend/tests/test_leads_routes_regression.py:307: Could not create test lead: 422 - {"detail":[{"type":"string_type","loc":["body","preferences"],"msg":"Input should be a valid string","input":{"cuisine":"vegetarian","theme":"royal"},"url":"https://errors.pydantic.dev/2.12/v/string_type"}]}</skipped></testcase><testcase classname="backend.tests.test_leads_routes_regression.TestLeadNotes" name="test_get_notes" time="0.000"><skipped type="pytest.skip" message="Could not create test lead: 422 - {&quot;detail&quot;:[{&quot;type&quot;:&quot;string_type&quot;,&quot;loc&quot;:[&quot;body&quot;,&quot;preferences&quot;],&quot;msg&quot;:&quot;Input should be a valid string&quot;,&quot;input&quot;:{&quot;cuisine&quot;:&quot;vegetarian&quot;,&quot;theme&quot;:&quot;royal&quot;},&quot;url&quot;:&quot;https://errors.pydantic.dev/2.12/v/string_type&quot;}]}">/app/backend/tests/test_leads_routes_regression.py:328: Could not create test lead: 422 - {"detail":[{"type":"string_type","loc":["body","preferences"],"msg":"Input should be a valid string","input":{"cuisine":"vegetarian","theme":"royal"},"url":"https://errors.pydantic.dev/2.12/v/string_type"}]}</skipped></testcase><testcase classname="backend.tests.test_leads_routes_regression.TestLeadFollowUps" name="test_add_follow_up" time="0.000"><skipped type="pytest.skip" message="Could not create test lead: 422 - {&quot;detail&quot;:[{&quot;type&quot;:&quot;string_type&quot;,&quot;loc&quot;:[&quot;body&quot;,&quot;preferences&quot;],&quot;msg&quot;:&quot;Input should be a valid string&quot;,&quot;input&quot;:{&quot;cuisine&quot;:&quot;vegetarian&quot;,&quot;theme&quot;:&quot;royal&quot;},&quot;url&quot;:&quot;https://errors.pydantic.dev/2.12/v/string_type&quot;}]}">/app/backend/tests/test_leads_routes_regression.py:346: Could not create test lead: 422 - {"detail":[{"type":"string_type","loc":["body","preferences"],"msg":"Input should be a valid string","input":{"cuisine":"vegetarian","theme":"royal"},"url":"https://errors.pydantic.dev/2.12/v/string_type"}]}</skipped></testcase><testcase classname="backend.tests.test_leads_routes_regression.TestLeadFollowUps" name="test_get_follow_ups" time="0.001"><skipped type="pytest.skip" message="Could not create test lead: 422 - {&quot;detail&quot;:[{&quot;type&quot;:&quot;string_type&quot;,&quot;loc&quot;:[&quot;body&quot;,&quot;preferences&quot;],&quot;msg&quot;:&quot;Input should be a valid string&quot;,&quot;input&quot;:{&quot;cuisine&quot;:&quot;vegetarian&quot;,&quot;theme&quot;:&quot;royal&quot;},&quot;url&quot;:&quot;https://errors.pydantic.dev/2.12/v/string_type&quot;}]}">/app/backend/tests/test_leads_routes_regression.py:368: Could not create test lead: 422 - {"detail":[{"type":"string_type","loc":["body","preferences"],"msg":"Input should be a valid string","input":{"cuisine":"vegetarian","theme":"royal"},"url":"https://errors.pydantic.dev/2.12/v/string_type"}]}</skipped></testcase><testcase classname="backend.tests.test_leads_routes_regression.TestLeadCommunications" name="test_log_communication" time="0.000"><skipped type="pytest.skip" message="Could not create test lead: 422 - {&quot;detail&quot;:[{&quot;type&quot;:&quot;string_type&quot;,&quot;loc&quot;:[&quot;body&quot;,&quot;preferences&quot;],&quot;msg&quot;:&quot;Input should be a valid string&quot;,&quot;input&quot;:{&quot;cuisine&quot;:&quot;vegetarian&quot;,&quot;theme&quot;:&quot;royal&quot;},&quot;url&quot;:&quot;https://errors.pydantic.dev/2.12/v/string_type&quot;}]}">/app/backend/tests/test_leads_routes_regression.py:386: Could not create test lead: 422 - {"detail":[{"type":"string_type","loc":["body","preferences"],"msg":"Input should be a valid string","input":{"cuisine":"vegetarian","theme":"royal"},"url":"https://errors.pydantic.dev/2.12/v/string_type"}]}</skipped></testcase><testcase classname="backend.tests.test_leads_routes_regression.TestLeadCommunications" name="test_get_communications" time="0.000"><skipped type="pytest.skip" message="Could not create test lead: 422 - {&quot;detail&quot;:[{&quot;type&quot;:&quot;string_type&quot;,&quot;loc&quot;:[&quot;body&quot;,&quot;preferences&quot;],&quot;msg&quot;:&quot;Input should be a valid string&quot;,&quot;input&quot;:{&quot;cuisine&quot;:&quot;vegetarian&quot;,&quot;theme&quot;:&quot;royal&quot;},&quot;url&quot;:&quot;https://errors.pydantic.dev/2.12/v/string_type&quot;}]}">/app/backend/tests/test_leads_routes_regression.py:409: Could not create test lead: 422 - {"detail":[{"type":"string_type","loc":["body","preferences"],"msg":"Input should be a valid string","input":{"cuisine":"vegetarian","theme":"royal"},"url":"https://errors.pydantic.dev/2.12/v/string_type"}]}</skipped></testcase><testcase classname="backend.tests.test_leads_routes_regression.TestLeadShortlist" name="test_add_to_shortlist" time="0.001"><skipped type="pytest.skip" message="Could not create test lead: 422 - {&quot;detail&quot;:[{&quot;type&quot;:&quot;string_type&quot;,&quot;loc&quot;:[&quot;body&quot;,&quot;preferences&quot;],&quot;msg&quot;:&quot;Input should be a valid string&quot;,&quot;input&quot;:{&quot;cuisine&quot;:&quot;vegetarian&quot;,&quot;theme&quot;:&quot;royal&quot;},&quot;url&quot;:&quot;https://errors.pydantic.dev/2.12/v/string_type&quot;}]}">/app/backend/tests/test_leads_routes_regression.py:427: Could not create test lead: 422 - {"detail":[{"type":"string_type","loc":["body","preferences"],"msg":"Input should be a valid string","input":{"cuisine":"vegetarian","theme":"royal"},"url":"https://errors.pydantic.dev/2.12/v/string_type"}]}</skipped></testcase><testcase classname="backend.tests.test_leads_routes_regression.TestLeadShortlist" name="test_add_duplicate_to_shortlist" time="0.000"><skipped type="pytest.skip" message="Could not create test lead: 422 - {&quot;detail&quot;:[{&quot;type&quot;:&quot;string_type&quot;,&quot;loc&quot;:[&quot;body&quot;,&quot;preferences&quot;],&quot;msg&quot;:&quot;Input should be a valid string&quot;,&quot;input&quot;:{&quot;cuisine&quot;:&quot;vegetarian&quot;,&quot;theme&quot;:&quot;royal&quot;},&quot;url&quot;:&quot;https://errors.pydantic.dev/2.12/v/string_type&quot;}]}">/app/backend/tests/test_leads_routes_regression.py:450: Could not create test lead: 422 - {"detail":[{"type":"string_type","loc":["body","preferences"],"msg":"Input should be a valid string","input":{"cuisine":"vegetarian","theme":"royal"},"url":"https://errors.pydantic.dev/2.12/v/string_type"}]}</skipped></testcase><testcase classname="backend.tests.test_leads_routes_regression.TestLeadShortlist" name="test_get_shortlist" time="0.000"><skipped type="pytest.skip" message="Could not create test lead: 422 - {&quot;detail&quot;:[{&quot;type&quot;:&quot;string_type&quot;,&quot;loc&quot;:[&quot;body&quot;,&quot;preferences&quot;],&quot;msg&quot;:&quot;Input should be a valid string&quot;,&quot;input&quot;:{&quot;cuisine&quot;:&quot;vegetarian&quot;,&quot;theme&quot;:&quot;royal&quot;},&quot;url&quot;:&quot;https://errors.pydantic.dev/2.12/v/string_type&quot;}]}">/app/backend/tests/test_leads_routes_regression.py:467: Could not create test lead: 422 - {"detail":[{"type":"string_type","loc":["body","preferences"],"msg":"Input should be a valid string","input":{"cuisine":"vegetarian","theme":"royal"},"url":"https://errors.pydantic.dev/2.12/v/string_type"}]}</skipped></testcase><testcase classname="backend.tests.test_leads_routes_regression.TestLeadQuotes" name="test_create_quote" time="0.000"><skipped type="pytest.skip" message="Could not create test lead: 422 - {&quot;detail&quot;:[{&quot;type&quot;:&quot;string_type&quot;,&quot;loc&quot;:[&quot;body&quot;,&quot;preferences&quot;],&quot;msg&quot;:&quot;Input should be a valid string&quot;,&quot;input&quot;:{&quot;cuisine&quot;:&quot;vegetarian&quot;,&quot;theme&quot;:&quot;royal&quot;},&quot;url&quot;:&quot;https://errors.pydantic.dev/2.12/v/string_type&quot;}]}">/app/backend/tests/test_leads_routes_regression.py:487: Could not create test lead: 422 - {"detail":[{"type":"string_type","loc":["body","preferences"],"msg":"Input should be a valid string","input":{"cuisine":"vegetarian","theme":"royal"},"url":"https://errors.pydantic.dev/2.12/v/string_type"}]}</skipped></testcase><testcase classname="backend.tests.test_leads_routes_regression.TestLeadQuotes" name="test_get_quotes" time="0.000"><skipped type="pytest.skip" message="Could not create test lead: 422 - {&quot;detail&quot;:[{&quot;type&quot;:&quot;string_type&quot;,&quot;loc&quot;:[&quot;body&quot;,&quot;preferences&quot;],&quot;msg&quot;:&quot;Input should be a valid string&quot;,&quot;input&quot;:{&quot;cuisine&quot;:&quot;vegetarian&quot;,&quot;theme&quot;:&quot;royal&quot;},&quot;url&quot;:&quot;https://errors.pydantic.dev/2.12/v/string_type&quot;}]}">/app/backend/tests/test_leads_routes_regression.py:515: Could not create test lead: 422 - {"detail":[{"type":"string_type","loc":["body","preferences"],"msg":"Input should be a valid string","input":{"cuisine":"vegetarian","theme":"royal"},"url":"https://errors.pydantic.dev/2.12/v/string_type"}]}</skipped></testcase><testcase classname="backend.tests.test_leads_routes_regression.TestCommission" name="test_get_commission_summary" time="0.000"><skipped type="pytest.skip" message="Could not create test lead: 422 - {&quot;detail&quot;:[{&quot;type&quot;:&quot;string_type&quot;,&quot;loc&quot;:[&quot;body&quot;,&quot;preferences&quot;],&quot;msg&quot;:&quot;Input should be a valid string&quot;,&quot;input&quot;:{&quot;cuisine&quot;:&quot;vegetarian&quot;,&quot;theme&quot;:&quot;royal&quot;},&quot;url&quot;:&quot;https://errors.pydantic.dev/2.12/v/string_type&quot;}]}">/app/backend/tests/test_leads_routes_regression.py:533: Could not create test lead: 422 - {"detail":[{"type":"string_type","loc":["body","preferences"],"msg":"Input should be a valid string","input":{"cuisine":"vegetarian","theme":"royal"},"url":"https://errors.pydantic.dev/2.12/v/string_type"}]}</skipped></testcase><testcase classname="backend.tests.test_leads_routes_regression.TestLeadActivity" name="test_get_lead_activity" time="0.001"><skipped type="pytest.skip" message="Could not create test lead: 422 - {&quot;detail&quot;:[{&quot;type&quot;:&quot;string_type&quot;,&quot;loc&quot;:[&quot;body&quot;,&quot;preferences&quot;],&quot;msg&quot;:&quot;Input should be a valid string&quot;,&quot;input&quot;:{&quot;cuisine&quot;:&quot;vegetarian&quot;,&quot;theme&quot;:&quot;royal&quot;},&quot;url&quot;:&quot;https://errors.pydantic.dev/2.12/v/string_type&quot;}]}">/app/backend/tests/test_leads_routes_regression.py:555: Could not create test lead: 422 - {"detail":[{"type":"string_type","loc":["body","preferences"],"msg":"Input should be a valid string","input":{"cuisine":"vegetarian","theme":"royal"},"url":"https://errors.pydantic.dev/2.12/v/string_type"}]}</skipped></testcase><testcase classname="backend.tests.test_leads_routes_regression.TestAdminOperations" name="test_reassign_lead" time="0.000"><skipped type="pytest.skip" message="Could not create test lead: 422 - {&quot;detail&quot;:[{&quot;type&quot;:&quot;string_type&quot;,&quot;loc&quot;:[&quot;body&quot;,&quot;preferences&quot;],&quot;msg&quot;:&quot;Input should be a valid string&quot;,&quot;input&quot;:{&quot;cuisine&quot;:&quot;vegetarian&quot;,&quot;theme&quot;:&quot;royal&quot;},&quot;url&quot;:&quot;https://errors.pydantic.dev/2.12/v/string_type&quot;}]}">/app/backend/tests/test_leads_routes_regression.py:575: Could not create test lead: 422 - {"detail":[{"type":"string_type","loc":["body","preferences"],"msg":"Input should be a valid string","input":{"cuisine":"vegetarian","theme":"royal"},"url":"https://errors.pydantic.dev/2.12/v/string_type"}]}</skipped></testcase><testcase classname="backend.tests.test_leads_routes_regression.TestAdminOperations" name="test_reassign_lead_rm_forbidden" time="0.000"><skipped type="pytest.skip" message="Could not create test lead: 422 - {&quot;detail&quot;:[{&quot;type&quot;:&quot;string_type&quot;,&quot;loc&quot;:[&quot;body&quot;,&quot;preferences&quot;],&quot;msg&quot;:&quot;Input should be a valid string&quot;,&quot;input&quot;:{&quot;cuisine&quot;:&quot;vegetarian&quot;,&quot;theme&quot;:&quot;royal&quot;},&quot;url&quot;:&quot;https://errors.pydantic.dev/2.12/v/string_type&quot;}]}">/app/backend/tests/test_leads_routes_regression.py:588: Could not create test lead: 422 - {"detail":[{"type":"string_type","loc":["body","preferences"],"msg":"Input should be a valid string","input":{"cuisine":"vegetarian","theme":"royal"},"url":"https://errors.pydantic.dev/2.12/v/string_type"}]}</skipped></testcase><testcase classname="backend.tests.test_leads_routes_regression.TestStageValidation" name="test_stage_transition_to_site_visit_without_requirements" time="0.071"><skipped type="pytest.skip" message="Could not create test lead for stage validation">/app/backend/tests/test_leads_routes_regression.py:625: Could not create test lead for stage validation</skipped></testcase><testcase classname="backend.tests.test_leads_routes_regression.TestExistingLead" name="test_get_existing_lead" time="0.062" /><testcase classname="backend.tests.test_leads_routes_regression.TestExistingLead" name="test_get_existing_lead_commission_summary" time="0.061" /><testcase classname="backend.tests.test_leads_routes_regression.TestHealthCheck" name="test_api_health" time="0.068" /></testsuite></testsuites>