<?xml version="1.0" encoding="utf-8"?><testsuites name="pytest tests"><testsuite name="pytest" errors="0" failures="0" skipped="0" tests="13" time="5.733" timestamp="2026-04-02T04:03:50.099257+00:00" hostname="agent-env-e0730eb7-40df-4751-bb6e-2fb26bfd553d"><testcase classname="backend.tests.test_manager_approval_phase4.TestVenueManagerApprovalPhase4" name="test_01_venue_manager_login" time="0.394" /><testcase classname="backend.tests.test_manager_approval_phase4.TestVenueManagerApprovalPhase4" name="test_02_get_awaiting_manager_approval_records" time="0.369" /><testcase classname="backend.tests.test_manager_approval_phase4.TestVenueManagerApprovalPhase4" name="test_03_venus_assist_accessible_by_venue_manager" time="0.440" /><testcase classname="backend.tests.test_manager_approval_phase4.TestVenueManagerApprovalPhase4" name="test_04_approval_blocked_when_hard_blockers_exist" time="0.505" /><testcase classname="backend.tests.test_manager_approval_phase4.TestVenueManagerApprovalPhase4" name="test_05_rejection_requires_reason" time="0.453" /><testcase classname="backend.tests.test_manager_approval_phase4.TestVenueManagerApprovalPhase4" name="test_06_send_back_to_data_team_requires_reason" time="0.432" /><testcase classname="backend.tests.test_manager_approval_phase4.TestVenueManagerApprovalPhase4" name="test_07_send_back_to_specialist_requires_reason" time="0.442" /><testcase classname="backend.tests.test_manager_approval_phase4.TestVenueManagerApprovalPhase4" name="test_08_send_back_to_data_team_with_reason_works" time="0.561" /><testcase classname="backend.tests.test_manager_approval_phase4.TestVenueManagerApprovalPhase4" name="test_09_restore_to_awaiting_manager_approval" time="0.414" /><testcase classname="backend.tests.test_manager_approval_phase4.TestVenueManagerApprovalPhase4" name="test_10_venue_manager_allowed_transitions" time="0.384" /><testcase classname="backend.tests.test_manager_approval_phase4.TestVenueManagerApprovalPhase4" name="test_11_history_logs_user_role_timestamp_reason" time="0.381" /><testcase classname="backend.tests.test_manager_approval_phase4.TestVenueManagerApprovalPhase4" name="test_12_stats_summary_includes_manager_statuses" time="0.391" /><testcase classname="backend.tests.test_manager_approval_phase4.TestVenueManagerApprovalWithPhotos" name="test_13_approval_succeeds_when_no_blockers" time="0.508" /></testsuite></testsuites>