<?xml version="1.0" encoding="utf-8"?><testsuites name="pytest tests"><testsuite name="pytest" errors="0" failures="0" skipped="0" tests="36" time="3.850" timestamp="2026-03-10T07:02:38.578212+00:00" hostname="agent-env-6de87844-6863-40c2-9691-1ba3b1cb2ae6"><testcase classname="backend.tests.test_new_cities.TestCitiesEndpointNewData" name="test_cities_returns_200" time="0.157" /><testcase classname="backend.tests.test_new_cities.TestCitiesEndpointNewData" name="test_all_6_target_cities_present" time="0.107" /><testcase classname="backend.tests.test_new_cities.TestCitiesEndpointNewData" name="test_all_6_target_cities_have_venues" time="0.108" /><testcase classname="backend.tests.test_new_cities.TestCitiesEndpointNewData" name="test_new_cities_have_4_venues_each" time="0.101" /><testcase classname="backend.tests.test_new_cities.TestCitiesEndpointNewData" name="test_delhi_has_venues" time="0.101" /><testcase classname="backend.tests.test_new_cities.TestMumbaiCityEndpoint" name="test_mumbai_city_returns_200" time="0.106" /><testcase classname="backend.tests.test_new_cities.TestMumbaiCityEndpoint" name="test_mumbai_has_4_venues" time="0.096" /><testcase classname="backend.tests.test_new_cities.TestMumbaiCityEndpoint" name="test_mumbai_venue_fields" time="0.098" /><testcase classname="backend.tests.test_new_cities.TestMumbaiCityEndpoint" name="test_taj_mahal_palace_mumbai_present" time="0.098" /><testcase classname="backend.tests.test_new_cities.TestBangaloreCityEndpoint" name="test_bangalore_returns_200" time="0.111" /><testcase classname="backend.tests.test_new_cities.TestBangaloreCityEndpoint" name="test_bangalore_has_4_venues" time="0.098" /><testcase classname="backend.tests.test_new_cities.TestBangaloreCityEndpoint" name="test_bangalore_city_fields" time="0.098" /><testcase classname="backend.tests.test_new_cities.TestHyderabadCityEndpoint" name="test_hyderabad_returns_200" time="0.105" /><testcase classname="backend.tests.test_new_cities.TestHyderabadCityEndpoint" name="test_hyderabad_has_4_venues" time="0.107" /><testcase classname="backend.tests.test_new_cities.TestHyderabadCityEndpoint" name="test_hyderabad_city_fields" time="0.100" /><testcase classname="backend.tests.test_new_cities.TestChennaiCityEndpoint" name="test_chennai_returns_200" time="0.100" /><testcase classname="backend.tests.test_new_cities.TestChennaiCityEndpoint" name="test_chennai_has_4_venues" time="0.108" /><testcase classname="backend.tests.test_new_cities.TestChennaiCityEndpoint" name="test_chennai_city_fields" time="0.106" /><testcase classname="backend.tests.test_new_cities.TestChandigarhCityEndpoint" name="test_chandigarh_returns_200" time="0.111" /><testcase classname="backend.tests.test_new_cities.TestChandigarhCityEndpoint" name="test_chandigarh_has_4_venues" time="0.106" /><testcase classname="backend.tests.test_new_cities.TestChandigarhCityEndpoint" name="test_chandigarh_city_fields" time="0.106" /><testcase classname="backend.tests.test_new_cities.TestChandigarhCityEndpoint" name="test_chandigarh_min_price" time="0.115" /><testcase classname="backend.tests.test_new_cities.TestPriceEstimateNewCities" name="test_mumbai_price_estimate_returns_venues" time="0.116" /><testcase classname="backend.tests.test_new_cities.TestPriceEstimateNewCities" name="test_chandigarh_price_estimate_returns_venues" time="0.101" /><testcase classname="backend.tests.test_new_cities.TestPriceEstimateNewCities" name="test_bangalore_price_estimate" time="0.104" /><testcase classname="backend.tests.test_new_cities.TestPriceEstimateNewCities" name="test_hyderabad_price_estimate" time="0.095" /><testcase classname="backend.tests.test_new_cities.TestPriceEstimateNewCities" name="test_chennai_price_estimate_4_venues" time="0.102" /><testcase classname="backend.tests.test_new_cities.TestPriceEstimateNewCities" name="test_price_estimate_response_has_required_fields" time="0.106" /><testcase classname="backend.tests.test_new_cities.TestMumbaiVenueBySlug" name="test_taj_mahal_palace_by_slug" time="0.103" /><testcase classname="backend.tests.test_new_cities.TestMumbaiVenueBySlug" name="test_taj_mahal_palace_has_reviews_field" time="0.104" /><testcase classname="backend.tests.test_new_cities.TestMumbaiVenueBySlug" name="test_taj_mahal_palace_has_related_venues" time="0.100" /><testcase classname="backend.tests.test_new_cities.TestMumbaiVenueBySlug" name="test_wrong_city_returns_404" time="0.108" /><testcase classname="backend.tests.test_new_cities.TestFeaturedVenuesStillWork" name="test_featured_returns_200" time="0.098" /><testcase classname="backend.tests.test_new_cities.TestFeaturedVenuesStillWork" name="test_featured_returns_4_venues" time="0.104" /><testcase classname="backend.tests.test_new_cities.TestFeaturedVenuesStillWork" name="test_featured_venues_have_high_ratings" time="0.103" /><testcase classname="backend.tests.test_new_cities.TestFeaturedVenuesStillWork" name="test_featured_venues_are_approved" time="0.098" /></testsuite></testsuites>