<?xml version="1.0" encoding="utf-8"?><testsuites name="pytest tests"><testsuite name="pytest" errors="0" failures="0" skipped="0" tests="11" time="2.177" timestamp="2026-03-19T05:56:40.423325+00:00" hostname="agent-env-e0730eb7-40df-4751-bb6e-2fb26bfd553d"><testcase classname="backend.tests.test_notifications.TestNotificationsEndpoints" name="test_get_notifications_requires_auth" time="0.340" /><testcase classname="backend.tests.test_notifications.TestNotificationsEndpoints" name="test_get_notifications_success" time="0.465" /><testcase classname="backend.tests.test_notifications.TestNotificationsEndpoints" name="test_get_notifications_with_limit" time="0.137" /><testcase classname="backend.tests.test_notifications.TestNotificationsEndpoints" name="test_get_notifications_unread_only" time="0.102" /><testcase classname="backend.tests.test_notifications.TestNotificationsEndpoints" name="test_notifications_structure" time="0.148" /><testcase classname="backend.tests.test_notifications.TestMarkNotificationRead" name="test_mark_read_requires_auth" time="0.142" /><testcase classname="backend.tests.test_notifications.TestMarkNotificationRead" name="test_mark_all_read_requires_auth" time="0.114" /><testcase classname="backend.tests.test_notifications.TestMarkNotificationRead" name="test_mark_all_read_success" time="0.127" /><testcase classname="backend.tests.test_notifications.TestMarkNotificationRead" name="test_after_mark_all_read_unread_is_zero" time="0.237" /><testcase classname="backend.tests.test_notifications.TestMarkSingleNotificationRead" name="test_mark_single_notification_read" time="0.204" /><testcase classname="backend.tests.test_notifications.TestMarkSingleNotificationRead" name="test_mark_nonexistent_notification_read" time="0.098" /></testsuite></testsuites>