<?xml version="1.0" encoding="utf-8"?><testsuites name="pytest tests"><testsuite name="pytest" errors="0" failures="0" skipped="2" tests="20" time="2.292" timestamp="2026-04-02T04:41:34.671219+00:00" hostname="agent-env-e0730eb7-40df-4751-bb6e-2fb26bfd553d"><testcase classname="backend.tests.test_owner_onboarding_phase5.TestOnboardingBackend" name="test_01_venue_manager_login" time="0.360" /><testcase classname="backend.tests.test_owner_onboarding_phase5.TestOnboardingBackend" name="test_02_onboarding_status_requires_auth" time="0.053" /><testcase classname="backend.tests.test_owner_onboarding_phase5.TestOnboardingBackend" name="test_03_onboarding_status_venue_manager" time="0.321" /><testcase classname="backend.tests.test_owner_onboarding_phase5.TestOnboardingBackend" name="test_04_onboarding_status_has_timeline" time="0.051" /><testcase classname="backend.tests.test_owner_onboarding_phase5.TestOnboardingBackend" name="test_05_view_onboarding_public" time="0.051" /><testcase classname="backend.tests.test_owner_onboarding_phase5.TestOnboardingBackend" name="test_06_view_returns_owner_safe_data" time="0.052" /><testcase classname="backend.tests.test_owner_onboarding_phase5.TestOnboardingBackend" name="test_07_invalid_token_returns_404" time="0.064" /><testcase classname="backend.tests.test_owner_onboarding_phase5.TestOnboardingBackend" name="test_08_already_accepted_shows_completion" time="0.048" /><testcase classname="backend.tests.test_owner_onboarding_phase5.TestOnboardingBackend" name="test_09_reaccept_returns_400" time="0.052" /><testcase classname="backend.tests.test_owner_onboarding_phase5.TestOnboardingBackend" name="test_10_send_onboarding_requires_auth" time="0.060" /><testcase classname="backend.tests.test_owner_onboarding_phase5.TestOnboardingBackend" name="test_11_specialist_cannot_send" time="0.326" /><testcase classname="backend.tests.test_owner_onboarding_phase5.TestOnboardingBackend" name="test_12_venue_manager_can_send" time="0.061" /><testcase classname="backend.tests.test_owner_onboarding_phase5.TestOnboardingBackend" name="test_13_comma_separated_status_filter" time="0.051" /><testcase classname="backend.tests.test_owner_onboarding_phase5.TestOnboardingBackend" name="test_14_view_declined_token" time="0.045" /><testcase classname="backend.tests.test_owner_onboarding_phase5.TestOnboardingBackend" name="test_15_accept_requires_consents" time="0.047"><skipped type="pytest.skip" message="TEST_TOKEN_VIEWED is no longer valid (token invalidated or expired)">/app/backend/tests/test_owner_onboarding_phase5.py:263: TEST_TOKEN_VIEWED is no longer valid (token invalidated or expired)</skipped></testcase><testcase classname="backend.tests.test_owner_onboarding_phase5.TestOnboardingBackend" name="test_16_accept_requires_signer_name" time="0.054"><skipped type="pytest.skip" message="TEST_TOKEN_VIEWED is no longer valid (token invalidated or expired)">/app/backend/tests/test_owner_onboarding_phase5.py:283: TEST_TOKEN_VIEWED is no longer valid (token invalidated or expired)</skipped></testcase><testcase classname="backend.tests.test_owner_onboarding_phase5.TestOnboardingBackend" name="test_17_admin_can_access_status" time="0.318" /><testcase classname="backend.tests.test_owner_onboarding_phase5.TestOnboardingBackend" name="test_18_admin_can_send" time="0.051" /><testcase classname="backend.tests.test_owner_onboarding_phase5.TestOnboardingBackend" name="test_19_send_requires_valid_channel" time="0.091" /><testcase classname="backend.tests.test_owner_onboarding_phase5.TestOnboardingBackend" name="test_20_status_404_nonexistent" time="0.049" /></testsuite></testsuites>