<?xml version="1.0" encoding="utf-8"?><testsuites name="pytest tests"><testsuite name="pytest" errors="0" failures="0" skipped="0" tests="7" time="3.769" timestamp="2026-04-03T16:29:15.359340+00:00" hostname="agent-env-e0730eb7-40df-4751-bb6e-2fb26bfd553d"><testcase classname="backend.tests.test_p0_case_portal_customer_id_fix.TestP0CasePortalCustomerIdFix" name="test_lead_creation_includes_customer_user_id" time="0.844" /><testcase classname="backend.tests.test_p0_case_portal_customer_id_fix.TestP0CasePortalCustomerIdFix" name="test_case_portal_my_cases_returns_customer_cases" time="0.410" /><testcase classname="backend.tests.test_p0_case_portal_customer_id_fix.TestP0CasePortalCustomerIdFix" name="test_case_portal_case_detail_returns_data" time="0.448" /><testcase classname="backend.tests.test_p0_case_portal_customer_id_fix.TestP0CasePortalCustomerIdFix" name="test_booking_request_includes_customer_user_id" time="0.829" /><testcase classname="backend.tests.test_p0_case_portal_customer_id_fix.TestP0CasePortalCustomerIdFix" name="test_existing_test_lead_accessible" time="0.391" /><testcase classname="backend.tests.test_p0_case_portal_customer_id_fix.TestCasePortalQueryLogic" name="test_my_cases_query_uses_or_condition" time="0.382" /><testcase classname="backend.tests.test_p0_case_portal_customer_id_fix.TestStageLabels" name="test_new_stage_has_correct_label_in_api" time="0.397" /></testsuite></testsuites>