<?xml version="1.0" encoding="utf-8"?><testsuites name="pytest tests"><testsuite name="pytest" errors="0" failures="1" skipped="0" tests="9" time="1.770" timestamp="2026-03-01T09:53:38.059217+00:00" hostname="agent-env-088ca185-1c5f-43cb-9185-305a2569e8a6"><testcase classname="backend.tests.test_p0_fixes.TestVenueSearchEndpoints" name="test_venues_list_returns_13" time="0.228" /><testcase classname="backend.tests.test_p0_fixes.TestVenueSearchEndpoints" name="test_cities_endpoint_returns_real_cities" time="0.131" /><testcase classname="backend.tests.test_p0_fixes.TestVenueSearchEndpoints" name="test_city_filter_delhi_returns_5_venues" time="0.115" /><testcase classname="backend.tests.test_p0_fixes.TestVenueSearchEndpoints" name="test_venue_type_filter_farmhouse_returns_1" time="0.117" /><testcase classname="backend.tests.test_p0_fixes.TestVenueSearchEndpoints" name="test_cities_endpoint_structure" time="0.130" /><testcase classname="backend.tests.test_p0_fixes.TestAuthLoginRedirects" name="test_admin_login_success" time="0.349" /><testcase classname="backend.tests.test_p0_fixes.TestAuthLoginRedirects" name="test_rm_login_success" time="0.352" /><testcase classname="backend.tests.test_p0_fixes.TestAuthLoginRedirects" name="test_venue_owner_login_success" time="0.123"><failure message="assert 401 == 200&#10; +  where 401 = &lt;Response [401]&gt;.status_code">backend/tests/test_p0_fixes.py:96: in test_venue_owner_login_success
    assert response.status_code == 200
E   assert 401 == 200
E    +  where 401 = &lt;Response [401]&gt;.status_code</failure></testcase><testcase classname="backend.tests.test_p0_fixes.TestAuthLoginRedirects" name="test_invalid_login_returns_401" time="0.098" /></testsuite></testsuites>