<?xml version="1.0" encoding="utf-8"?><testsuites name="pytest tests"><testsuite name="pytest" errors="0" failures="0" skipped="1" tests="14" time="5.292" timestamp="2026-02-28T13:06:14.063536+00:00" hostname="agent-env-55608220-6532-4bf9-947c-221f7aa259f9"><testcase classname="backend.tests.test_payment_system.TestPaymentSystemAPIs" name="test_health_check" time="0.191" /><testcase classname="backend.tests.test_payment_system.TestPaymentSystemAPIs" name="test_admin_login" time="0.328" /><testcase classname="backend.tests.test_payment_system.TestPaymentSystemAPIs" name="test_payment_stats_summary" time="0.377" /><testcase classname="backend.tests.test_payment_system.TestPaymentSystemAPIs" name="test_list_payments_empty_or_with_data" time="0.375" /><testcase classname="backend.tests.test_payment_system.TestPaymentSystemAPIs" name="test_list_payments_with_status_filter" time="0.482" /><testcase classname="backend.tests.test_payment_system.TestPaymentSystemAPIs" name="test_get_lead_for_payment" time="0.388" /><testcase classname="backend.tests.test_payment_system.TestPaymentSystemAPIs" name="test_create_payment_order_requires_booking_confirmed" time="0.384" /><testcase classname="backend.tests.test_payment_system.TestPaymentSystemAPIs" name="test_create_payment_order_full_flow" time="0.489" /><testcase classname="backend.tests.test_payment_system.TestPaymentSystemAPIs" name="test_simulate_payment_test_mode" time="0.447" /><testcase classname="backend.tests.test_payment_system.TestPaymentSystemAPIs" name="test_release_payment_to_venue" time="0.443" /><testcase classname="backend.tests.test_payment_system.TestPaymentSystemAPIs" name="test_payment_stats_after_operations" time="0.455" /><testcase classname="backend.tests.test_payment_system.TestPaymentAPIValidation" name="test_create_order_invalid_lead" time="0.370" /><testcase classname="backend.tests.test_payment_system.TestPaymentAPIValidation" name="test_release_requires_advance_paid" time="0.375"><skipped type="pytest.skip" message="No awaiting_advance payments to test">/app/backend/tests/test_payment_system.py:358: No awaiting_advance payments to test</skipped></testcase><testcase classname="backend.tests.test_payment_system.TestPaymentAPIValidation" name="test_unauthenticated_access_denied" time="0.134" /></testsuite></testsuites>