<?xml version="1.0" encoding="utf-8"?><testsuites name="pytest tests"><testsuite name="pytest" errors="0" failures="0" skipped="1" tests="12" time="10.606" timestamp="2026-02-28T15:36:51.394162+00:00" hostname="agent-env-46e663f2-6787-4ddf-9357-3da52f9c750b"><testcase classname="backend.tests.test_payment_protection.TestPaymentProtectionRules" name="test_rule2_cannot_block_venue_date_without_advance_paid" time="0.946" /><testcase classname="backend.tests.test_payment_protection.TestPaymentProtectionRules" name="test_rule2_can_block_venue_date_with_advance_paid" time="1.390" /><testcase classname="backend.tests.test_payment_protection.TestPaymentProtectionRules" name="test_rule3_rm_cannot_update_when_payment_released" time="0.912" /><testcase classname="backend.tests.test_payment_protection.TestPaymentProtectionRules" name="test_rule3_admin_can_update_when_payment_released" time="0.989" /><testcase classname="backend.tests.test_payment_protection.TestPaymentProtectionRules" name="test_rule1_rm_cannot_revert_stage_with_advance_paid" time="0.794"><skipped type="pytest.skip" message="Lead needs advance_paid status, has: payment_released">/app/backend/tests/test_payment_protection.py:223: Lead needs advance_paid status, has: payment_released</skipped></testcase><testcase classname="backend.tests.test_payment_protection.TestPaymentProtectionRules" name="test_rule1_admin_can_revert_stage_with_advance_paid" time="0.822" /><testcase classname="backend.tests.test_payment_protection.TestPaymentProtectionRules" name="test_audit_log_for_blocked_rm_update" time="1.023" /><testcase classname="backend.tests.test_payment_protection.TestPaymentProtectionRules" name="test_audit_log_for_admin_override" time="0.922" /><testcase classname="backend.tests.test_payment_protection.TestPaymentProtectionViaStageRequirements" name="test_stage_requirements_returns_payment_protection_object" time="0.751" /><testcase classname="backend.tests.test_payment_protection.TestPaymentProtectionViaStageRequirements" name="test_payment_protection_flags_for_rm" time="0.778" /><testcase classname="backend.tests.test_payment_protection.TestPaymentProtectionViaStageRequirements" name="test_payment_protection_flags_for_admin" time="0.770" /><testcase classname="backend.tests.test_payment_protection.TestVenueDateBlockedProtection" name="test_can_block_venue_date_flag_in_requirements" time="0.454" /></testsuite></testsuites>