<?xml version="1.0" encoding="utf-8"?><testsuites name="pytest tests"><testsuite name="pytest" errors="0" failures="0" skipped="0" tests="27" time="6.481" timestamp="2026-04-02T05:38:52.559807+00:00" hostname="agent-env-e0730eb7-40df-4751-bb6e-2fb26bfd553d"><testcase classname="backend.tests.test_phase7_real_communication.TestPhase7Setup" name="test_01_rm_login" time="0.511" /><testcase classname="backend.tests.test_phase7_real_communication.TestPhase7Setup" name="test_02_vm_login" time="0.357" /><testcase classname="backend.tests.test_phase7_real_communication.TestPart7A_OnboardingDelivery" name="test_03_send_onboarding_requires_auth" time="0.105" /><testcase classname="backend.tests.test_phase7_real_communication.TestPart7A_OnboardingDelivery" name="test_04_send_onboarding_with_email" time="0.749" /><testcase classname="backend.tests.test_phase7_real_communication.TestPart7A_OnboardingDelivery" name="test_05_send_onboarding_with_whatsapp" time="0.095" /><testcase classname="backend.tests.test_phase7_real_communication.TestPart7A_OnboardingDelivery" name="test_06_send_onboarding_both_channels" time="0.311" /><testcase classname="backend.tests.test_phase7_real_communication.TestPart7A_OnboardingDelivery" name="test_07_delivery_results_per_channel" time="0.173" /><testcase classname="backend.tests.test_phase7_real_communication.TestPart7A_OnboardingDelivery" name="test_08_fallback_suggestion_when_email_fails" time="0.274" /><testcase classname="backend.tests.test_phase7_real_communication.TestPart7B_ShortlistWorkflow" name="test_09_quick_search_venues" time="0.095" /><testcase classname="backend.tests.test_phase7_real_communication.TestPart7B_ShortlistWorkflow" name="test_10_quick_search_requires_min_length" time="0.106" /><testcase classname="backend.tests.test_phase7_real_communication.TestPart7B_ShortlistWorkflow" name="test_11_get_shortlist_requires_auth" time="0.110" /><testcase classname="backend.tests.test_phase7_real_communication.TestPart7B_ShortlistWorkflow" name="test_12_get_shortlist" time="0.429" /><testcase classname="backend.tests.test_phase7_real_communication.TestPart7B_ShortlistWorkflow" name="test_13_add_to_shortlist_requires_auth" time="0.131" /><testcase classname="backend.tests.test_phase7_real_communication.TestPart7B_ShortlistWorkflow" name="test_14_add_to_shortlist" time="0.219" /><testcase classname="backend.tests.test_phase7_real_communication.TestPart7B_ShortlistWorkflow" name="test_15_remove_from_shortlist" time="0.205" /><testcase classname="backend.tests.test_phase7_real_communication.TestPart7B_ShortlistWorkflow" name="test_16_share_shortlist_requires_auth" time="0.107" /><testcase classname="backend.tests.test_phase7_real_communication.TestPart7B_ShortlistWorkflow" name="test_17_share_shortlist" time="0.305" /><testcase classname="backend.tests.test_phase7_real_communication.TestPart7B_ShortlistWorkflow" name="test_18_view_public_shortlist" time="0.106" /><testcase classname="backend.tests.test_phase7_real_communication.TestPart7B_ShortlistWorkflow" name="test_19_submit_feedback_on_shortlist" time="0.202" /><testcase classname="backend.tests.test_phase7_real_communication.TestPart7B_ShortlistWorkflow" name="test_20_feedback_persisted_on_view" time="0.100" /><testcase classname="backend.tests.test_phase7_real_communication.TestPart7C_RMAlerts" name="test_21_alerts_requires_auth" time="0.100" /><testcase classname="backend.tests.test_phase7_real_communication.TestPart7C_RMAlerts" name="test_22_alerts_returns_data" time="0.429" /><testcase classname="backend.tests.test_phase7_real_communication.TestPart7C_RMAlerts" name="test_23_alerts_types" time="0.100" /><testcase classname="backend.tests.test_phase7_real_communication.TestPart7C_RMAlerts" name="test_24_alerts_have_required_fields" time="0.105" /><testcase classname="backend.tests.test_phase7_real_communication.TestPart7C_RMAlerts" name="test_25_alerts_sorted_by_priority" time="0.100" /><testcase classname="backend.tests.test_phase7_real_communication.TestIntegration" name="test_26_shortlist_activity_logged" time="0.432" /><testcase classname="backend.tests.test_phase7_real_communication.TestIntegration" name="test_27_onboarding_sends_tracked" time="0.429" /></testsuite></testsuites>