<?xml version="1.0" encoding="utf-8"?><testsuites name="pytest tests"><testsuite name="pytest" errors="0" failures="0" skipped="0" tests="12" time="2.672" timestamp="2026-04-02T19:10:43.718132+00:00" hostname="agent-env-e0730eb7-40df-4751-bb6e-2fb26bfd553d"><testcase classname="tests.test_phase17_5_capacity_dashboard.TestAuthenticationLogins" name="test_admin_login" time="0.496" /><testcase classname="tests.test_phase17_5_capacity_dashboard.TestAuthenticationLogins" name="test_rm_login" time="0.293" /><testcase classname="tests.test_phase17_5_capacity_dashboard.TestAuthenticationLogins" name="test_customer_login" time="0.279" /><testcase classname="tests.test_phase17_5_capacity_dashboard.TestCapacityAnalysisAPI" name="test_capacity_analysis_admin_access" time="0.349" /><testcase classname="tests.test_phase17_5_capacity_dashboard.TestCapacityAnalysisAPI" name="test_rm_loads_structure" time="0.072" /><testcase classname="tests.test_phase17_5_capacity_dashboard.TestCapacityAnalysisAPI" name="test_alerts_structure" time="0.074" /><testcase classname="tests.test_phase17_5_capacity_dashboard.TestCapacityAnalysisAPI" name="test_capacity_analysis_rm_forbidden" time="0.336" /><testcase classname="tests.test_phase17_5_capacity_dashboard.TestCapacityAnalysisAPI" name="test_capacity_analysis_customer_forbidden" time="0.344" /><testcase classname="tests.test_phase17_5_capacity_dashboard.TestCapacityAnalysisAPI" name="test_capacity_analysis_unauthenticated" time="0.061" /><testcase classname="tests.test_phase17_5_capacity_dashboard.TestCapacityHistoryAPI" name="test_capacity_history_admin_access" time="0.143" /><testcase classname="tests.test_phase17_5_capacity_dashboard.TestOtherPlatformOpsEndpoints" name="test_performance_stats_admin" time="0.056" /><testcase classname="tests.test_phase17_5_capacity_dashboard.TestOtherPlatformOpsEndpoints" name="test_db_health_admin" time="0.096" /></testsuite></testsuites>