<?xml version="1.0" encoding="utf-8"?><testsuites name="pytest tests"><testsuite name="pytest" errors="0" failures="0" skipped="1" tests="19" time="9.003" timestamp="2026-04-02T18:57:06.246482+00:00" hostname="agent-env-e0730eb7-40df-4751-bb6e-2fb26bfd553d"><testcase classname="backend.tests.test_phase17_scalability.TestAuth" name="test_customer_login" time="0.488" /><testcase classname="backend.tests.test_phase17_scalability.TestAuth" name="test_admin_login" time="0.326" /><testcase classname="backend.tests.test_phase17_scalability.TestAuth" name="test_rm_login" time="0.336" /><testcase classname="backend.tests.test_phase17_scalability.TestRMAvailability" name="test_get_available_rms" time="0.140" /><testcase classname="backend.tests.test_phase17_scalability.TestRMAvailability" name="test_validate_rm_selection" time="0.269" /><testcase classname="backend.tests.test_phase17_scalability.TestIdempotency" name="test_lead_creation_with_idempotency_key_first_request" time="0.117" /><testcase classname="backend.tests.test_phase17_scalability.TestIdempotency" name="test_lead_creation_with_idempotency_key_duplicate" time="0.231" /><testcase classname="backend.tests.test_phase17_scalability.TestIdempotency" name="test_lead_creation_without_idempotency_key" time="0.161" /><testcase classname="backend.tests.test_phase17_scalability.TestPlatformOpsAdminOnly" name="test_capacity_analysis_admin_access" time="0.448" /><testcase classname="backend.tests.test_phase17_scalability.TestPlatformOpsAdminOnly" name="test_capacity_analysis_non_admin_denied" time="0.450" /><testcase classname="backend.tests.test_phase17_scalability.TestPlatformOpsAdminOnly" name="test_performance_stats_admin_access" time="0.110" /><testcase classname="backend.tests.test_phase17_scalability.TestPlatformOpsAdminOnly" name="test_performance_stats_non_admin_denied" time="0.472" /><testcase classname="backend.tests.test_phase17_scalability.TestPlatformOpsAdminOnly" name="test_db_health_admin_access" time="0.150" /><testcase classname="backend.tests.test_phase17_scalability.TestPlatformOpsAdminOnly" name="test_db_health_non_admin_denied" time="0.100" /><testcase classname="backend.tests.test_phase17_scalability.TestPlatformOpsAdminOnly" name="test_platform_ops_unauthenticated_denied" time="0.308" /><testcase classname="backend.tests.test_phase17_scalability.TestPaginatedEndpoints" name="test_case_thread_pagination_structure" time="0.231" /><testcase classname="backend.tests.test_phase17_scalability.TestPaginatedEndpoints" name="test_case_shares_pagination_structure" time="0.229" /><testcase classname="backend.tests.test_phase17_scalability.TestLeadCreation" name="test_create_lead_returns_expected_fields" time="0.123" /><testcase classname="backend.tests.test_phase17_scalability.TestRateLimiting" name="test_rate_limit_triggers_after_threshold" time="4.223"><skipped type="pytest.skip" message="Rate limiting not triggered through proxy - this is expected behavior">/app/backend/tests/test_phase17_scalability.py:503: Rate limiting not triggered through proxy - this is expected behavior</skipped></testcase></testsuite></testsuites>