<?xml version="1.0" encoding="utf-8"?><testsuites name="pytest tests"><testsuite name="pytest" errors="0" failures="0" skipped="0" tests="10" time="1.333" timestamp="2026-03-10T06:45:57.586320+00:00" hostname="agent-env-6de87844-6863-40c2-9691-1ba3b1cb2ae6"><testcase classname="backend.tests.test_price_estimator.TestPriceEstimatorEndpoint" name="test_delhi_wedding_200_guests_returns_correct_data" time="0.181" /><testcase classname="backend.tests.test_price_estimator.TestPriceEstimatorEndpoint" name="test_avg_price_delhi_wedding_approximately_correct" time="0.118" /><testcase classname="backend.tests.test_price_estimator.TestPriceEstimatorEndpoint" name="test_mumbai_returns_valid_json_with_zero_venues" time="0.128" /><testcase classname="backend.tests.test_price_estimator.TestPriceEstimatorEndpoint" name="test_gurgaon_corporate_200_guests" time="0.103" /><testcase classname="backend.tests.test_price_estimator.TestPriceEstimatorEndpoint" name="test_no_city_no_event_type_returns_results" time="0.092" /><testcase classname="backend.tests.test_price_estimator.TestPriceEstimatorEndpoint" name="test_nonexistent_city_returns_zero_venues" time="0.097" /><testcase classname="backend.tests.test_price_estimator.TestPriceEstimatorEndpoint" name="test_response_includes_required_fields" time="0.110" /><testcase classname="backend.tests.test_price_estimator.TestPriceEstimatorEndpoint" name="test_delhi_birthday_event_type" time="0.131" /><testcase classname="backend.tests.test_price_estimator.TestPriceEstimatorEndpoint" name="test_different_guest_counts_change_results" time="0.203" /><testcase classname="backend.tests.test_price_estimator.TestPriceEstimatorEndpoint" name="test_case_insensitive_city_match" time="0.106" /></testsuite></testsuites>