<?xml version="1.0" encoding="utf-8"?><testsuites name="pytest tests"><testsuite name="pytest" errors="0" failures="0" skipped="0" tests="11" time="6.122" timestamp="2026-03-25T05:44:26.772282+00:00" hostname="agent-env-e0730eb7-40df-4751-bb6e-2fb26bfd553d"><testcase classname="backend.tests.test_profile_preferences.TestProfilePreferencesAPI" name="test_01_login_returns_user_data" time="0.802" /><testcase classname="backend.tests.test_profile_preferences.TestProfilePreferencesAPI" name="test_02_get_profile_returns_preferences_fields" time="0.510" /><testcase classname="backend.tests.test_profile_preferences.TestProfilePreferencesAPI" name="test_03_update_profile_preferred_cities" time="0.548" /><testcase classname="backend.tests.test_profile_preferences.TestProfilePreferencesAPI" name="test_04_update_profile_preferred_event_types" time="0.592" /><testcase classname="backend.tests.test_profile_preferences.TestProfilePreferencesAPI" name="test_05_update_profile_budget_range" time="0.593" /><testcase classname="backend.tests.test_profile_preferences.TestProfilePreferencesAPI" name="test_06_update_profile_notifications_enabled" time="0.685" /><testcase classname="backend.tests.test_profile_preferences.TestProfilePreferencesAPI" name="test_07_update_profile_all_preferences_at_once" time="0.529" /><testcase classname="backend.tests.test_profile_preferences.TestProfilePreferencesAPI" name="test_08_update_profile_empty_arrays" time="0.426" /><testcase classname="backend.tests.test_profile_preferences.TestProfilePreferencesAPI" name="test_09_update_profile_no_fields_returns_error" time="0.505" /><testcase classname="backend.tests.test_profile_preferences.TestProfilePreferencesAPI" name="test_10_get_profile_without_auth_returns_401" time="0.423" /><testcase classname="backend.tests.test_profile_preferences.TestProfilePreferencesAPI" name="test_11_put_profile_without_auth_returns_401" time="0.430" /></testsuite></testsuites>