<?xml version="1.0" encoding="utf-8"?><testsuites name="pytest tests"><testsuite name="pytest" errors="0" failures="0" skipped="0" tests="39" time="7.011" timestamp="2026-04-02T06:10:54.000310+00:00" hostname="agent-env-e0730eb7-40df-4751-bb6e-2fb26bfd553d"><testcase classname="backend.tests.test_publish_governance_phase8.TestPublishQueueEndpoint" name="test_queue_requires_auth" time="0.237" /><testcase classname="backend.tests.test_publish_governance_phase8.TestPublishQueueEndpoint" name="test_queue_rm_forbidden" time="0.442" /><testcase classname="backend.tests.test_publish_governance_phase8.TestPublishQueueEndpoint" name="test_queue_venue_manager_access" time="0.428" /><testcase classname="backend.tests.test_publish_governance_phase8.TestPublishQueueEndpoint" name="test_queue_tab_ready" time="0.103" /><testcase classname="backend.tests.test_publish_governance_phase8.TestPublishQueueEndpoint" name="test_queue_tab_live" time="0.115" /><testcase classname="backend.tests.test_publish_governance_phase8.TestPublishQueueEndpoint" name="test_queue_items_have_readiness_posture" time="0.109" /><testcase classname="backend.tests.test_publish_governance_phase8.TestReadinessEndpoint" name="test_readiness_requires_auth" time="0.107" /><testcase classname="backend.tests.test_publish_governance_phase8.TestReadinessEndpoint" name="test_readiness_returns_7_checks" time="0.100" /><testcase classname="backend.tests.test_publish_governance_phase8.TestReadinessEndpoint" name="test_readiness_check_structure" time="0.103" /><testcase classname="backend.tests.test_publish_governance_phase8.TestReadinessEndpoint" name="test_readiness_not_found" time="0.109" /><testcase classname="backend.tests.test_publish_governance_phase8.TestPreviewEndpoint" name="test_preview_requires_auth" time="0.110" /><testcase classname="backend.tests.test_publish_governance_phase8.TestPreviewEndpoint" name="test_preview_returns_public_schema" time="0.104" /><testcase classname="backend.tests.test_publish_governance_phase8.TestPublishEndpoint" name="test_publish_requires_auth" time="0.111" /><testcase classname="backend.tests.test_publish_governance_phase8.TestPublishEndpoint" name="test_publish_rm_forbidden" time="0.106" /><testcase classname="backend.tests.test_publish_governance_phase8.TestPublishEndpoint" name="test_publish_blocked_when_not_ready" time="0.120" /><testcase classname="backend.tests.test_publish_governance_phase8.TestUnpublishEndpoint" name="test_unpublish_requires_auth" time="0.103" /><testcase classname="backend.tests.test_publish_governance_phase8.TestUnpublishEndpoint" name="test_unpublish_requires_reason" time="0.110" /><testcase classname="backend.tests.test_publish_governance_phase8.TestHideUnhideEndpoints" name="test_hide_requires_auth" time="0.099" /><testcase classname="backend.tests.test_publish_governance_phase8.TestHideUnhideEndpoints" name="test_hide_requires_reason" time="0.111" /><testcase classname="backend.tests.test_publish_governance_phase8.TestHideUnhideEndpoints" name="test_unhide_requires_auth" time="0.142" /><testcase classname="backend.tests.test_publish_governance_phase8.TestArchiveEndpoint" name="test_archive_requires_auth" time="0.096" /><testcase classname="backend.tests.test_publish_governance_phase8.TestArchiveEndpoint" name="test_archive_venue_manager_forbidden" time="0.100" /><testcase classname="backend.tests.test_publish_governance_phase8.TestArchiveEndpoint" name="test_archive_admin_can_access" time="0.465" /><testcase classname="backend.tests.test_publish_governance_phase8.TestVersionsEndpoint" name="test_versions_requires_auth" time="0.097" /><testcase classname="backend.tests.test_publish_governance_phase8.TestVersionsEndpoint" name="test_versions_returns_structure" time="0.098" /><testcase classname="backend.tests.test_publish_governance_phase8.TestVersionsEndpoint" name="test_versions_with_draft_has_diff" time="0.107" /><testcase classname="backend.tests.test_publish_governance_phase8.TestSaveDraftEndpoint" name="test_save_draft_requires_auth" time="0.103" /><testcase classname="backend.tests.test_publish_governance_phase8.TestSaveDraftEndpoint" name="test_save_draft_works" time="0.105" /><testcase classname="backend.tests.test_publish_governance_phase8.TestPromoteDraftEndpoint" name="test_promote_draft_requires_auth" time="0.113" /><testcase classname="backend.tests.test_publish_governance_phase8.TestPromoteDraftEndpoint" name="test_promote_draft_requires_confirm" time="0.113" /><testcase classname="backend.tests.test_publish_governance_phase8.TestAuditEndpoint" name="test_audit_requires_auth" time="0.096" /><testcase classname="backend.tests.test_publish_governance_phase8.TestAuditEndpoint" name="test_audit_returns_trail" time="0.116" /><testcase classname="backend.tests.test_publish_governance_phase8.TestRankingEndpoint" name="test_ranking_requires_auth" time="0.124" /><testcase classname="backend.tests.test_publish_governance_phase8.TestRankingEndpoint" name="test_ranking_rm_forbidden" time="0.100" /><testcase classname="backend.tests.test_publish_governance_phase8.TestRankingEndpoint" name="test_ranking_invalid_value" time="0.112" /><testcase classname="backend.tests.test_publish_governance_phase8.TestRankingEndpoint" name="test_ranking_valid_values" time="0.443" /><testcase classname="backend.tests.test_publish_governance_phase8.TestRoleGating" name="test_rm_cannot_access_publish_endpoints" time="0.525" /><testcase classname="backend.tests.test_publish_governance_phase8.TestRoleGating" name="test_venue_manager_can_access_publish_endpoints" time="0.492" /><testcase classname="backend.tests.test_publish_governance_phase8.TestRoleGating" name="test_admin_can_access_all_endpoints" time="0.523" /></testsuite></testsuites>