<?xml version="1.0" encoding="utf-8"?><testsuites name="pytest tests"><testsuite name="pytest" errors="0" failures="0" skipped="0" tests="10" time="1.676" timestamp="2026-03-19T05:32:42.556497+00:00" hostname="agent-env-e0730eb7-40df-4751-bb6e-2fb26bfd553d"><testcase classname="backend.tests.test_push_notifications.TestPushNotificationAPIs" name="test_vapid_public_key_returns_key" time="0.225" /><testcase classname="backend.tests.test_push_notifications.TestPushNotificationAPIs" name="test_subscribe_requires_auth" time="0.141" /><testcase classname="backend.tests.test_push_notifications.TestPushNotificationAPIs" name="test_subscribe_with_auth_success" time="0.460" /><testcase classname="backend.tests.test_push_notifications.TestPushNotificationAPIs" name="test_push_requires_auth" time="0.106" /><testcase classname="backend.tests.test_push_notifications.TestPushNotificationAPIs" name="test_push_with_auth_success" time="0.144" /><testcase classname="backend.tests.test_push_notifications.TestPushNotificationAPIs" name="test_unsubscribe_requires_auth" time="0.108" /><testcase classname="backend.tests.test_push_notifications.TestPushNotificationAPIs" name="test_unsubscribe_with_auth_success" time="0.103" /><testcase classname="backend.tests.test_push_notifications.TestCollectionsRouteRemoved" name="test_collections_route_returns_404" time="0.102" /><testcase classname="backend.tests.test_push_notifications.TestCollectionsRouteRemoved" name="test_collections_route_with_id_returns_404" time="0.120" /><testcase classname="backend.tests.test_push_notifications.TestServiceWorkerExists" name="test_service_worker_accessible" time="0.107" /></testsuite></testsuites>