<?xml version="1.0" encoding="utf-8"?><testsuites name="pytest tests"><testsuite name="pytest" errors="0" failures="0" skipped="0" tests="40" time="5.711" timestamp="2026-03-13T21:07:31.236656+00:00" hostname="agent-env-e0730eb7-40df-4751-bb6e-2fb26bfd553d"><testcase classname="backend.tests.test_pwa_setup.TestManifestJson" name="test_manifest_loads_successfully" time="0.130" /><testcase classname="backend.tests.test_pwa_setup.TestManifestJson" name="test_manifest_name_venuloq" time="0.155" /><testcase classname="backend.tests.test_pwa_setup.TestManifestJson" name="test_manifest_short_name_venuloq" time="0.198" /><testcase classname="backend.tests.test_pwa_setup.TestManifestJson" name="test_manifest_display_standalone" time="0.145" /><testcase classname="backend.tests.test_pwa_setup.TestManifestJson" name="test_manifest_start_url_root" time="0.122" /><testcase classname="backend.tests.test_pwa_setup.TestManifestJson" name="test_manifest_theme_color" time="0.120" /><testcase classname="backend.tests.test_pwa_setup.TestManifestJson" name="test_manifest_background_color" time="0.123" /><testcase classname="backend.tests.test_pwa_setup.TestManifestJson" name="test_manifest_has_11_icons" time="0.116" /><testcase classname="backend.tests.test_pwa_setup.TestManifestJson" name="test_manifest_icon_sizes" time="0.113" /><testcase classname="backend.tests.test_pwa_setup.TestServiceWorker" name="test_service_worker_file_loads" time="0.145" /><testcase classname="backend.tests.test_pwa_setup.TestServiceWorker" name="test_service_worker_content" time="0.118" /><testcase classname="backend.tests.test_pwa_setup.TestIconFiles" name="test_icon_file_serves[icon-48.png]" time="0.166" /><testcase classname="backend.tests.test_pwa_setup.TestIconFiles" name="test_icon_file_serves[icon-72.png]" time="0.114" /><testcase classname="backend.tests.test_pwa_setup.TestIconFiles" name="test_icon_file_serves[icon-96.png]" time="0.146" /><testcase classname="backend.tests.test_pwa_setup.TestIconFiles" name="test_icon_file_serves[icon-128.png]" time="0.119" /><testcase classname="backend.tests.test_pwa_setup.TestIconFiles" name="test_icon_file_serves[icon-144.png]" time="0.133" /><testcase classname="backend.tests.test_pwa_setup.TestIconFiles" name="test_icon_file_serves[icon-152.png]" time="0.154" /><testcase classname="backend.tests.test_pwa_setup.TestIconFiles" name="test_icon_file_serves[icon-192.png]" time="0.108" /><testcase classname="backend.tests.test_pwa_setup.TestIconFiles" name="test_icon_file_serves[icon-maskable-192.png]" time="0.124" /><testcase classname="backend.tests.test_pwa_setup.TestIconFiles" name="test_icon_file_serves[icon-384.png]" time="0.163" /><testcase classname="backend.tests.test_pwa_setup.TestIconFiles" name="test_icon_file_serves[icon-512.png]" time="0.144" /><testcase classname="backend.tests.test_pwa_setup.TestIconFiles" name="test_icon_file_serves[icon-maskable-512.png]" time="0.142" /><testcase classname="backend.tests.test_pwa_setup.TestIconFiles" name="test_apple_touch_icon_serves" time="0.157" /><testcase classname="backend.tests.test_pwa_setup.TestSplashScreens" name="test_splash_screen_serves[splash-iphone-8.png]" time="0.115" /><testcase classname="backend.tests.test_pwa_setup.TestSplashScreens" name="test_splash_screen_serves[splash-iphone-x.png]" time="0.142" /><testcase classname="backend.tests.test_pwa_setup.TestSplashScreens" name="test_splash_screen_serves[splash-iphone-13.png]" time="0.124" /><testcase classname="backend.tests.test_pwa_setup.TestSplashScreens" name="test_splash_screen_serves[splash-iphone-13-pro-max.png]" time="0.125" /><testcase classname="backend.tests.test_pwa_setup.TestSplashScreens" name="test_splash_screen_serves[splash-iphone-14-pro.png]" time="0.146" /><testcase classname="backend.tests.test_pwa_setup.TestSplashScreens" name="test_splash_screen_serves[splash-iphone-14-pro-max.png]" time="0.126" /><testcase classname="backend.tests.test_pwa_setup.TestHtmlMetaTags" name="test_apple_mobile_web_app_capable" time="0.153" /><testcase classname="backend.tests.test_pwa_setup.TestHtmlMetaTags" name="test_apple_mobile_web_app_status_bar_style" time="0.109" /><testcase classname="backend.tests.test_pwa_setup.TestHtmlMetaTags" name="test_apple_mobile_web_app_title" time="0.159" /><testcase classname="backend.tests.test_pwa_setup.TestHtmlMetaTags" name="test_theme_color_meta" time="0.129" /><testcase classname="backend.tests.test_pwa_setup.TestHtmlMetaTags" name="test_manifest_link_present" time="0.134" /><testcase classname="backend.tests.test_pwa_setup.TestHtmlMetaTags" name="test_apple_touch_icon_link_present" time="0.148" /><testcase classname="backend.tests.test_pwa_setup.TestHtmlMetaTags" name="test_splash_screen_links_present" time="0.129" /><testcase classname="backend.tests.test_pwa_setup.TestServiceWorkerRegistration" name="test_sw_registration_script_present" time="0.133" /><testcase classname="backend.tests.test_pwa_setup.TestAppFunctionality" name="test_app_loads_successfully" time="0.114" /><testcase classname="backend.tests.test_pwa_setup.TestAppFunctionality" name="test_api_health_check" time="0.112" /><testcase classname="backend.tests.test_pwa_setup.TestAppFunctionality" name="test_login_endpoint_exists" time="0.339" /></testsuite></testsuites>