<?xml version="1.0" encoding="utf-8"?><testsuites name="pytest tests"><testsuite name="pytest" errors="0" failures="2" skipped="0" tests="24" time="2.979" timestamp="2026-02-28T04:49:38.173405+00:00" hostname="agent-env-5ae50443-e801-4138-bf00-7a31280fdd82"><testcase classname="backend.tests.test_managed_concierge.TestAuthentication" name="test_rm_login_success" time="0.365" /><testcase classname="backend.tests.test_managed_concierge.TestAuthentication" name="test_admin_login_success" time="0.274" /><testcase classname="backend.tests.test_managed_concierge.TestLeadPipeline" name="test_get_leads_list" time="0.346" /><testcase classname="backend.tests.test_managed_concierge.TestLeadPipeline" name="test_get_lead_detail" time="0.063" /><testcase classname="backend.tests.test_managed_concierge.TestLeadPipeline" name="test_update_lead_stage" time="0.115" /><testcase classname="backend.tests.test_managed_concierge.TestLeadPipeline" name="test_update_deal_value" time="0.128" /><testcase classname="backend.tests.test_managed_concierge.TestCommissionTracking" name="test_venue_commission_percentage" time="0.116" /><testcase classname="backend.tests.test_managed_concierge.TestCommissionTracking" name="test_venue_commission_flat" time="0.120" /><testcase classname="backend.tests.test_managed_concierge.TestCommissionTracking" name="test_reset_to_percentage_commission" time="0.054" /><testcase classname="backend.tests.test_managed_concierge.TestBookingConfirmationValidation" name="test_cannot_confirm_without_deal_value" time="0.203"><failure message="AssertionError: Expected 400, got 200: {&quot;message&quot;:&quot;Lead updated&quot;,&quot;changes&quot;:{&quot;stage&quot;:{&quot;from&quot;:&quot;negotiation&quot;,&quot;to&quot;:&quot;booking_confirmed&quot;}}}&#10;assert 200 == 400&#10; +  where 200 = &lt;Response [200]&gt;.status_code">backend/tests/test_managed_concierge.py:253: in test_cannot_confirm_without_deal_value
    assert response.status_code == 400, f"Expected 400, got {response.status_code}: {response.text}"
E   AssertionError: Expected 400, got 200: {"message":"Lead updated","changes":{"stage":{"from":"negotiation","to":"booking_confirmed"}}}
E   assert 200 == 400
E    +  where 200 = &lt;Response [200]&gt;.status_code</failure></testcase><testcase classname="backend.tests.test_managed_concierge.TestBookingConfirmationValidation" name="test_cannot_confirm_without_commission" time="0.129"><failure message="AssertionError: Expected 400, got 200: {&quot;message&quot;:&quot;Lead updated&quot;,&quot;changes&quot;:{}}&#10;assert 200 == 400&#10; +  where 200 = &lt;Response [200]&gt;.status_code">backend/tests/test_managed_concierge.py:276: in test_cannot_confirm_without_commission
    assert response.status_code == 400, f"Expected 400, got {response.status_code}: {response.text}"
E   AssertionError: Expected 400, got 200: {"message":"Lead updated","changes":{}}
E   assert 200 == 400
E    +  where 200 = &lt;Response [200]&gt;.status_code</failure></testcase><testcase classname="backend.tests.test_managed_concierge.TestBookingConfirmationValidation" name="test_can_confirm_with_valid_data" time="0.235" /><testcase classname="backend.tests.test_managed_concierge.TestVenueShortlist" name="test_add_venue_to_shortlist" time="0.113" /><testcase classname="backend.tests.test_managed_concierge.TestVenueShortlist" name="test_get_shortlist" time="0.058" /><testcase classname="backend.tests.test_managed_concierge.TestCommunicationLog" name="test_log_communication" time="0.065" /><testcase classname="backend.tests.test_managed_concierge.TestCommunicationLog" name="test_get_communications" time="0.052" /><testcase classname="backend.tests.test_managed_concierge.TestLeadNotes" name="test_add_note_with_type" time="0.061" /><testcase classname="backend.tests.test_managed_concierge.TestLeadNotes" name="test_add_negotiation_note" time="0.052" /><testcase classname="backend.tests.test_managed_concierge.TestLeadNotes" name="test_get_notes" time="0.052" /><testcase classname="backend.tests.test_managed_concierge.TestFollowUps" name="test_schedule_follow_up" time="0.059" /><testcase classname="backend.tests.test_managed_concierge.TestFollowUps" name="test_schedule_site_visit_follow_up" time="0.056" /><testcase classname="backend.tests.test_managed_concierge.TestFollowUps" name="test_get_follow_ups" time="0.051" /><testcase classname="backend.tests.test_managed_concierge.TestActivityTimeline" name="test_get_activity_timeline" time="0.060" /><testcase classname="backend.tests.test_managed_concierge.TestContactVisibility" name="test_contact_protected_badge" time="0.064" /></testsuite></testsuites>