<?xml version="1.0" encoding="utf-8"?><testsuites name="pytest tests"><testsuite name="pytest" errors="0" failures="9" skipped="0" tests="24" time="3.185" timestamp="2026-02-28T04:47:07.529114+00:00" hostname="agent-env-5ae50443-e801-4138-bf00-7a31280fdd82"><testcase classname="backend.tests.test_managed_concierge.TestAuthentication" name="test_rm_login_success" time="0.462" /><testcase classname="backend.tests.test_managed_concierge.TestAuthentication" name="test_admin_login_success" time="0.284" /><testcase classname="backend.tests.test_managed_concierge.TestLeadPipeline" name="test_get_leads_list" time="0.338" /><testcase classname="backend.tests.test_managed_concierge.TestLeadPipeline" name="test_get_lead_detail" time="0.063"><failure message="AssertionError: assert 'contact_released' in {'activity_timeline': [{'action': 'follow_up_scheduled', 'changes': {'scheduled_at': '2026-03-05T14:00:00', 'type': 'site_visit'}, 'entity_id': 'lead_b6757d581e34', 'entity_type': 'lead', ...}, {'action': 'note_added', 'changes': {'note_type': 'negotiation'}, 'entity_id': 'lead_b6757d581e34', 'entity_type': 'lead', ...}, {'action': 'communication_logged', 'changes': {'channel': 'call', 'direction': 'outbound'}, 'entity_id': 'lead_b6757d581e34', 'entity_type': 'lead', ...}, {'action': 'venue_shortlisted', 'changes': {'venue_id': 'venue_f2b3d31ebb05', 'venue_name': 'The Grand Imperial'}, 'entity_id': 'lead_b6757d581e34', 'entity_type': 'lead', ...}, {'action': 'updated', 'changes': {}, 'entity_id': 'lead_b6757d581e34', 'entity_type': 'lead', ...}], 'area': 'Connaught Place', 'booking_value': None, 'budget': 500000.0, ...}">backend/tests/test_managed_concierge.py:123: in test_get_lead_detail
    assert "contact_released" in lead
E   AssertionError: assert 'contact_released' in {'activity_timeline': [{'action': 'follow_up_scheduled', 'changes': {'scheduled_at': '2026-03-05T14:00:00', 'type': 'site_visit'}, 'entity_id': 'lead_b6757d581e34', 'entity_type': 'lead', ...}, {'action': 'note_added', 'changes': {'note_type': 'negotiation'}, 'entity_id': 'lead_b6757d581e34', 'entity_type': 'lead', ...}, {'action': 'communication_logged', 'changes': {'channel': 'call', 'direction': 'outbound'}, 'entity_id': 'lead_b6757d581e34', 'entity_type': 'lead', ...}, {'action': 'venue_shortlisted', 'changes': {'venue_id': 'venue_f2b3d31ebb05', 'venue_name': 'The Grand Imperial'}, 'entity_id': 'lead_b6757d581e34', 'entity_type': 'lead', ...}, {'action': 'updated', 'changes': {}, 'entity_id': 'lead_b6757d581e34', 'entity_type': 'lead', ...}], 'area': 'Connaught Place', 'booking_value': None, 'budget': 500000.0, ...}</failure></testcase><testcase classname="backend.tests.test_managed_concierge.TestLeadPipeline" name="test_update_lead_stage" time="0.113" /><testcase classname="backend.tests.test_managed_concierge.TestLeadPipeline" name="test_update_deal_value" time="0.103" /><testcase classname="backend.tests.test_managed_concierge.TestCommissionTracking" name="test_venue_commission_percentage" time="0.113" /><testcase classname="backend.tests.test_managed_concierge.TestCommissionTracking" name="test_venue_commission_flat" time="0.106" /><testcase classname="backend.tests.test_managed_concierge.TestCommissionTracking" name="test_reset_to_percentage_commission" time="0.053" /><testcase classname="backend.tests.test_managed_concierge.TestBookingConfirmationValidation" name="test_cannot_confirm_without_deal_value" time="0.164"><failure message="AssertionError: Expected 400, got 200: {&quot;message&quot;:&quot;Lead updated&quot;,&quot;changes&quot;:{&quot;stage&quot;:{&quot;from&quot;:&quot;negotiation&quot;,&quot;to&quot;:&quot;booking_confirmed&quot;}}}&#10;assert 200 == 400&#10; +  where 200 = &lt;Response [200]&gt;.status_code">backend/tests/test_managed_concierge.py:253: in test_cannot_confirm_without_deal_value
    assert response.status_code == 400, f"Expected 400, got {response.status_code}: {response.text}"
E   AssertionError: Expected 400, got 200: {"message":"Lead updated","changes":{"stage":{"from":"negotiation","to":"booking_confirmed"}}}
E   assert 200 == 400
E    +  where 200 = &lt;Response [200]&gt;.status_code</failure></testcase><testcase classname="backend.tests.test_managed_concierge.TestBookingConfirmationValidation" name="test_cannot_confirm_without_commission" time="0.107"><failure message="AssertionError: Expected 400, got 200: {&quot;message&quot;:&quot;Lead updated&quot;,&quot;changes&quot;:{}}&#10;assert 200 == 400&#10; +  where 200 = &lt;Response [200]&gt;.status_code">backend/tests/test_managed_concierge.py:276: in test_cannot_confirm_without_commission
    assert response.status_code == 400, f"Expected 400, got {response.status_code}: {response.text}"
E   AssertionError: Expected 400, got 200: {"message":"Lead updated","changes":{}}
E   assert 200 == 400
E    +  where 200 = &lt;Response [200]&gt;.status_code</failure></testcase><testcase classname="backend.tests.test_managed_concierge.TestBookingConfirmationValidation" name="test_can_confirm_with_valid_data" time="0.217" /><testcase classname="backend.tests.test_managed_concierge.TestVenueShortlist" name="test_add_venue_to_shortlist" time="0.167"><failure message="AssertionError: Failed to add to shortlist: Internal Server Error&#10;assert 500 == 200&#10; +  where 500 = &lt;Response [500]&gt;.status_code">backend/tests/test_managed_concierge.py:344: in test_add_venue_to_shortlist
    assert response.status_code == 200, f"Failed to add to shortlist: {response.text}"
E   AssertionError: Failed to add to shortlist: Internal Server Error
E   assert 500 == 200
E    +  where 500 = &lt;Response [500]&gt;.status_code</failure></testcase><testcase classname="backend.tests.test_managed_concierge.TestVenueShortlist" name="test_get_shortlist" time="0.076" /><testcase classname="backend.tests.test_managed_concierge.TestCommunicationLog" name="test_log_communication" time="0.067"><failure message="AssertionError: Failed to log communication: Internal Server Error&#10;assert 500 == 200&#10; +  where 500 = &lt;Response [500]&gt;.status_code">backend/tests/test_managed_concierge.py:382: in test_log_communication
    assert response.status_code == 200, f"Failed to log communication: {response.text}"
E   AssertionError: Failed to log communication: Internal Server Error
E   assert 500 == 200
E    +  where 500 = &lt;Response [500]&gt;.status_code</failure></testcase><testcase classname="backend.tests.test_managed_concierge.TestCommunicationLog" name="test_get_communications" time="0.056" /><testcase classname="backend.tests.test_managed_concierge.TestLeadNotes" name="test_add_note_with_type" time="0.069"><failure message="AssertionError: Failed to add note: Internal Server Error&#10;assert 500 == 200&#10; +  where 500 = &lt;Response [500]&gt;.status_code">backend/tests/test_managed_concierge.py:414: in test_add_note_with_type
    assert response.status_code == 200, f"Failed to add note: {response.text}"
E   AssertionError: Failed to add note: Internal Server Error
E   assert 500 == 200
E    +  where 500 = &lt;Response [500]&gt;.status_code</failure></testcase><testcase classname="backend.tests.test_managed_concierge.TestLeadNotes" name="test_add_negotiation_note" time="0.089"><failure message="assert 500 == 200&#10; +  where 500 = &lt;Response [500]&gt;.status_code">backend/tests/test_managed_concierge.py:429: in test_add_negotiation_note
    assert response.status_code == 200
E   assert 500 == 200
E    +  where 500 = &lt;Response [500]&gt;.status_code</failure></testcase><testcase classname="backend.tests.test_managed_concierge.TestLeadNotes" name="test_get_notes" time="0.050" /><testcase classname="backend.tests.test_managed_concierge.TestFollowUps" name="test_schedule_follow_up" time="0.069"><failure message="AssertionError: Failed to schedule follow-up: Internal Server Error&#10;assert 500 == 200&#10; +  where 500 = &lt;Response [500]&gt;.status_code">backend/tests/test_managed_concierge.py:462: in test_schedule_follow_up
    assert response.status_code == 200, f"Failed to schedule follow-up: {response.text}"
E   AssertionError: Failed to schedule follow-up: Internal Server Error
E   assert 500 == 200
E    +  where 500 = &lt;Response [500]&gt;.status_code</failure></testcase><testcase classname="backend.tests.test_managed_concierge.TestFollowUps" name="test_schedule_site_visit_follow_up" time="0.056"><failure message="assert 500 == 200&#10; +  where 500 = &lt;Response [500]&gt;.status_code">backend/tests/test_managed_concierge.py:481: in test_schedule_site_visit_follow_up
    assert response.status_code == 200
E   assert 500 == 200
E    +  where 500 = &lt;Response [500]&gt;.status_code</failure></testcase><testcase classname="backend.tests.test_managed_concierge.TestFollowUps" name="test_get_follow_ups" time="0.049" /><testcase classname="backend.tests.test_managed_concierge.TestActivityTimeline" name="test_get_activity_timeline" time="0.058" /><testcase classname="backend.tests.test_managed_concierge.TestContactVisibility" name="test_contact_protected_badge" time="0.070" /></testsuite></testsuites>