<?xml version="1.0" encoding="utf-8"?><testsuites name="pytest tests"><testsuite name="pytest" errors="0" failures="0" skipped="0" tests="11" time="4.995" timestamp="2026-04-01T23:31:17.870742+00:00" hostname="agent-env-e0730eb7-40df-4751-bb6e-2fb26bfd553d"><testcase classname="backend.tests.test_quick_capture_phase15.TestQuickCapturePhase15" name="test_01_check_duplicate_endpoint_exists" time="0.558" /><testcase classname="backend.tests.test_quick_capture_phase15.TestQuickCapturePhase15" name="test_02_check_duplicate_returns_matches_by_name" time="0.441" /><testcase classname="backend.tests.test_quick_capture_phase15.TestQuickCapturePhase15" name="test_03_check_duplicate_returns_matches_by_phone" time="0.477" /><testcase classname="backend.tests.test_quick_capture_phase15.TestQuickCapturePhase15" name="test_04_check_duplicate_returns_match_reasons" time="0.440" /><testcase classname="backend.tests.test_quick_capture_phase15.TestQuickCapturePhase15" name="test_05_create_quick_capture_with_capture_mode" time="0.475" /><testcase classname="backend.tests.test_quick_capture_phase15.TestQuickCapturePhase15" name="test_06_create_full_capture_with_capture_mode" time="0.429" /><testcase classname="backend.tests.test_quick_capture_phase15.TestQuickCapturePhase15" name="test_07_default_capture_mode_is_full" time="0.431" /><testcase classname="backend.tests.test_quick_capture_phase15.TestQuickCapturePhase15" name="test_08_quick_capture_cannot_submit_incomplete" time="0.423" /><testcase classname="backend.tests.test_quick_capture_phase15.TestQuickCapturePhase15" name="test_09_quick_capture_can_submit_when_complete" time="0.450" /><testcase classname="backend.tests.test_quick_capture_phase15.TestQuickCapturePhase15" name="test_10_list_acquisitions_returns_capture_mode" time="0.400" /><testcase classname="backend.tests.test_quick_capture_phase15.TestQuickCapturePhase15" name="test_11_existing_maharaja_palace_is_quick_capture" time="0.402" /></testsuite></testsuites>