<?xml version="1.0" encoding="utf-8"?><testsuites name="pytest tests"><testsuite name="pytest" errors="0" failures="0" skipped="1" tests="36" time="5.419" timestamp="2026-04-02T06:45:36.974042+00:00" hostname="agent-env-e0730eb7-40df-4751-bb6e-2fb26bfd553d"><testcase classname="backend.tests.test_ranking_engine_phase9.TestRankingConfigGet" name="test_config_requires_auth" time="0.180" /><testcase classname="backend.tests.test_ranking_engine_phase9.TestRankingConfigGet" name="test_admin_can_get_config" time="0.423" /><testcase classname="backend.tests.test_ranking_engine_phase9.TestRankingConfigGet" name="test_venue_manager_can_get_config" time="0.425" /><testcase classname="backend.tests.test_ranking_engine_phase9.TestRankingConfigGet" name="test_rm_can_get_config" time="0.412" /><testcase classname="backend.tests.test_ranking_engine_phase9.TestRankingConfigUpdate" name="test_config_update_requires_auth" time="0.105" /><testcase classname="backend.tests.test_ranking_engine_phase9.TestRankingConfigUpdate" name="test_venue_manager_cannot_update_config" time="0.099" /><testcase classname="backend.tests.test_ranking_engine_phase9.TestRankingConfigUpdate" name="test_rm_cannot_update_config" time="0.116" /><testcase classname="backend.tests.test_ranking_engine_phase9.TestRankingConfigUpdate" name="test_admin_can_update_mode" time="0.094" /><testcase classname="backend.tests.test_ranking_engine_phase9.TestRankingConfigUpdate" name="test_weights_must_sum_to_one" time="0.115" /><testcase classname="backend.tests.test_ranking_engine_phase9.TestRankingConfigUpdate" name="test_fit_subfactors_must_sum_to_one" time="0.108" /><testcase classname="backend.tests.test_ranking_engine_phase9.TestRankingConfigUpdate" name="test_invalid_mode_rejected" time="0.108" /><testcase classname="backend.tests.test_ranking_engine_phase9.TestRankingConfigUpdate" name="test_admin_can_update_engine_params" time="0.105" /><testcase classname="backend.tests.test_ranking_engine_phase9.TestRankingConfigUpdate" name="test_audit_trail_created" time="0.208" /><testcase classname="backend.tests.test_ranking_engine_phase9.TestRankingRun" name="test_run_requires_auth" time="0.097" /><testcase classname="backend.tests.test_ranking_engine_phase9.TestRankingRun" name="test_admin_can_run_engine" time="0.129" /><testcase classname="backend.tests.test_ranking_engine_phase9.TestRankingRun" name="test_venue_manager_can_run_engine" time="0.117" /><testcase classname="backend.tests.test_ranking_engine_phase9.TestRankingRun" name="test_rm_can_run_engine" time="0.106" /><testcase classname="backend.tests.test_ranking_engine_phase9.TestRankingRun" name="test_search_params_in_response" time="0.111" /><testcase classname="backend.tests.test_ranking_engine_phase9.TestRankingRun" name="test_travel_flexibility_strictly_nearby" time="0.113" /><testcase classname="backend.tests.test_ranking_engine_phase9.TestRankingRun" name="test_travel_flexibility_destination" time="0.105" /><testcase classname="backend.tests.test_ranking_engine_phase9.TestRankingShadow" name="test_shadow_requires_auth" time="0.098" /><testcase classname="backend.tests.test_ranking_engine_phase9.TestRankingShadow" name="test_admin_can_run_shadow" time="0.114" /><testcase classname="backend.tests.test_ranking_engine_phase9.TestRankingShadow" name="test_shadow_comparison_structure" time="0.097" /><testcase classname="backend.tests.test_ranking_engine_phase9.TestRankingShadow" name="test_venue_manager_can_run_shadow" time="0.111" /><testcase classname="backend.tests.test_ranking_engine_phase9.TestRankingExplain" name="test_explain_requires_auth" time="0.109" /><testcase classname="backend.tests.test_ranking_engine_phase9.TestRankingExplain" name="test_explain_not_found" time="0.098" /><testcase classname="backend.tests.test_ranking_engine_phase9.TestRankingExplain" name="test_admin_can_get_explain" time="0.099" /><testcase classname="backend.tests.test_ranking_engine_phase9.TestRankingEligible" name="test_eligible_requires_auth" time="0.111" /><testcase classname="backend.tests.test_ranking_engine_phase9.TestRankingEligible" name="test_admin_can_get_eligible" time="0.104" /><testcase classname="backend.tests.test_ranking_engine_phase9.TestRankingEligible" name="test_venue_manager_can_get_eligible" time="0.099" /><testcase classname="backend.tests.test_ranking_engine_phase9.TestRankingEligible" name="test_rm_can_get_eligible" time="0.107" /><testcase classname="backend.tests.test_ranking_engine_phase9.TestDistanceScoring" name="test_scoring_with_locality" time="0.103" /><testcase classname="backend.tests.test_ranking_engine_phase9.TestDistanceScoring" name="test_scoring_with_gurgaon" time="0.100" /><testcase classname="backend.tests.test_ranking_engine_phase9.TestRoleGating" name="test_customer_cannot_access_ranking" time="0.107"><skipped type="pytest.skip" message="Customer login not available">/app/backend/tests/test_ranking_engine_phase9.py:560: Customer login not available</skipped></testcase><testcase classname="backend.tests.test_ranking_engine_phase9.TestRoleGating" name="test_internal_roles_can_access" time="0.297" /><testcase classname="backend.tests.test_ranking_engine_phase9.TestRoleGating" name="test_only_admin_can_update_config" time="0.318" /></testsuite></testsuites>