<?xml version="1.0" encoding="utf-8"?><testsuites name="pytest tests"><testsuite name="pytest" errors="0" failures="0" skipped="0" tests="14" time="35.736" timestamp="2026-03-14T04:29:13.212143+00:00" hostname="agent-env-e0730eb7-40df-4751-bb6e-2fb26bfd553d"><testcase classname="test_resend_email_otp.TestEmailOTPSendResend" name="test_send_otp_success_real_email" time="0.350" /><testcase classname="test_resend_email_otp.TestEmailOTPSendResend" name="test_send_otp_rate_limiting" time="0.449" /><testcase classname="test_resend_email_otp.TestEmailOTPSendResend" name="test_send_otp_invalid_email_format" time="0.095" /><testcase classname="test_resend_email_otp.TestEmailOTPSendResend" name="test_send_otp_invalid_email_no_tld" time="0.120" /><testcase classname="test_resend_email_otp.TestEmailOTPSendResend" name="test_send_otp_empty_email" time="0.130" /><testcase classname="test_resend_email_otp.TestEmailOTPVerifyWithDB" name="test_verify_otp_correct_new_user" time="0.430" /><testcase classname="test_resend_email_otp.TestEmailOTPVerifyWithDB" name="test_verify_otp_correct_existing_user" time="31.941" /><testcase classname="test_resend_email_otp.TestEmailOTPVerifyWithDB" name="test_verify_otp_incorrect" time="0.365" /><testcase classname="test_resend_email_otp.TestEmailOTPVerifyWithDB" name="test_verify_otp_no_otp_record" time="0.114" /><testcase classname="test_resend_email_otp.TestEmailOTPVerifyWithDB" name="test_verify_otp_expired" time="0.371" /><testcase classname="test_resend_email_otp.TestEmailOTPTokenValidation" name="test_token_works_with_auth_me" time="0.501" /><testcase classname="test_resend_email_otp.TestSecurityNoAPIKeyExposure" name="test_api_key_not_in_otp_send_response" time="0.268" /><testcase classname="test_resend_email_otp.TestSecurityNoAPIKeyExposure" name="test_api_key_not_in_error_responses" time="0.106" /><testcase classname="test_resend_email_otp.TestAdminLogin" name="test_admin_email_password_login" time="0.344" /></testsuite></testsuites>