<?xml version="1.0" encoding="utf-8"?><testsuites name="pytest tests"><testsuite name="pytest" errors="0" failures="0" skipped="0" tests="18" time="2.988" timestamp="2026-02-28T17:39:51.035618+00:00" hostname="agent-env-4e0343e1-bc04-44dd-9a19-411c4de07827"><testcase classname="tests.test_rm_analytics.TestRMAnalyticsEndpoint" name="test_rm_analytics_default_period" time="0.550" /><testcase classname="tests.test_rm_analytics.TestRMAnalyticsEndpoint" name="test_rm_analytics_month_period" time="0.118" /><testcase classname="tests.test_rm_analytics.TestRMAnalyticsEndpoint" name="test_rm_analytics_week_period" time="0.119" /><testcase classname="tests.test_rm_analytics.TestRMAnalyticsEndpoint" name="test_rm_analytics_all_period" time="0.148" /><testcase classname="tests.test_rm_analytics.TestRMAnalyticsEndpoint" name="test_rm_analytics_quarter_period" time="0.113" /><testcase classname="tests.test_rm_analytics.TestRMAnalyticsEndpoint" name="test_rm_analytics_year_period" time="0.107" /><testcase classname="tests.test_rm_analytics.TestRMAnalyticsEndpoint" name="test_rm_analytics_rm_data_structure" time="0.112" /><testcase classname="tests.test_rm_analytics.TestRMAnalyticsEndpoint" name="test_rm_analytics_forbidden_for_rm_user" time="0.491" /><testcase classname="tests.test_rm_analytics.TestSLABreachesEndpoint" name="test_sla_breaches_basic" time="0.124" /><testcase classname="tests.test_rm_analytics.TestSLABreachesEndpoint" name="test_sla_breaches_summary_structure" time="0.119" /><testcase classname="tests.test_rm_analytics.TestSLABreachesEndpoint" name="test_sla_breaches_config_structure" time="0.107" /><testcase classname="tests.test_rm_analytics.TestSLABreachesEndpoint" name="test_sla_breaches_forbidden_for_rm_user" time="0.144" /><testcase classname="tests.test_rm_analytics.TestRMAnalyticsDataIntegrity" name="test_total_leads_matches_sum" time="0.119" /><testcase classname="tests.test_rm_analytics.TestRMAnalyticsDataIntegrity" name="test_total_gmv_matches_sum" time="0.106" /><testcase classname="tests.test_rm_analytics.TestRMAnalyticsDataIntegrity" name="test_total_confirmed_matches_sum" time="0.108" /><testcase classname="tests.test_rm_analytics.TestRMAnalyticsDataIntegrity" name="test_rms_sorted_by_gmv" time="0.109" /><testcase classname="tests.test_rm_analytics.TestRMAnalyticsNoAuth" name="test_rm_analytics_requires_auth" time="0.102" /><testcase classname="tests.test_rm_analytics.TestRMAnalyticsNoAuth" name="test_sla_breaches_requires_auth" time="0.102" /></testsuite></testsuites>