<?xml version="1.0" encoding="utf-8"?><testsuites name="pytest tests"><testsuite name="pytest" errors="0" failures="0" skipped="0" tests="13" time="3.140" timestamp="2026-03-01T08:27:44.300903+00:00" hostname="agent-env-088ca185-1c5f-43cb-9185-305a2569e8a6"><testcase classname="backend.tests.test_rm_concierge_flow.TestRMAvailable" name="test_rms_available_returns_list" time="0.217" /><testcase classname="backend.tests.test_rm_concierge_flow.TestRMAvailable" name="test_rms_available_returns_up_to_3" time="0.115" /><testcase classname="backend.tests.test_rm_concierge_flow.TestRMAvailable" name="test_rms_available_fields" time="0.106" /><testcase classname="backend.tests.test_rm_concierge_flow.TestRMAvailable" name="test_rms_available_no_sensitive_data" time="0.160" /><testcase classname="backend.tests.test_rm_concierge_flow.TestRMAvailable" name="test_rms_available_with_city_filter" time="0.141" /><testcase classname="backend.tests.test_rm_concierge_flow.TestRMAvailable" name="test_rms_available_limit_param" time="0.105" /><testcase classname="backend.tests.test_rm_concierge_flow.TestBookingRequestWithRM" name="test_booking_with_selected_rm_id" time="0.455" /><testcase classname="backend.tests.test_rm_concierge_flow.TestBookingRequestWithRM" name="test_booking_without_rm_id_auto_assigns" time="0.362" /><testcase classname="backend.tests.test_rm_concierge_flow.TestBookingRequestWithRM" name="test_booking_with_invalid_rm_id_falls_back" time="0.331" /><testcase classname="backend.tests.test_rm_concierge_flow.TestBookingRequestWithRM" name="test_booking_unverified_phone_rejected" time="0.100" /><testcase classname="backend.tests.test_rm_concierge_flow.TestBookingRequestWithRM" name="test_booking_appears_in_admin_leads" time="0.774" /><testcase classname="backend.tests.test_rm_concierge_flow.TestVenueSearchNavigation" name="test_venues_search_by_city" time="0.106" /><testcase classname="backend.tests.test_rm_concierge_flow.TestVenueSearchNavigation" name="test_venues_cities_endpoint" time="0.102" /></testsuite></testsuites>