<?xml version="1.0" encoding="utf-8"?><testsuites name="pytest tests"><testsuite name="pytest" errors="0" failures="0" skipped="0" tests="36" time="5.156" timestamp="2026-04-02T05:01:57.333013+00:00" hostname="agent-env-e0730eb7-40df-4751-bb6e-2fb26bfd553d"><testcase classname="backend.tests.test_rm_dashboard_phase6.TestRMAuth" name="test_01_rm_login_success" time="0.475" /><testcase classname="backend.tests.test_rm_dashboard_phase6.TestRMAuth" name="test_02_admin_login_success" time="0.341" /><testcase classname="backend.tests.test_rm_dashboard_phase6.TestActionSummary" name="test_03_action_summary_requires_auth" time="0.107" /><testcase classname="backend.tests.test_rm_dashboard_phase6.TestActionSummary" name="test_04_action_summary_returns_data" time="0.108" /><testcase classname="backend.tests.test_rm_dashboard_phase6.TestActionSummary" name="test_05_action_summary_overdue_has_customer_name" time="0.112" /><testcase classname="backend.tests.test_rm_dashboard_phase6.TestActionSummary" name="test_06_action_summary_blocked_has_blocker_info" time="0.102" /><testcase classname="backend.tests.test_rm_dashboard_phase6.TestMyLeads" name="test_07_my_leads_requires_auth" time="0.106" /><testcase classname="backend.tests.test_rm_dashboard_phase6.TestMyLeads" name="test_08_my_leads_returns_enriched_data" time="0.135" /><testcase classname="backend.tests.test_rm_dashboard_phase6.TestMyLeads" name="test_09_my_leads_shows_overdue_flag" time="0.107" /><testcase classname="backend.tests.test_rm_dashboard_phase6.TestLeadDetail" name="test_10_lead_detail_requires_auth" time="0.105" /><testcase classname="backend.tests.test_rm_dashboard_phase6.TestLeadDetail" name="test_11_lead_detail_returns_full_data" time="0.100" /><testcase classname="backend.tests.test_rm_dashboard_phase6.TestLeadDetail" name="test_12_lead_detail_404_for_invalid" time="0.102" /><testcase classname="backend.tests.test_rm_dashboard_phase6.TestRequestTime" name="test_13_request_time_requires_auth" time="0.117" /><testcase classname="backend.tests.test_rm_dashboard_phase6.TestRequestTime" name="test_14_request_time_requires_reason" time="0.104" /><testcase classname="backend.tests.test_rm_dashboard_phase6.TestRequestTime" name="test_15_request_time_success" time="0.118" /><testcase classname="backend.tests.test_rm_dashboard_phase6.TestRequestTime" name="test_16_request_time_logged_in_timeline" time="0.114" /><testcase classname="backend.tests.test_rm_dashboard_phase6.TestEscalate" name="test_17_escalate_requires_auth" time="0.118" /><testcase classname="backend.tests.test_rm_dashboard_phase6.TestEscalate" name="test_18_escalate_requires_reason" time="0.115" /><testcase classname="backend.tests.test_rm_dashboard_phase6.TestEscalate" name="test_19_escalate_success" time="0.105" /><testcase classname="backend.tests.test_rm_dashboard_phase6.TestEscalate" name="test_20_escalate_logged_in_timeline" time="0.132" /><testcase classname="backend.tests.test_rm_dashboard_phase6.TestResolveBlocker" name="test_21_resolve_blocker_requires_auth" time="0.104" /><testcase classname="backend.tests.test_rm_dashboard_phase6.TestResolveBlocker" name="test_22_resolve_blocker_success" time="0.110" /><testcase classname="backend.tests.test_rm_dashboard_phase6.TestResolveBlocker" name="test_23_resolve_blocker_logged_in_timeline" time="0.112" /><testcase classname="backend.tests.test_rm_dashboard_phase6.TestResolveBlocker" name="test_24_lead_detail_shows_resolved_blocker" time="0.099" /><testcase classname="backend.tests.test_rm_dashboard_phase6.TestMeetingOutcome" name="test_25_meeting_outcome_requires_auth" time="0.120" /><testcase classname="backend.tests.test_rm_dashboard_phase6.TestMeetingOutcome" name="test_26_meeting_outcome_requires_outcome_and_summary" time="0.233" /><testcase classname="backend.tests.test_rm_dashboard_phase6.TestMeetingOutcome" name="test_27_meeting_outcome_success" time="0.261" /><testcase classname="backend.tests.test_rm_dashboard_phase6.TestMeetingOutcome" name="test_28_meeting_outcome_creates_follow_up" time="0.107" /><testcase classname="backend.tests.test_rm_dashboard_phase6.TestMeetingOutcome" name="test_29_meeting_outcome_logged_in_timeline" time="0.113" /><testcase classname="backend.tests.test_rm_dashboard_phase6.TestAddNote" name="test_30_add_note_requires_auth" time="0.113" /><testcase classname="backend.tests.test_rm_dashboard_phase6.TestAddNote" name="test_31_add_note_success" time="0.172" /><testcase classname="backend.tests.test_rm_dashboard_phase6.TestAddNote" name="test_32_add_note_logged_in_timeline" time="0.092" /><testcase classname="backend.tests.test_rm_dashboard_phase6.TestStageAdvancement" name="test_33_stage_advance_requires_auth" time="0.103" /><testcase classname="backend.tests.test_rm_dashboard_phase6.TestStageAdvancement" name="test_34_stage_advance_with_note" time="0.210" /><testcase classname="backend.tests.test_rm_dashboard_phase6.TestAdminAccess" name="test_35_admin_can_access_action_summary" time="0.106" /><testcase classname="backend.tests.test_rm_dashboard_phase6.TestAdminAccess" name="test_36_admin_can_access_my_leads" time="0.162" /></testsuite></testsuites>