<?xml version="1.0" encoding="utf-8"?><testsuites name="pytest tests"><testsuite name="pytest" errors="0" failures="0" skipped="0" tests="19" time="5.697" timestamp="2026-03-20T03:08:15.066922+00:00" hostname="agent-env-e0730eb7-40df-4751-bb6e-2fb26bfd553d"><testcase classname="backend.tests.test_rm_onboarding.TestAdminLogin" name="test_admin_login" time="0.477" /><testcase classname="backend.tests.test_rm_onboarding.TestHRLogin" name="test_hr_login" time="0.276" /><testcase classname="backend.tests.test_rm_onboarding.TestRMOnboardingWorkflow" name="test_01_admin_creates_rm" time="0.555" /><testcase classname="backend.tests.test_rm_onboarding.TestRMOnboardingWorkflow" name="test_02_admin_create_rm_duplicate_fails" time="0.047" /><testcase classname="backend.tests.test_rm_onboarding.TestRMOnboardingWorkflow" name="test_03_new_rm_login_requires_password_change" time="0.269" /><testcase classname="backend.tests.test_rm_onboarding.TestRMOnboardingWorkflow" name="test_04_rm_changes_password" time="0.765" /><testcase classname="backend.tests.test_rm_onboarding.TestRMOnboardingWorkflow" name="test_05_rm_can_login_with_new_password" time="0.269" /><testcase classname="backend.tests.test_rm_onboarding.TestRMOnboardingWorkflow" name="test_06_rm_completes_profile" time="0.474" /><testcase classname="backend.tests.test_rm_onboarding.TestRMOnboardingWorkflow" name="test_07_rm_uploads_profile_photo" time="0.049" /><testcase classname="backend.tests.test_rm_onboarding.TestRMOnboardingWorkflow" name="test_08_rm_login_blocked_pending_verification" time="0.271" /><testcase classname="backend.tests.test_rm_onboarding.TestRMOnboardingWorkflow" name="test_09_hr_sees_pending_in_dashboard" time="0.321" /><testcase classname="backend.tests.test_rm_onboarding.TestRMOnboardingWorkflow" name="test_10_hr_sees_rm_in_pending_list" time="0.058" /><testcase classname="backend.tests.test_rm_onboarding.TestRMOnboardingWorkflow" name="test_11_hr_sees_staff_list" time="0.052" /><testcase classname="backend.tests.test_rm_onboarding.TestRMOnboardingWorkflow" name="test_12_hr_approves_rm" time="0.050" /><testcase classname="backend.tests.test_rm_onboarding.TestRMOnboardingWorkflow" name="test_13_rm_can_login_after_approval" time="0.281" /><testcase classname="backend.tests.test_rm_onboarding.TestRMRejectionFlow" name="test_01_create_rm_for_rejection" time="0.272" /><testcase classname="backend.tests.test_rm_onboarding.TestRMRejectionFlow" name="test_02_complete_rm_profile_for_rejection" time="0.807" /><testcase classname="backend.tests.test_rm_onboarding.TestRMRejectionFlow" name="test_03_hr_rejects_rm" time="0.049" /><testcase classname="backend.tests.test_rm_onboarding.TestRMRejectionFlow" name="test_04_rejected_rm_cannot_login" time="0.270" /></testsuite></testsuites>