<?xml version="1.0" encoding="utf-8"?><testsuites name="pytest tests"><testsuite name="pytest" errors="0" failures="0" skipped="0" tests="15" time="4.408" timestamp="2026-04-02T17:33:50.780051+00:00" hostname="agent-env-e0730eb7-40df-4751-bb6e-2fb26bfd553d"><testcase classname="backend.tests.test_rm_selection_flow.TestRMAvailabilityEndpoint" name="test_get_available_rms_returns_rms_array" time="0.331" /><testcase classname="backend.tests.test_rm_selection_flow.TestRMAvailabilityEndpoint" name="test_available_rms_have_availability_field" time="0.120" /><testcase classname="backend.tests.test_rm_selection_flow.TestRMAvailabilityEndpoint" name="test_available_rms_have_required_fields" time="0.172" /><testcase classname="backend.tests.test_rm_selection_flow.TestRMAvailabilityEndpoint" name="test_available_rms_filters_by_capacity" time="0.130" /><testcase classname="backend.tests.test_rm_selection_flow.TestRMAvailabilityEndpoint" name="test_available_rms_with_city_filter" time="0.165" /><testcase classname="backend.tests.test_rm_selection_flow.TestRMAvailabilityEndpoint" name="test_available_rms_limit_parameter" time="0.112" /><testcase classname="backend.tests.test_rm_selection_flow.TestRMValidateSelectionEndpoint" name="test_validate_selection_with_valid_rm" time="0.297" /><testcase classname="backend.tests.test_rm_selection_flow.TestRMValidateSelectionEndpoint" name="test_validate_selection_with_invalid_rm" time="0.140" /><testcase classname="backend.tests.test_rm_selection_flow.TestLeadCreationWithRMSelection" name="test_create_lead_with_selected_rm_stores_customer_selected_mode" time="0.768" /><testcase classname="backend.tests.test_rm_selection_flow.TestLeadCreationWithRMSelection" name="test_create_lead_without_selected_rm_stores_auto_assign_mode" time="0.372" /><testcase classname="backend.tests.test_rm_selection_flow.TestLeadCreationWithRMSelection" name="test_create_lead_stores_rm_candidates_shown" time="0.582" /><testcase classname="backend.tests.test_rm_selection_flow.TestBookingRequestWithRMSelection" name="test_booking_request_with_customer_selected_rm" time="0.438" /><testcase classname="backend.tests.test_rm_selection_flow.TestBookingRequestWithRMSelection" name="test_booking_request_auto_assign_fallback" time="0.297" /><testcase classname="backend.tests.test_rm_selection_flow.TestRMCapacityEdgeCases" name="test_validate_selection_returns_active_leads_count" time="0.284" /><testcase classname="backend.tests.test_rm_selection_flow.TestRMCapacityEdgeCases" name="test_available_rms_sorted_by_availability" time="0.119" /></testsuite></testsuites>