<?xml version="1.0" encoding="utf-8"?><testsuites name="pytest tests"><testsuite name="pytest" errors="0" failures="0" skipped="2" tests="18" time="2.093" timestamp="2026-02-28T17:52:27.590605+00:00" hostname="agent-env-4e0343e1-bc04-44dd-9a19-411c4de07827"><testcase classname="backend.tests.test_rm_self_service.TestRMMyPerformanceEndpoint" name="test_rm1_can_access_my_performance" time="0.410" /><testcase classname="backend.tests.test_rm_self_service.TestRMMyPerformanceEndpoint" name="test_rm1_funnel_data_structure" time="0.068" /><testcase classname="backend.tests.test_rm_self_service.TestRMMyPerformanceEndpoint" name="test_rm1_financials_structure" time="0.056" /><testcase classname="backend.tests.test_rm_self_service.TestRMMyPerformanceEndpoint" name="test_rm1_team_averages" time="0.066" /><testcase classname="backend.tests.test_rm_self_service.TestRMMyPerformanceEndpoint" name="test_rm1_time_metrics" time="0.058" /><testcase classname="backend.tests.test_rm_self_service.TestRMMyPerformanceEndpoint" name="test_rm3_gets_different_data" time="0.390" /><testcase classname="backend.tests.test_rm_self_service.TestRMMyPerformanceEndpoint" name="test_admin_can_access_my_performance" time="0.329" /><testcase classname="backend.tests.test_rm_self_service.TestRMMyPerformanceEndpoint" name="test_customer_rejected_from_my_performance" time="0.053"><skipped type="pytest.skip" message="Customer authentication failed - skipping customer rejection tests">/app/backend/tests/test_rm_self_service.py:212: Customer authentication failed - skipping customer rejection tests</skipped></testcase><testcase classname="backend.tests.test_rm_self_service.TestRMMyPerformanceEndpoint" name="test_unauthenticated_rejected" time="0.050" /><testcase classname="backend.tests.test_rm_self_service.TestRMMySLAAlertsEndpoint" name="test_rm1_can_access_sla_alerts" time="0.057" /><testcase classname="backend.tests.test_rm_self_service.TestRMMySLAAlertsEndpoint" name="test_rm1_sla_summary_structure" time="0.059" /><testcase classname="backend.tests.test_rm_self_service.TestRMMySLAAlertsEndpoint" name="test_aging_leads_structure" time="0.050" /><testcase classname="backend.tests.test_rm_self_service.TestRMMySLAAlertsEndpoint" name="test_rm3_gets_different_sla_alerts" time="0.127" /><testcase classname="backend.tests.test_rm_self_service.TestRMMySLAAlertsEndpoint" name="test_admin_can_access_sla_alerts" time="0.055" /><testcase classname="backend.tests.test_rm_self_service.TestRMMySLAAlertsEndpoint" name="test_customer_rejected_from_sla_alerts" time="0.000"><skipped type="pytest.skip" message="Customer authentication failed - skipping customer rejection tests">/app/backend/tests/test_rm_self_service.py:329: Customer authentication failed - skipping customer rejection tests</skipped></testcase><testcase classname="backend.tests.test_rm_self_service.TestRMMySLAAlertsEndpoint" name="test_unauthenticated_rejected" time="0.052" /><testcase classname="backend.tests.test_rm_self_service.TestRMDataIsolation" name="test_rm1_performance_is_rm_specific" time="0.056" /><testcase classname="backend.tests.test_rm_self_service.TestRMDataIsolation" name="test_sla_alerts_are_rm_specific" time="0.099" /></testsuite></testsuites>