<?xml version="1.0" encoding="utf-8"?><testsuites name="pytest tests"><testsuite name="pytest" errors="0" failures="0" skipped="0" tests="21" time="2.735" timestamp="2026-03-01T00:26:09.902601+00:00" hostname="agent-env-4e0343e1-bc04-44dd-9a19-411c4de07827"><testcase classname="backend.tests.test_seo_public_venues.TestCitiesEndpoint" name="test_cities_returns_200" time="0.177" /><testcase classname="backend.tests.test_seo_public_venues.TestCitiesEndpoint" name="test_cities_contains_expected_cities" time="0.112" /><testcase classname="backend.tests.test_seo_public_venues.TestCitiesEndpoint" name="test_cities_has_required_fields" time="0.108" /><testcase classname="backend.tests.test_seo_public_venues.TestCitiesEndpoint" name="test_delhi_venue_count" time="0.213" /><testcase classname="backend.tests.test_seo_public_venues.TestCityVenuesEndpoint" name="test_delhi_venues_returns_200" time="0.112" /><testcase classname="backend.tests.test_seo_public_venues.TestCityVenuesEndpoint" name="test_delhi_venues_response_structure" time="0.123" /><testcase classname="backend.tests.test_seo_public_venues.TestCityVenuesEndpoint" name="test_delhi_venues_count" time="0.119" /><testcase classname="backend.tests.test_seo_public_venues.TestCityVenuesEndpoint" name="test_delhi_venues_have_slug" time="0.107" /><testcase classname="backend.tests.test_seo_public_venues.TestCityVenuesEndpoint" name="test_gurgaon_venues_returns_200" time="0.118" /><testcase classname="backend.tests.test_seo_public_venues.TestCityVenuesEndpoint" name="test_noida_venues_returns_200" time="0.108" /><testcase classname="backend.tests.test_seo_public_venues.TestCityVenuesEndpoint" name="test_city_filter_event_type" time="0.111" /><testcase classname="backend.tests.test_seo_public_venues.TestCityVenuesEndpoint" name="test_city_sort_price_low" time="0.117" /><testcase classname="backend.tests.test_seo_public_venues.TestVenueBySlugEndpoint" name="test_venue_slug_returns_200" time="0.159" /><testcase classname="backend.tests.test_seo_public_venues.TestVenueBySlugEndpoint" name="test_venue_slug_response_structure" time="0.113" /><testcase classname="backend.tests.test_seo_public_venues.TestVenueBySlugEndpoint" name="test_venue_slug_includes_reviews" time="0.132" /><testcase classname="backend.tests.test_seo_public_venues.TestVenueBySlugEndpoint" name="test_venue_slug_includes_related_venues" time="0.111" /><testcase classname="backend.tests.test_seo_public_venues.TestVenueBySlugEndpoint" name="test_nonexistent_venue_returns_404" time="0.113" /><testcase classname="backend.tests.test_seo_public_venues.TestVenueBySlugEndpoint" name="test_wrong_city_slug_returns_404" time="0.126" /><testcase classname="backend.tests.test_seo_public_venues.TestBackwardCompatibility" name="test_venue_id_endpoint_returns_200" time="0.149" /><testcase classname="backend.tests.test_seo_public_venues.TestBackwardCompatibility" name="test_venue_id_endpoint_includes_reviews" time="0.112" /><testcase classname="backend.tests.test_seo_public_venues.TestBackwardCompatibility" name="test_nonexistent_venue_id_returns_404" time="0.107" /></testsuite></testsuites>