<?xml version="1.0" encoding="utf-8"?><testsuites name="pytest tests"><testsuite name="pytest" errors="0" failures="0" skipped="0" tests="23" time="4.855" timestamp="2026-04-02T10:20:55.030458+00:00" hostname="agent-env-e0730eb7-40df-4751-bb6e-2fb26bfd553d"><testcase classname="backend.tests.test_settlement_phase13.TestSettlementAuth" name="test_dashboard_requires_auth" time="0.169" /><testcase classname="backend.tests.test_settlement_phase13.TestSettlementLogin" name="test_rm_login" time="0.364" /><testcase classname="backend.tests.test_settlement_phase13.TestSettlementLogin" name="test_admin_login" time="0.321" /><testcase classname="backend.tests.test_settlement_phase13.TestSettlementDashboard" name="test_rm_dashboard_returns_items_and_summary" time="0.431" /><testcase classname="backend.tests.test_settlement_phase13.TestSettlementDashboard" name="test_admin_dashboard_returns_items" time="0.550" /><testcase classname="backend.tests.test_settlement_phase13.TestSettlementDashboard" name="test_dashboard_summary_has_expected_fields" time="0.098" /><testcase classname="backend.tests.test_settlement_phase13.TestSettlementHandoff" name="test_handoff_requires_auth" time="0.096" /><testcase classname="backend.tests.test_settlement_phase13.TestSettlementHandoff" name="test_handoff_404_for_invalid_lead" time="0.101" /><testcase classname="backend.tests.test_settlement_phase13.TestSettlementDetail" name="test_get_settlement_requires_auth" time="0.097" /><testcase classname="backend.tests.test_settlement_phase13.TestSettlementDetail" name="test_get_settlement_404_for_invalid_lead" time="0.108" /><testcase classname="backend.tests.test_settlement_phase13.TestSettlementStatus" name="test_status_update_requires_auth" time="0.109" /><testcase classname="backend.tests.test_settlement_phase13.TestSettlementStatus" name="test_status_update_validates_status" time="0.220" /><testcase classname="backend.tests.test_settlement_phase13.TestSettlementCollection" name="test_collection_update_requires_auth" time="0.093" /><testcase classname="backend.tests.test_settlement_phase13.TestSettlementCollection" name="test_collection_update_validates_status" time="0.207" /><testcase classname="backend.tests.test_settlement_phase13.TestSettlementPayables" name="test_payables_update_requires_auth" time="0.113" /><testcase classname="backend.tests.test_settlement_phase13.TestSettlementPayables" name="test_payables_update_validates_completeness" time="0.221" /><testcase classname="backend.tests.test_settlement_phase13.TestSettlementPayoutReadiness" name="test_payout_readiness_requires_auth" time="0.096" /><testcase classname="backend.tests.test_settlement_phase13.TestSettlementPayoutReadiness" name="test_payout_readiness_validates_posture" time="0.208" /><testcase classname="backend.tests.test_settlement_phase13.TestSettlementFinancialClosure" name="test_financial_closure_get_requires_auth" time="0.106" /><testcase classname="backend.tests.test_settlement_phase13.TestSettlementFinancialClosure" name="test_financial_closure_post_requires_auth" time="0.095" /><testcase classname="backend.tests.test_settlement_phase13.TestSettlementFinancialClosure" name="test_complete_requires_auth" time="0.106" /><testcase classname="backend.tests.test_settlement_phase13.TestSettlementNote" name="test_note_update_requires_auth" time="0.094" /><testcase classname="backend.tests.test_settlement_phase13.TestSettlementIntegration" name="test_full_settlement_workflow" time="0.762" /></testsuite></testsuites>