<?xml version="1.0" encoding="utf-8"?><testsuites name="pytest tests"><testsuite name="pytest" errors="0" failures="0" skipped="0" tests="9" time="3.319" timestamp="2026-03-14T11:09:01.317270+00:00" hostname="agent-env-e0730eb7-40df-4751-bb6e-2fb26bfd553d"><testcase classname="backend.tests.test_signin_signup_auth.TestSignUpFlow" name="test_signup_new_user" time="0.357" /><testcase classname="backend.tests.test_signin_signup_auth.TestSignUpFlow" name="test_signup_duplicate_email" time="0.443" /><testcase classname="backend.tests.test_signin_signup_auth.TestSignInFlow" name="test_signin_existing_user" time="0.653" /><testcase classname="backend.tests.test_signin_signup_auth.TestSignInFlow" name="test_signin_with_test_user" time="0.322" /><testcase classname="backend.tests.test_signin_signup_auth.TestSignInFlow" name="test_signin_invalid_credentials" time="0.323" /><testcase classname="backend.tests.test_signin_signup_auth.TestAdminRMLogin" name="test_admin_login_short_username" time="0.320" /><testcase classname="backend.tests.test_signin_signup_auth.TestAdminRMLogin" name="test_admin_login_full_email" time="0.320" /><testcase classname="backend.tests.test_signin_signup_auth.TestAuthMeEndpoint" name="test_get_me_with_token" time="0.428" /><testcase classname="backend.tests.test_signin_signup_auth.TestAuthMeEndpoint" name="test_get_me_no_token" time="0.102" /></testsuite></testsuites>