<?xml version="1.0" encoding="utf-8"?><testsuites name="pytest tests"><testsuite name="pytest" errors="0" failures="0" skipped="0" tests="7" time="2.989" timestamp="2026-03-13T19:58:26.978187+00:00" hostname="agent-env-e0730eb7-40df-4751-bb6e-2fb26bfd553d"><testcase classname="backend.tests.test_simplified_register.TestSimplifiedRegister" name="test_register_email_password_only" time="0.432" /><testcase classname="backend.tests.test_simplified_register.TestSimplifiedRegister" name="test_register_without_name_field" time="0.352" /><testcase classname="backend.tests.test_simplified_register.TestSimplifiedRegister" name="test_register_with_explicit_name" time="0.345" /><testcase classname="backend.tests.test_simplified_register.TestSimplifiedRegister" name="test_register_duplicate_email_error" time="0.559" /><testcase classname="backend.tests.test_simplified_register.TestLoginFlow" name="test_login_admin_user" time="0.353" /><testcase classname="backend.tests.test_simplified_register.TestLoginFlow" name="test_login_invalid_credentials" time="0.128" /><testcase classname="backend.tests.test_simplified_register.TestRegisteredUserLogin" name="test_register_then_login" time="0.754" /></testsuite></testsuites>