<?xml version="1.0" encoding="utf-8"?><testsuites name="pytest tests"><testsuite name="pytest" errors="0" failures="0" skipped="0" tests="14" time="2.802" timestamp="2026-03-01T00:42:24.132972+00:00" hostname="agent-env-4e0343e1-bc04-44dd-9a19-411c4de07827"><testcase classname="tests.test_sla_notifications.TestNotificationEndpoints" name="test_get_notifications_authenticated" time="0.484" /><testcase classname="tests.test_sla_notifications.TestNotificationEndpoints" name="test_get_notifications_unauthenticated" time="0.112" /><testcase classname="tests.test_sla_notifications.TestNotificationEndpoints" name="test_notifications_contain_sla_breaches" time="0.126" /><testcase classname="tests.test_sla_notifications.TestNotificationEndpoints" name="test_admin_gets_own_notifications" time="0.456" /><testcase classname="tests.test_sla_notifications.TestNotificationEndpoints" name="test_mark_notification_read" time="0.245" /><testcase classname="tests.test_sla_notifications.TestNotificationEndpoints" name="test_mark_read_unauthenticated" time="0.105" /><testcase classname="tests.test_sla_notifications.TestNotificationEndpoints" name="test_mark_all_read" time="0.245" /><testcase classname="tests.test_sla_notifications.TestNotificationEndpoints" name="test_mark_all_read_unauthenticated" time="0.118" /><testcase classname="tests.test_sla_notifications.TestSLATriggerEndpoint" name="test_trigger_sla_check_admin" time="0.141" /><testcase classname="tests.test_sla_notifications.TestSLATriggerEndpoint" name="test_trigger_sla_check_rm_forbidden" time="0.107" /><testcase classname="tests.test_sla_notifications.TestSLATriggerEndpoint" name="test_trigger_sla_check_unauthenticated" time="0.112" /><testcase classname="tests.test_sla_notifications.TestSLABreachesEndpoint" name="test_get_sla_breaches_admin" time="0.107" /><testcase classname="tests.test_sla_notifications.TestSLABreachesEndpoint" name="test_get_sla_breaches_rm_forbidden" time="0.111" /><testcase classname="tests.test_sla_notifications.TestNotificationDeduplication" name="test_dedup_prevents_duplicate_alerts" time="0.261" /></testsuite></testsuites>