<?xml version="1.0" encoding="utf-8"?><testsuites name="pytest tests"><testsuite name="pytest" errors="0" failures="1" skipped="0" tests="14" time="2.983" timestamp="2026-03-01T00:42:08.980719+00:00" hostname="agent-env-4e0343e1-bc04-44dd-9a19-411c4de07827"><testcase classname="tests.test_sla_notifications.TestNotificationEndpoints" name="test_get_notifications_authenticated" time="0.600" /><testcase classname="tests.test_sla_notifications.TestNotificationEndpoints" name="test_get_notifications_unauthenticated" time="0.115" /><testcase classname="tests.test_sla_notifications.TestNotificationEndpoints" name="test_notifications_contain_sla_breaches" time="0.108" /><testcase classname="tests.test_sla_notifications.TestNotificationEndpoints" name="test_admin_gets_own_notifications" time="0.461" /><testcase classname="tests.test_sla_notifications.TestNotificationEndpoints" name="test_mark_notification_read" time="0.232"><failure message="AssertionError: assert False == True&#10; +  where False = &lt;built-in method get of dict object at 0xfc55f9a8f7c0&gt;('success')&#10; +    where &lt;built-in method get of dict object at 0xfc55f9a8f7c0&gt; = {'success': False}.get&#10; +      where {'success': False} = json()&#10; +        where json = &lt;Response [200]&gt;.json">tests/test_sla_notifications.py:114: in test_mark_notification_read
    assert response.json().get("success") == True
E   AssertionError: assert False == True
E    +  where False = &lt;built-in method get of dict object at 0xfc55f9a8f7c0&gt;('success')
E    +    where &lt;built-in method get of dict object at 0xfc55f9a8f7c0&gt; = {'success': False}.get
E    +      where {'success': False} = json()
E    +        where json = &lt;Response [200]&gt;.json</failure></testcase><testcase classname="tests.test_sla_notifications.TestNotificationEndpoints" name="test_mark_read_unauthenticated" time="0.106" /><testcase classname="tests.test_sla_notifications.TestNotificationEndpoints" name="test_mark_all_read" time="0.237" /><testcase classname="tests.test_sla_notifications.TestNotificationEndpoints" name="test_mark_all_read_unauthenticated" time="0.140" /><testcase classname="tests.test_sla_notifications.TestSLATriggerEndpoint" name="test_trigger_sla_check_admin" time="0.117" /><testcase classname="tests.test_sla_notifications.TestSLATriggerEndpoint" name="test_trigger_sla_check_rm_forbidden" time="0.138" /><testcase classname="tests.test_sla_notifications.TestSLATriggerEndpoint" name="test_trigger_sla_check_unauthenticated" time="0.120" /><testcase classname="tests.test_sla_notifications.TestSLABreachesEndpoint" name="test_get_sla_breaches_admin" time="0.170" /><testcase classname="tests.test_sla_notifications.TestSLABreachesEndpoint" name="test_get_sla_breaches_rm_forbidden" time="0.116" /><testcase classname="tests.test_sla_notifications.TestNotificationDeduplication" name="test_dedup_prevents_duplicate_alerts" time="0.218" /></testsuite></testsuites>