<?xml version="1.0" encoding="utf-8"?><testsuites name="pytest tests"><testsuite name="pytest" errors="0" failures="0" skipped="0" tests="18" time="59.781" timestamp="2026-02-28T15:17:05.123969+00:00" hostname="agent-env-46e663f2-6787-4ddf-9357-3da52f9c750b"><testcase classname="backend.tests.test_stage_validation.TestStageValidation" name="test_site_visit_requires_requirement_summary" time="0.898" /><testcase classname="backend.tests.test_stage_validation.TestStageValidation" name="test_site_visit_requires_shortlisted_venue" time="1.094" /><testcase classname="backend.tests.test_stage_validation.TestStageValidation" name="test_site_visit_succeeds_with_requirements" time="1.364" /><testcase classname="backend.tests.test_stage_validation.TestStageValidation" name="test_negotiation_requires_venue_availability" time="1.348" /><testcase classname="backend.tests.test_stage_validation.TestStageValidation" name="test_negotiation_succeeds_with_availability_confirmed" time="1.599" /><testcase classname="backend.tests.test_stage_validation.TestStageValidation" name="test_negotiation_succeeds_with_active_hold" time="1.462" /><testcase classname="backend.tests.test_stage_validation.TestStageValidation" name="test_booking_confirmed_requires_deal_value" time="1.542" /><testcase classname="backend.tests.test_stage_validation.TestStageValidation" name="test_booking_confirmed_requires_commission" time="37.644" /><testcase classname="backend.tests.test_stage_validation.TestStageValidation" name="test_booking_confirmed_requires_payment_link" time="1.757" /><testcase classname="backend.tests.test_stage_validation.TestStageValidation" name="test_booking_confirmed_requires_venue_date_blocked" time="1.685" /><testcase classname="backend.tests.test_stage_validation.TestStageValidation" name="test_booking_confirmed_succeeds_with_all_requirements" time="1.971" /><testcase classname="backend.tests.test_stage_validation.TestStageValidation" name="test_backwards_transition_allowed" time="1.462" /><testcase classname="backend.tests.test_stage_validation.TestStageValidation" name="test_lost_stage_always_allowed" time="1.729" /><testcase classname="backend.tests.test_stage_validation.TestStageValidation" name="test_stage_requirements_endpoint" time="0.878" /><testcase classname="backend.tests.test_stage_validation.TestStageValidation" name="test_stage_transition_logged_in_audit" time="1.488" /><testcase classname="backend.tests.test_stage_validation.TestStageValidation" name="test_validation_error_shows_detailed_requirements" time="0.925" /><testcase classname="backend.tests.test_stage_validation.TestExistingLeadValidation" name="test_existing_lead_stage_requirements" time="0.430" /><testcase classname="backend.tests.test_stage_validation.TestExistingLeadValidation" name="test_existing_lead_current_state" time="0.449" /></testsuite></testsuites>