<?xml version="1.0" encoding="utf-8"?><testsuites name="pytest tests"><testsuite name="pytest" errors="0" failures="1" skipped="0" tests="18" time="23.618" timestamp="2026-02-28T15:16:18.595694+00:00" hostname="agent-env-46e663f2-6787-4ddf-9357-3da52f9c750b"><testcase classname="backend.tests.test_stage_validation.TestStageValidation" name="test_site_visit_requires_requirement_summary" time="0.999" /><testcase classname="backend.tests.test_stage_validation.TestStageValidation" name="test_site_visit_requires_shortlisted_venue" time="1.030" /><testcase classname="backend.tests.test_stage_validation.TestStageValidation" name="test_site_visit_succeeds_with_requirements" time="1.351" /><testcase classname="backend.tests.test_stage_validation.TestStageValidation" name="test_negotiation_requires_venue_availability" time="1.358" /><testcase classname="backend.tests.test_stage_validation.TestStageValidation" name="test_negotiation_succeeds_with_availability_confirmed" time="1.626" /><testcase classname="backend.tests.test_stage_validation.TestStageValidation" name="test_negotiation_succeeds_with_active_hold" time="1.334"><failure message="AssertionError: Failed to create hold: {&quot;detail&quot;:&quot;Date is already held by another client case&quot;}&#10;assert 400 == 200&#10; +  where 400 = &lt;Response [400]&gt;.status_code">backend/tests/test_stage_validation.py:215: in test_negotiation_succeeds_with_active_hold
    assert hold_response.status_code == 200, f"Failed to create hold: {hold_response.text}"
E   AssertionError: Failed to create hold: {"detail":"Date is already held by another client case"}
E   assert 400 == 200
E    +  where 400 = &lt;Response [400]&gt;.status_code</failure></testcase><testcase classname="backend.tests.test_stage_validation.TestStageValidation" name="test_booking_confirmed_requires_deal_value" time="1.521" /><testcase classname="backend.tests.test_stage_validation.TestStageValidation" name="test_booking_confirmed_requires_commission" time="1.785" /><testcase classname="backend.tests.test_stage_validation.TestStageValidation" name="test_booking_confirmed_requires_payment_link" time="1.723" /><testcase classname="backend.tests.test_stage_validation.TestStageValidation" name="test_booking_confirmed_requires_venue_date_blocked" time="1.629" /><testcase classname="backend.tests.test_stage_validation.TestStageValidation" name="test_booking_confirmed_succeeds_with_all_requirements" time="1.881" /><testcase classname="backend.tests.test_stage_validation.TestStageValidation" name="test_backwards_transition_allowed" time="1.445" /><testcase classname="backend.tests.test_stage_validation.TestStageValidation" name="test_lost_stage_always_allowed" time="1.710" /><testcase classname="backend.tests.test_stage_validation.TestStageValidation" name="test_stage_requirements_endpoint" time="0.915" /><testcase classname="backend.tests.test_stage_validation.TestStageValidation" name="test_stage_transition_logged_in_audit" time="1.333" /><testcase classname="backend.tests.test_stage_validation.TestStageValidation" name="test_validation_error_shows_detailed_requirements" time="0.983" /><testcase classname="backend.tests.test_stage_validation.TestExistingLeadValidation" name="test_existing_lead_stage_requirements" time="0.453" /><testcase classname="backend.tests.test_stage_validation.TestExistingLeadValidation" name="test_existing_lead_current_state" time="0.437" /></testsuite></testsuites>