<?xml version="1.0" encoding="utf-8"?><testsuites name="pytest tests"><testsuite name="pytest" errors="0" failures="2" skipped="2" tests="28" time="3.411" timestamp="2026-02-28T16:37:34.010275+00:00" hostname="agent-env-1add8c2f-f39a-4e6f-8c6c-026aff6160d9"><testcase classname="backend.tests.test_strangler_refactor_regression.TestAuthRoutesMigration" name="test_register_new_user" time="0.476" /><testcase classname="backend.tests.test_strangler_refactor_regression.TestAuthRoutesMigration" name="test_register_duplicate_email" time="0.063" /><testcase classname="backend.tests.test_strangler_refactor_regression.TestAuthRoutesMigration" name="test_login_rm_success" time="0.281" /><testcase classname="backend.tests.test_strangler_refactor_regression.TestAuthRoutesMigration" name="test_login_admin_success" time="0.308" /><testcase classname="backend.tests.test_strangler_refactor_regression.TestAuthRoutesMigration" name="test_login_venue_owner_success" time="0.051"><failure message="AssertionError: Venue Owner Login failed: 401 - {&quot;detail&quot;:&quot;Invalid credentials&quot;}&#10;assert 401 == 200&#10; +  where 401 = &lt;Response [401]&gt;.status_code">backend/tests/test_strangler_refactor_regression.py:131: in test_login_venue_owner_success
    assert response.status_code == 200, f"Venue Owner Login failed: {response.status_code} - {response.text}"
E   AssertionError: Venue Owner Login failed: 401 - {"detail":"Invalid credentials"}
E   assert 401 == 200
E    +  where 401 = &lt;Response [401]&gt;.status_code</failure></testcase><testcase classname="backend.tests.test_strangler_refactor_regression.TestAuthRoutesMigration" name="test_login_invalid_credentials" time="0.073" /><testcase classname="backend.tests.test_strangler_refactor_regression.TestAuthRoutesMigration" name="test_get_me_authenticated" time="0.363" /><testcase classname="backend.tests.test_strangler_refactor_regression.TestAuthRoutesMigration" name="test_get_me_unauthenticated" time="0.059" /><testcase classname="backend.tests.test_strangler_refactor_regression.TestAuthRoutesMigration" name="test_logout" time="0.048" /><testcase classname="backend.tests.test_strangler_refactor_regression.TestVenueRoutesMigration" name="test_search_venues_no_filters" time="0.055" /><testcase classname="backend.tests.test_strangler_refactor_regression.TestVenueRoutesMigration" name="test_search_venues_with_city_filter" time="0.052" /><testcase classname="backend.tests.test_strangler_refactor_regression.TestVenueRoutesMigration" name="test_search_venues_with_event_type_filter" time="0.057" /><testcase classname="backend.tests.test_strangler_refactor_regression.TestVenueRoutesMigration" name="test_search_venues_with_guest_count_filter" time="0.058" /><testcase classname="backend.tests.test_strangler_refactor_regression.TestVenueRoutesMigration" name="test_search_venues_with_pagination" time="0.059" /><testcase classname="backend.tests.test_strangler_refactor_regression.TestVenueRoutesMigration" name="test_get_venue_details" time="0.104" /><testcase classname="backend.tests.test_strangler_refactor_regression.TestVenueRoutesMigration" name="test_get_venue_not_found" time="0.072" /><testcase classname="backend.tests.test_strangler_refactor_regression.TestVenueRoutesMigration" name="test_create_venue_as_venue_owner" time="0.054"><skipped type="pytest.skip" message="Venue Owner authentication failed: 401 - {&quot;detail&quot;:&quot;Invalid credentials&quot;}">/app/backend/tests/test_strangler_refactor_regression.py:273: Venue Owner authentication failed: 401 - {"detail":"Invalid credentials"}</skipped></testcase><testcase classname="backend.tests.test_strangler_refactor_regression.TestVenueRoutesMigration" name="test_create_venue_unauthorized" time="0.056" /><testcase classname="backend.tests.test_strangler_refactor_regression.TestVenueRoutesMigration" name="test_update_venue_as_owner" time="0.000"><skipped type="pytest.skip" message="Venue Owner authentication failed: 401 - {&quot;detail&quot;:&quot;Invalid credentials&quot;}">/app/backend/tests/test_strangler_refactor_regression.py:340: Venue Owner authentication failed: 401 - {"detail":"Invalid credentials"}</skipped></testcase><testcase classname="backend.tests.test_strangler_refactor_regression.TestVenueAvailability" name="test_get_venue_availability" time="0.118" /><testcase classname="backend.tests.test_strangler_refactor_regression.TestVenueAvailability" name="test_get_venue_availability_with_month_filter" time="0.111" /><testcase classname="backend.tests.test_strangler_refactor_regression.TestLeadsRoutes" name="test_get_leads_as_rm" time="0.054" /><testcase classname="backend.tests.test_strangler_refactor_regression.TestLeadsRoutes" name="test_get_lead_details" time="0.062" /><testcase classname="backend.tests.test_strangler_refactor_regression.TestAdminRoutes" name="test_get_control_room_metrics" time="0.364" /><testcase classname="backend.tests.test_strangler_refactor_regression.TestAdminRoutes" name="test_control_room_unauthorized" time="0.062" /><testcase classname="backend.tests.test_strangler_refactor_regression.TestPaymentRoutes" name="test_get_payment_details" time="0.052" /><testcase classname="backend.tests.test_strangler_refactor_regression.TestComparisonSheet" name="test_generate_comparison_sheet_validation" time="0.069"><failure message="AssertionError: Expected 400 for &lt;3 venues, got 422&#10;assert 422 == 400&#10; +  where 422 = &lt;Response [422]&gt;.status_code">backend/tests/test_strangler_refactor_regression.py:549: in test_generate_comparison_sheet_validation
    assert response.status_code == 400, f"Expected 400 for &lt;3 venues, got {response.status_code}"
E   AssertionError: Expected 400 for &lt;3 venues, got 422
E   assert 422 == 400
E    +  where 422 = &lt;Response [422]&gt;.status_code</failure></testcase><testcase classname="backend.tests.test_strangler_refactor_regression.TestHealthCheck" name="test_api_health" time="0.071" /></testsuite></testsuites>