<?xml version="1.0" encoding="utf-8"?><testsuites name="pytest tests"><testsuite name="pytest" errors="0" failures="0" skipped="0" tests="28" time="3.848" timestamp="2026-02-28T16:38:21.692273+00:00" hostname="agent-env-1add8c2f-f39a-4e6f-8c6c-026aff6160d9"><testcase classname="backend.tests.test_strangler_refactor_regression.TestAuthRoutesMigration" name="test_register_new_user" time="0.422" /><testcase classname="backend.tests.test_strangler_refactor_regression.TestAuthRoutesMigration" name="test_register_duplicate_email" time="0.065" /><testcase classname="backend.tests.test_strangler_refactor_regression.TestAuthRoutesMigration" name="test_login_rm_success" time="0.277" /><testcase classname="backend.tests.test_strangler_refactor_regression.TestAuthRoutesMigration" name="test_login_admin_success" time="0.288" /><testcase classname="backend.tests.test_strangler_refactor_regression.TestAuthRoutesMigration" name="test_login_venue_owner_success" time="0.292" /><testcase classname="backend.tests.test_strangler_refactor_regression.TestAuthRoutesMigration" name="test_login_invalid_credentials" time="0.055" /><testcase classname="backend.tests.test_strangler_refactor_regression.TestAuthRoutesMigration" name="test_get_me_authenticated" time="0.343" /><testcase classname="backend.tests.test_strangler_refactor_regression.TestAuthRoutesMigration" name="test_get_me_unauthenticated" time="0.050" /><testcase classname="backend.tests.test_strangler_refactor_regression.TestAuthRoutesMigration" name="test_logout" time="0.058" /><testcase classname="backend.tests.test_strangler_refactor_regression.TestVenueRoutesMigration" name="test_search_venues_no_filters" time="0.058" /><testcase classname="backend.tests.test_strangler_refactor_regression.TestVenueRoutesMigration" name="test_search_venues_with_city_filter" time="0.056" /><testcase classname="backend.tests.test_strangler_refactor_regression.TestVenueRoutesMigration" name="test_search_venues_with_event_type_filter" time="0.056" /><testcase classname="backend.tests.test_strangler_refactor_regression.TestVenueRoutesMigration" name="test_search_venues_with_guest_count_filter" time="0.053" /><testcase classname="backend.tests.test_strangler_refactor_regression.TestVenueRoutesMigration" name="test_search_venues_with_pagination" time="0.055" /><testcase classname="backend.tests.test_strangler_refactor_regression.TestVenueRoutesMigration" name="test_get_venue_details" time="0.103" /><testcase classname="backend.tests.test_strangler_refactor_regression.TestVenueRoutesMigration" name="test_get_venue_not_found" time="0.065" /><testcase classname="backend.tests.test_strangler_refactor_regression.TestVenueRoutesMigration" name="test_create_venue_as_venue_owner" time="0.339" /><testcase classname="backend.tests.test_strangler_refactor_regression.TestVenueRoutesMigration" name="test_create_venue_unauthorized" time="0.060" /><testcase classname="backend.tests.test_strangler_refactor_regression.TestVenueRoutesMigration" name="test_update_venue_as_owner" time="0.108" /><testcase classname="backend.tests.test_strangler_refactor_regression.TestVenueAvailability" name="test_get_venue_availability" time="0.120" /><testcase classname="backend.tests.test_strangler_refactor_regression.TestVenueAvailability" name="test_get_venue_availability_with_month_filter" time="0.102" /><testcase classname="backend.tests.test_strangler_refactor_regression.TestLeadsRoutes" name="test_get_leads_as_rm" time="0.061" /><testcase classname="backend.tests.test_strangler_refactor_regression.TestLeadsRoutes" name="test_get_lead_details" time="0.067" /><testcase classname="backend.tests.test_strangler_refactor_regression.TestAdminRoutes" name="test_get_control_room_metrics" time="0.365" /><testcase classname="backend.tests.test_strangler_refactor_regression.TestAdminRoutes" name="test_control_room_unauthorized" time="0.051" /><testcase classname="backend.tests.test_strangler_refactor_regression.TestPaymentRoutes" name="test_get_payment_details" time="0.057" /><testcase classname="backend.tests.test_strangler_refactor_regression.TestComparisonSheet" name="test_generate_comparison_sheet_validation" time="0.062" /><testcase classname="backend.tests.test_strangler_refactor_regression.TestHealthCheck" name="test_api_health" time="0.060" /></testsuite></testsuites>