<?xml version="1.0" encoding="utf-8"?><testsuites name="pytest tests"><testsuite name="pytest" errors="0" failures="0" skipped="0" tests="12" time="3.492" timestamp="2026-04-01T23:57:32.903210+00:00" hostname="agent-env-e0730eb7-40df-4751-bb6e-2fb26bfd553d"><testcase classname="backend.tests.test_team_lead_review_phase2.TestTeamLeadReviewPhase2" name="test_01_team_lead_login" time="0.510" /><testcase classname="backend.tests.test_team_lead_review_phase2.TestTeamLeadReviewPhase2" name="test_02_specialist_login" time="0.374" /><testcase classname="backend.tests.test_team_lead_review_phase2.TestTeamLeadReviewPhase2" name="test_03_team_lead_can_access_acquisitions" time="0.110" /><testcase classname="backend.tests.test_team_lead_review_phase2.TestTeamLeadReviewPhase2" name="test_04_team_lead_can_filter_submitted_for_review" time="0.127" /><testcase classname="backend.tests.test_team_lead_review_phase2.TestTeamLeadReviewPhase2" name="test_05_team_lead_can_get_stats_summary" time="0.156" /><testcase classname="backend.tests.test_team_lead_review_phase2.TestTeamLeadReviewPhase2" name="test_06_send_back_requires_reason" time="0.364" /><testcase classname="backend.tests.test_team_lead_review_phase2.TestTeamLeadReviewPhase2" name="test_07_reject_requires_reason" time="0.108" /><testcase classname="backend.tests.test_team_lead_review_phase2.TestTeamLeadReviewPhase2" name="test_08_pass_to_data_team_works_without_reason" time="0.333" /><testcase classname="backend.tests.test_team_lead_review_phase2.TestTeamLeadReviewPhase2" name="test_09_team_lead_cannot_transition_from_draft" time="0.242" /><testcase classname="backend.tests.test_team_lead_review_phase2.TestTeamLeadReviewPhase2" name="test_10_status_history_logs_user_role_timestamp_reason" time="0.537" /><testcase classname="backend.tests.test_team_lead_review_phase2.TestTeamLeadReviewPhase2" name="test_11_team_lead_can_reject_with_reason" time="0.450" /><testcase classname="backend.tests.test_team_lead_review_phase2.TestTeamLeadReviewPhase2" name="test_12_completeness_posture_in_response" time="0.112" /></testsuite></testsuites>