<?xml version="1.0" encoding="utf-8"?><testsuites name="pytest tests"><testsuite name="pytest" errors="0" failures="0" skipped="0" tests="20" time="3.960" timestamp="2026-03-20T04:52:55.165898+00:00" hostname="agent-env-e0730eb7-40df-4751-bb6e-2fb26bfd553d"><testcase classname="backend.tests.test_team_announcements.TestAnnouncementsAPI" name="test_get_active_announcements_no_auth" time="0.806" /><testcase classname="backend.tests.test_team_announcements.TestAnnouncementsAPI" name="test_get_active_announcements_with_auth" time="0.099" /><testcase classname="backend.tests.test_team_announcements.TestAnnouncementsAPI" name="test_active_announcements_sorted_pinned_first" time="0.113" /><testcase classname="backend.tests.test_team_announcements.TestAnnouncementsAPI" name="test_get_all_announcements_admin_success" time="0.109" /><testcase classname="backend.tests.test_team_announcements.TestAnnouncementsAPI" name="test_get_all_announcements_hr_forbidden" time="0.101" /><testcase classname="backend.tests.test_team_announcements.TestAnnouncementsAPI" name="test_get_all_announcements_no_auth_forbidden" time="0.104" /><testcase classname="backend.tests.test_team_announcements.TestAnnouncementsAPI" name="test_create_announcement_admin_success" time="0.109" /><testcase classname="backend.tests.test_team_announcements.TestAnnouncementsAPI" name="test_create_announcement_hr_forbidden" time="0.101" /><testcase classname="backend.tests.test_team_announcements.TestAnnouncementsAPI" name="test_create_announcement_no_auth_forbidden" time="0.102" /><testcase classname="backend.tests.test_team_announcements.TestAnnouncementsAPI" name="test_create_announcement_missing_title" time="0.111" /><testcase classname="backend.tests.test_team_announcements.TestAnnouncementsAPI" name="test_create_announcement_all_types" time="0.871" /><testcase classname="backend.tests.test_team_announcements.TestAnnouncementsAPI" name="test_update_announcement_admin_success" time="0.099" /><testcase classname="backend.tests.test_team_announcements.TestAnnouncementsAPI" name="test_toggle_active_status" time="0.316" /><testcase classname="backend.tests.test_team_announcements.TestAnnouncementsAPI" name="test_update_announcement_hr_forbidden" time="0.105" /><testcase classname="backend.tests.test_team_announcements.TestAnnouncementsAPI" name="test_update_nonexistent_announcement" time="0.106" /><testcase classname="backend.tests.test_team_announcements.TestAnnouncementsAPI" name="test_delete_announcement_hr_forbidden" time="0.116" /><testcase classname="backend.tests.test_team_announcements.TestAnnouncementsAPI" name="test_delete_announcement_admin_success" time="0.207" /><testcase classname="backend.tests.test_team_announcements.TestAnnouncementsAPI" name="test_delete_nonexistent_announcement" time="0.100" /><testcase classname="backend.tests.test_team_announcements.TestAnnouncementsAPI" name="test_dashboard_returns_announcements" time="0.100" /><testcase classname="backend.tests.test_team_announcements.TestAnnouncementsAPI" name="test_seed_announcements_exist" time="0.112" /></testsuite></testsuites>