<?xml version="1.0" encoding="utf-8"?><testsuites name="pytest tests"><testsuite name="pytest" errors="0" failures="0" skipped="0" tests="13" time="4.574" timestamp="2026-03-20T04:42:28.208288+00:00" hostname="agent-env-e0730eb7-40df-4751-bb6e-2fb26bfd553d"><testcase classname="backend.tests.test_team_welcome_dashboard.TestTeamDashboardAPI" name="test_admin_dashboard_returns_200" time="2.520" /><testcase classname="backend.tests.test_team_welcome_dashboard.TestTeamDashboardAPI" name="test_admin_dashboard_has_required_fields" time="0.108" /><testcase classname="backend.tests.test_team_welcome_dashboard.TestTeamDashboardAPI" name="test_admin_dashboard_role_is_admin" time="0.128" /><testcase classname="backend.tests.test_team_welcome_dashboard.TestTeamDashboardAPI" name="test_admin_dashboard_has_four_quick_stats" time="0.107" /><testcase classname="backend.tests.test_team_welcome_dashboard.TestTeamDashboardAPI" name="test_admin_quick_stats_structure" time="0.101" /><testcase classname="backend.tests.test_team_welcome_dashboard.TestTeamDashboardAPI" name="test_admin_recent_activity_structure" time="0.113" /><testcase classname="backend.tests.test_team_welcome_dashboard.TestTeamDashboardAPI" name="test_hr_dashboard_returns_200" time="0.460" /><testcase classname="backend.tests.test_team_welcome_dashboard.TestTeamDashboardAPI" name="test_hr_dashboard_role_is_hr" time="0.103" /><testcase classname="backend.tests.test_team_welcome_dashboard.TestTeamDashboardAPI" name="test_hr_dashboard_has_three_quick_stats" time="0.100" /><testcase classname="backend.tests.test_team_welcome_dashboard.TestTeamDashboardAPI" name="test_rm_dashboard_returns_200" time="0.418" /><testcase classname="backend.tests.test_team_welcome_dashboard.TestTeamDashboardAPI" name="test_rm_dashboard_role_is_rm" time="0.100" /><testcase classname="backend.tests.test_team_welcome_dashboard.TestTeamDashboardAPI" name="test_rm_dashboard_has_three_quick_stats" time="0.113" /><testcase classname="backend.tests.test_team_welcome_dashboard.TestTeamDashboardAPI" name="test_dashboard_without_token_returns_data" time="0.137" /></testsuite></testsuites>