<?xml version="1.0" encoding="utf-8"?><testsuites name="pytest tests"><testsuite name="pytest" errors="0" failures="0" skipped="0" tests="11" time="1.675" timestamp="2026-03-03T10:32:13.065383+00:00" hostname="agent-env-5738f90d-2cef-4dd2-b5a7-3e359a48fb12"><testcase classname="backend.tests.test_top_performers.TestTopPerformersEndpoint" name="test_top_performers_returns_200" time="0.272" /><testcase classname="backend.tests.test_top_performers.TestTopPerformersEndpoint" name="test_top_performers_returns_array" time="0.176" /><testcase classname="backend.tests.test_top_performers.TestTopPerformersEndpoint" name="test_top_performers_returns_max_3" time="0.111" /><testcase classname="backend.tests.test_top_performers.TestTopPerformersEndpoint" name="test_top_performers_sorted_by_events_closed_descending" time="0.107" /><testcase classname="backend.tests.test_top_performers.TestTopPerformersEndpoint" name="test_top_performers_has_required_fields" time="0.115" /><testcase classname="backend.tests.test_top_performers.TestTopPerformersEndpoint" name="test_top_performers_events_closed_not_negative" time="0.112" /><testcase classname="backend.tests.test_top_performers.TestTopPerformersEndpoint" name="test_top_performers_languages_is_array" time="0.147" /><testcase classname="backend.tests.test_top_performers.TestTopPerformersEndpoint" name="test_top_performers_rating_valid_range" time="0.105" /><testcase classname="backend.tests.test_top_performers.TestTopPerformersEndpoint" name="test_top_performers_excludes_test_rms" time="0.106" /><testcase classname="backend.tests.test_top_performers.TestTopPerformersEndpoint" name="test_top_performers_expected_data_order" time="0.153" /><testcase classname="backend.tests.test_top_performers.TestTopPerformersEndpoint" name="test_top_performers_limit_parameter" time="0.209" /></testsuite></testsuites>