<?xml version="1.0" encoding="utf-8"?><testsuites name="pytest tests"><testsuite name="pytest" errors="0" failures="0" skipped="0" tests="11" time="1.639" timestamp="2026-03-14T04:15:43.581793+00:00" hostname="agent-env-e0730eb7-40df-4751-bb6e-2fb26bfd553d"><testcase classname="tests.test_venue_search_p0.TestVenueSearchP0" name="test_venues_api_returns_all_79_venues" time="0.230" /><testcase classname="tests.test_venue_search_p0.TestVenueSearchP0" name="test_venues_api_with_limit_200_returns_all" time="0.179" /><testcase classname="tests.test_venue_search_p0.TestVenueSearchP0" name="test_venues_api_default_limit_is_100" time="0.135" /><testcase classname="tests.test_venue_search_p0.TestVenueSearchP0" name="test_city_filter_delhi_reduces_count" time="0.148" /><testcase classname="tests.test_venue_search_p0.TestVenueSearchP0" name="test_city_filter_gurgaon_reduces_count" time="0.115" /><testcase classname="tests.test_venue_search_p0.TestVenueSearchP0" name="test_event_type_wedding_filter" time="0.122" /><testcase classname="tests.test_venue_search_p0.TestVenueSearchP0" name="test_venue_structure_has_required_fields" time="0.155" /><testcase classname="tests.test_venue_search_p0.TestVenueSearchP0" name="test_venues_api_is_real_not_mock" time="0.115" /><testcase classname="tests.test_venue_search_p0.TestVenueSearchP0" name="test_no_duplicate_venues_returned" time="0.128" /><testcase classname="tests.test_venue_search_p0.TestVenueCitiesAPI" name="test_cities_endpoint_returns_data" time="0.112" /><testcase classname="tests.test_venue_search_p0.TestVenueFeaturedAPI" name="test_featured_venues_returns_8" time="0.134" /></testsuite></testsuites>