<?xml version="1.0" encoding="utf-8"?><testsuites name="pytest tests"><testsuite name="pytest" errors="0" failures="0" skipped="0" tests="18" time="4.230" timestamp="2026-03-20T05:13:56.829850+00:00" hostname="agent-env-e0730eb7-40df-4751-bb6e-2fb26bfd553d"><testcase classname="backend.tests.test_venue_edit_requests.TestVenueEditRequestWorkflow" name="test_login_venue_owner" time="0.535" /><testcase classname="backend.tests.test_venue_edit_requests.TestVenueEditRequestWorkflow" name="test_login_vam" time="0.413" /><testcase classname="backend.tests.test_venue_edit_requests.TestVenueEditRequestWorkflow" name="test_owner_can_fetch_venues" time="0.079" /><testcase classname="backend.tests.test_venue_edit_requests.TestVenueEditRequestWorkflow" name="test_create_edit_request_success" time="0.065" /><testcase classname="backend.tests.test_venue_edit_requests.TestVenueEditRequestWorkflow" name="test_create_edit_request_no_changes_fails" time="0.134" /><testcase classname="backend.tests.test_venue_edit_requests.TestVenueEditRequestWorkflow" name="test_create_edit_request_missing_venue_id" time="0.060" /><testcase classname="backend.tests.test_venue_edit_requests.TestVenueEditRequestWorkflow" name="test_create_edit_request_missing_changes" time="0.071" /><testcase classname="backend.tests.test_venue_edit_requests.TestVenueEditRequestWorkflow" name="test_vam_cannot_create_edit_request" time="0.060" /><testcase classname="backend.tests.test_venue_edit_requests.TestVenueEditRequestWorkflow" name="test_unauthenticated_cannot_create_edit_request" time="0.136" /><testcase classname="backend.tests.test_venue_edit_requests.TestVenueEditRequestWorkflow" name="test_owner_get_my_edit_requests" time="0.071" /><testcase classname="backend.tests.test_venue_edit_requests.TestVenueEditRequestWorkflow" name="test_vam_get_pending_edit_requests" time="0.065" /><testcase classname="backend.tests.test_venue_edit_requests.TestVenueEditRequestWorkflow" name="test_vam_get_all_edit_requests" time="0.059" /><testcase classname="backend.tests.test_venue_edit_requests.TestVenueEditRequestWorkflow" name="test_owner_cannot_fetch_pending_edit_requests" time="0.064" /><testcase classname="backend.tests.test_venue_edit_requests.TestVenueEditRequestWorkflow" name="test_get_single_edit_request" time="0.114" /><testcase classname="backend.tests.test_venue_edit_requests.TestVAMReviewActions" name="test_vam_review_invalid_action" time="0.473" /><testcase classname="backend.tests.test_venue_edit_requests.TestVAMReviewActions" name="test_owner_cannot_review_edit_request" time="0.474" /><testcase classname="backend.tests.test_venue_edit_requests.TestVAMReviewActions" name="test_vam_reject_edit_request" time="0.193" /><testcase classname="backend.tests.test_venue_edit_requests.TestFullApprovalWorkflow" name="test_approval_applies_changes_to_venue" time="1.084" /></testsuite></testsuites>