<?xml version="1.0" encoding="utf-8"?><testsuites name="pytest tests"><testsuite name="pytest" errors="0" failures="0" skipped="0" tests="13" time="2.652" timestamp="2026-03-23T19:04:25.191211+00:00" hostname="agent-env-e0730eb7-40df-4751-bb6e-2fb26bfd553d"><testcase classname="backend.tests.test_venue_search_filters.TestVenueSearchFilters" name="test_get_all_venues" time="0.155" /><testcase classname="backend.tests.test_venue_search_filters.TestVenueSearchFilters" name="test_vibe_filter_royal" time="0.265" /><testcase classname="backend.tests.test_venue_search_filters.TestVenueSearchFilters" name="test_vibe_filter_modern" time="0.126" /><testcase classname="backend.tests.test_venue_search_filters.TestVenueSearchFilters" name="test_vibe_filter_garden" time="0.154" /><testcase classname="backend.tests.test_venue_search_filters.TestVenueSearchFilters" name="test_guest_count_filter_0_100" time="0.140" /><testcase classname="backend.tests.test_venue_search_filters.TestVenueSearchFilters" name="test_guest_count_filter_101_250" time="0.146" /><testcase classname="backend.tests.test_venue_search_filters.TestVenueSearchFilters" name="test_guest_count_filter_251_1000" time="0.640" /><testcase classname="backend.tests.test_venue_search_filters.TestVenueSearchFilters" name="test_venue_types_filter_hotel" time="0.135" /><testcase classname="backend.tests.test_venue_search_filters.TestVenueSearchFilters" name="test_sort_by_price_low" time="0.143" /><testcase classname="backend.tests.test_venue_search_filters.TestVenueSearchFilters" name="test_city_filter_delhi" time="0.127" /><testcase classname="backend.tests.test_venue_search_filters.TestVenueSearchFilters" name="test_combined_filters" time="0.133" /><testcase classname="backend.tests.test_venue_search_filters.TestVenueCities" name="test_get_cities" time="0.115" /><testcase classname="backend.tests.test_venue_search_filters.TestVenueFeatured" name="test_get_featured_venues" time="0.163" /></testsuite></testsuites>