<?xml version="1.0" encoding="utf-8"?><testsuites name="pytest tests"><testsuite name="pytest" errors="0" failures="0" skipped="0" tests="9" time="2.513" timestamp="2026-03-19T15:37:05.315056+00:00" hostname="agent-env-e0730eb7-40df-4751-bb6e-2fb26bfd553d"><testcase classname="backend.tests.test_vibe_filter.TestVibeFilterAPI" name="test_api_health" time="0.312" /><testcase classname="backend.tests.test_vibe_filter.TestVibeFilterAPI" name="test_vibe_filter_royal" time="0.190" /><testcase classname="backend.tests.test_vibe_filter.TestVibeFilterAPI" name="test_vibe_filter_poolside" time="0.148" /><testcase classname="backend.tests.test_vibe_filter.TestVibeFilterAPI" name="test_vibe_filter_intimate" time="0.145" /><testcase classname="backend.tests.test_vibe_filter.TestVibeFilterAPI" name="test_vibe_filter_grand_ballroom" time="0.182" /><testcase classname="backend.tests.test_vibe_filter.TestVibeFilterAPI" name="test_vibe_combined_with_city_delhi" time="0.112" /><testcase classname="backend.tests.test_vibe_filter.TestVibeFilterAPI" name="test_all_vibes_return_results" time="0.970" /><testcase classname="backend.tests.test_vibe_filter.TestVibeFilterAPI" name="test_no_vibe_filter_returns_all" time="0.265" /><testcase classname="backend.tests.test_vibe_filter.TestVibeFilterAPI" name="test_venues_have_vibes_field" time="0.119" /></testsuite></testsuites>