<?xml version="1.0" encoding="utf-8"?><testsuites name="pytest tests"><testsuite name="pytest" errors="0" failures="0" skipped="0" tests="12" time="5.682" timestamp="2026-03-29T08:31:03.017272+00:00" hostname="agent-env-e0730eb7-40df-4751-bb6e-2fb26bfd553d"><testcase classname="backend.tests.test_whatsapp_centralization_iteration132.TestAuthEndpoints" name="test_google_config_returns_disabled" time="2.704" /><testcase classname="backend.tests.test_whatsapp_centralization_iteration132.TestAuthEndpoints" name="test_apple_config_returns_disabled" time="0.137" /><testcase classname="backend.tests.test_whatsapp_centralization_iteration132.TestAuthEndpoints" name="test_email_otp_send_success" time="0.465" /><testcase classname="backend.tests.test_whatsapp_centralization_iteration132.TestAuthEndpoints" name="test_password_login_success" time="0.328" /><testcase classname="backend.tests.test_whatsapp_centralization_iteration132.TestAuthEndpoints" name="test_auth_me_with_valid_token" time="0.464" /><testcase classname="backend.tests.test_whatsapp_centralization_iteration132.TestAuthEndpoints" name="test_auth_me_with_invalid_token" time="0.140" /><testcase classname="backend.tests.test_whatsapp_centralization_iteration132.TestAuthEndpoints" name="test_logout_endpoint" time="0.420" /><testcase classname="backend.tests.test_whatsapp_centralization_iteration132.TestMyEnquiriesEndpoint" name="test_my_enquiries_returns_leads" time="0.428" /><testcase classname="backend.tests.test_whatsapp_centralization_iteration132.TestVenueEndpoints" name="test_venues_search_delhi" time="0.176" /><testcase classname="backend.tests.test_whatsapp_centralization_iteration132.TestVenueEndpoints" name="test_venues_featured" time="0.132" /><testcase classname="backend.tests.test_whatsapp_centralization_iteration132.TestVenueEndpoints" name="test_venues_cities" time="0.115" /><testcase classname="backend.tests.test_whatsapp_centralization_iteration132.TestHealthAndBasics" name="test_api_health" time="0.105" /></testsuite></testsuites>