<?xml version="1.0" encoding="utf-8"?><testsuites name="pytest tests"><testsuite name="pytest" errors="0" failures="0" skipped="0" tests="17" time="3.597" timestamp="2026-03-20T02:43:40.357468+00:00" hostname="agent-env-e0730eb7-40df-4751-bb6e-2fb26bfd553d"><testcase classname="backend.tests.test_workflow_api.TestRMAuthentication" name="test_rm_login_success" time="0.489" /><testcase classname="backend.tests.test_workflow_api.TestRMAuthentication" name="test_rm_login_invalid_credentials" time="0.372" /><testcase classname="backend.tests.test_workflow_api.TestWorkflowStages" name="test_get_stages_list" time="0.439" /><testcase classname="backend.tests.test_workflow_api.TestMyLeads" name="test_get_my_leads" time="0.107" /><testcase classname="backend.tests.test_workflow_api.TestMyLeads" name="test_my_leads_requires_auth" time="0.127" /><testcase classname="backend.tests.test_workflow_api.TestLeadDetail" name="test_get_lead_detail" time="0.172" /><testcase classname="backend.tests.test_workflow_api.TestLeadDetail" name="test_lead_detail_not_found" time="0.158" /><testcase classname="backend.tests.test_workflow_api.TestLeadMessages" name="test_send_message" time="0.179" /><testcase classname="backend.tests.test_workflow_api.TestLeadMessages" name="test_get_messages" time="0.158" /><testcase classname="backend.tests.test_workflow_api.TestLeadTimeline" name="test_get_timeline" time="0.151" /><testcase classname="backend.tests.test_workflow_api.TestLeadNotes" name="test_add_note" time="0.158" /><testcase classname="backend.tests.test_workflow_api.TestLeadNotes" name="test_note_appears_in_timeline" time="0.252" /><testcase classname="backend.tests.test_workflow_api.TestStageAdvancement" name="test_advance_stage_new_to_contacted" time="0.167" /><testcase classname="backend.tests.test_workflow_api.TestStageAdvancement" name="test_cannot_skip_stages" time="0.161" /><testcase classname="backend.tests.test_workflow_api.TestUnauthorizedAccess" name="test_my_leads_requires_auth" time="0.168" /><testcase classname="backend.tests.test_workflow_api.TestUnauthorizedAccess" name="test_lead_detail_requires_auth" time="0.119" /><testcase classname="backend.tests.test_workflow_api.TestUnauthorizedAccess" name="test_send_message_requires_auth" time="0.133" /></testsuite></testsuites>